[2023-08-23T14:35:35+0200.0703][INFO ][<ipython-input-1-aede5669396f>] - -------------------------------------------------------
[2023-08-23T14:35:35+0200.0719][INFO ][<ipython-input-1-aede5669396f>] - Gait name: TwoD_SS_64
[2023-08-23T14:35:35+0200.0720][INFO ][<ipython-input-1-aede5669396f>] - 2D SS walk - initial and final positions the same
[2023-08-23T14:35:35+0200.0721][INFO ][<ipython-input-1-aede5669396f>] - No contact order enforced, No body configuration enforced
[2023-08-23T14:35:35+0200.0724][INFO ][<ipython-input-1-aede5669396f>] - Slip and friction implemented as slack variables
[2023-08-23T14:35:35+0200.0726][INFO ][<ipython-input-1-aede5669396f>] - Cost func = return sum(((m.tau_h1[n]**2+m.tau_k1[n]**2+m.tau_h2[n]**2+m.tau_k2[n]**2+m.tau_h3[n]**2+m.tau_k3[n]**2+m.tau_h4[n]**2+m.tau_k4[n]**2)*m.h[n]) for n in range(1,N+1))/m.q0[N,'x']
[2023-08-23T14:35:35+0200.0727][INFO ][<ipython-input-1-aede5669396f>] - Final eps value = 0.0001
[2023-08-23T14:35:35+0200.0728][INFO ][<ipython-input-1-aede5669396f>] - m.vel = 0.05 m/s, m.distance = 0.05 m
[2023-08-23T14:35:35+0200.0730][INFO ][<ipython-input-1-aede5669396f>] - Nodes = 40, time variable 0.3-0.01
[2023-08-23T14:35:35+0200.0732][INFO ][<ipython-input-1-aede5669396f>] - >< leg configuration, minimum bend in legs
[2023-08-23T14:35:35+0200.0733][INFO ][<ipython-input-1-aede5669396f>] - -------------------------------------------------------
[2023-08-23T14:36:28+0200.0130][INFO ][<ipython-input-27-bbbc76687ed3>] - eps: 1000.0
[2023-08-23T14:37:43+0200.0196][INFO ][<ipython-input-27-bbbc76687ed3>] - eps: 100.0
[2023-08-23T14:38:13+0200.0692][INFO ][<ipython-input-27-bbbc76687ed3>] - eps: 10.0
[2023-08-23T14:38:55+0200.0520][INFO ][<ipython-input-27-bbbc76687ed3>] - eps: 1.0
[2023-08-23T14:39:21+0200.0512][INFO ][<ipython-input-27-bbbc76687ed3>] - eps: 0.1
[2023-08-23T14:40:00+0200.0312][INFO ][<ipython-input-27-bbbc76687ed3>] - eps: 0.01
[2023-08-23T14:48:00+0200.0305][INFO ][<ipython-input-27-bbbc76687ed3>] - eps: 0.001
[2023-08-23T14:59:29+0200.0201][INFO ][<ipython-input-27-bbbc76687ed3>] - eps: 0.0001
[2023-08-23T15:04:39+0200.0036][INFO ][<ipython-input-1-aede5669396f>] - -------------------------------------------------------
[2023-08-23T15:04:39+0200.0036][INFO ][<ipython-input-1-aede5669396f>] - Gait name: TwoD_SS_64
[2023-08-23T15:04:39+0200.0042][INFO ][<ipython-input-1-aede5669396f>] - 2D SS walk - initial and final positions the same
[2023-08-23T15:04:39+0200.0044][INFO ][<ipython-input-1-aede5669396f>] - No contact order enforced, No body configuration enforced
[2023-08-23T15:04:39+0200.0046][INFO ][<ipython-input-1-aede5669396f>] - Slip and friction implemented as slack variables
[2023-08-23T15:04:39+0200.0048][INFO ][<ipython-input-1-aede5669396f>] - Cost func = return sum(((m.tau_h1[n]**2+m.tau_k1[n]**2+m.tau_h2[n]**2+m.tau_k2[n]**2+m.tau_h3[n]**2+m.tau_k3[n]**2+m.tau_h4[n]**2+m.tau_k4[n]**2)*m.h[n]) for n in range(1,N+1))/m.q0[N,'x']
[2023-08-23T15:04:39+0200.0051][INFO ][<ipython-input-1-aede5669396f>] - Final eps value = 0.0001
[2023-08-23T15:04:39+0200.0052][INFO ][<ipython-input-1-aede5669396f>] - m.vel = 0.05 m/s, m.distance = 0.05 m
[2023-08-23T15:04:39+0200.0054][INFO ][<ipython-input-1-aede5669396f>] - Nodes = 40, time variable 0.3-0.01
[2023-08-23T15:04:39+0200.0055][INFO ][<ipython-input-1-aede5669396f>] - >< leg configuration, minimum bend in legs
[2023-08-23T15:04:39+0200.0057][INFO ][<ipython-input-1-aede5669396f>] - -------------------------------------------------------
[2023-08-23T15:06:12+0200.0954][INFO ][<ipython-input-27-bbbc76687ed3>] - eps: 1000.0
[2023-08-23T15:06:31+0200.0207][INFO ][<ipython-input-27-bbbc76687ed3>] - eps: 100.0
[2023-08-23T15:07:05+0200.0366][INFO ][<ipython-input-27-bbbc76687ed3>] - eps: 10.0
[2023-08-23T15:07:21+0200.0375][INFO ][<ipython-input-27-bbbc76687ed3>] - eps: 1.0
[2023-08-23T15:07:58+0200.0856][INFO ][<ipython-input-27-bbbc76687ed3>] - eps: 0.1
[2023-08-23T15:09:10+0200.0794][INFO ][<ipython-input-27-bbbc76687ed3>] - eps: 0.01
[2023-08-23T15:16:16+0200.0902][INFO ][<ipython-input-27-bbbc76687ed3>] - eps: 0.001
[2023-08-23T15:25:47+0200.0191][INFO ][<ipython-input-27-bbbc76687ed3>] - eps: 0.0001
[2023-08-23T15:34:15+0200.0980][INFO ][<ipython-input-31-598ac6f1f495>] - Trajectory Optimisation Completed
[2023-08-23T15:34:15+0200.0980][INFO ][<ipython-input-31-598ac6f1f495>] - Distance travelled: 0.17919138355260758 m
[2023-08-23T15:34:15+0200.0980][INFO ][<ipython-input-31-598ac6f1f495>] - Gait Duration: 2.3693614864767465 s
[2023-08-23T15:34:15+0200.0980][INFO ][<ipython-input-31-598ac6f1f495>] - velocity (dist/time): 0.05000000000000001
[2023-08-23T15:34:15+0200.0996][INFO ][<ipython-input-31-598ac6f1f495>] - Final velocity: 0.13008651570661325
[2023-08-23T15:34:15+0200.0996][INFO ][<ipython-input-31-598ac6f1f495>] - average x velocity: 0.061068821620508806
[2023-08-23T15:34:15+0200.0996][INFO ][<ipython-input-31-598ac6f1f495>] - minimum x velocity: 0.0007534359624101782
[2023-08-23T15:34:15+0200.0996][INFO ][<ipython-input-31-598ac6f1f495>] - maximum x velocity: 0.14144746548104495
[2023-08-23T15:34:15+0200.0996][INFO ][<ipython-input-31-598ac6f1f495>] - -------------------------------------------------------
[2023-08-23T16:15:33+0200.0869][INFO ][<ipython-input-1-1c15930dc1a1>] - -------------------------------------------------------
[2023-08-23T16:15:33+0200.0869][INFO ][<ipython-input-1-1c15930dc1a1>] - Gait name: TwoD_SS_65
[2023-08-23T16:15:33+0200.0869][INFO ][<ipython-input-1-1c15930dc1a1>] - 2D SS walk - initial and final positions the same
[2023-08-23T16:15:33+0200.0885][INFO ][<ipython-input-1-1c15930dc1a1>] - No contact order enforced, No body configuration enforced
[2023-08-23T16:15:33+0200.0888][INFO ][<ipython-input-1-1c15930dc1a1>] - Slip and friction implemented as slack variables
[2023-08-23T16:15:33+0200.0890][INFO ][<ipython-input-1-1c15930dc1a1>] - Cost func = return sum(((m.tau_h1[n]**2+m.tau_k1[n]**2+m.tau_h2[n]**2+m.tau_k2[n]**2+m.tau_h3[n]**2+m.tau_k3[n]**2+m.tau_h4[n]**2+m.tau_k4[n]**2)*m.h[n]) for n in range(1,N+1))/m.q0[N,'x']
[2023-08-23T16:15:33+0200.0892][INFO ][<ipython-input-1-1c15930dc1a1>] - Final eps value = 0.0001
[2023-08-23T16:15:33+0200.0894][INFO ][<ipython-input-1-1c15930dc1a1>] - m.vel = 0.05 m/s, m.distance = 0.05 m
[2023-08-23T16:15:33+0200.0897][INFO ][<ipython-input-1-1c15930dc1a1>] - Nodes = 40, time variable 0.3-0.01
[2023-08-23T16:15:33+0200.0899][INFO ][<ipython-input-1-1c15930dc1a1>] - >< leg configuration, minimum bend in legs
[2023-08-23T16:15:33+0200.0901][INFO ][<ipython-input-1-1c15930dc1a1>] - Added max body constraint = 0.95
[2023-08-23T16:15:33+0200.0903][INFO ][<ipython-input-1-1c15930dc1a1>] - -------------------------------------------------------
[2023-08-23T16:21:12+0200.0288][INFO ][<ipython-input-1-1c15930dc1a1>] - -------------------------------------------------------
[2023-08-23T16:21:12+0200.0288][INFO ][<ipython-input-1-1c15930dc1a1>] - Gait name: TwoD_SS_65
[2023-08-23T16:21:12+0200.0288][INFO ][<ipython-input-1-1c15930dc1a1>] - 2D SS walk - initial and final positions the same
[2023-08-23T16:21:12+0200.0288][INFO ][<ipython-input-1-1c15930dc1a1>] - No contact order enforced, No body configuration enforced
[2023-08-23T16:21:12+0200.0288][INFO ][<ipython-input-1-1c15930dc1a1>] - Slip and friction implemented as slack variables
[2023-08-23T16:21:12+0200.0288][INFO ][<ipython-input-1-1c15930dc1a1>] - Cost func = return sum(((m.tau_h1[n]**2+m.tau_k1[n]**2+m.tau_h2[n]**2+m.tau_k2[n]**2+m.tau_h3[n]**2+m.tau_k3[n]**2+m.tau_h4[n]**2+m.tau_k4[n]**2)*m.h[n]) for n in range(1,N+1))/m.q0[N,'x']
[2023-08-23T16:21:12+0200.0303][INFO ][<ipython-input-1-1c15930dc1a1>] - Final eps value = 0.0001
[2023-08-23T16:21:12+0200.0308][INFO ][<ipython-input-1-1c15930dc1a1>] - m.vel = 0.05 m/s, m.distance = 0.05 m
[2023-08-23T16:21:12+0200.0308][INFO ][<ipython-input-1-1c15930dc1a1>] - Nodes = 40, time variable 0.3-0.01
[2023-08-23T16:21:12+0200.0308][INFO ][<ipython-input-1-1c15930dc1a1>] - >< leg configuration, minimum bend in legs
[2023-08-23T16:21:12+0200.0308][INFO ][<ipython-input-1-1c15930dc1a1>] - Added max body constraint = 0.95
[2023-08-23T16:21:12+0200.0308][INFO ][<ipython-input-1-1c15930dc1a1>] - -------------------------------------------------------
[2023-08-23T16:23:55+0200.0545][INFO ][<ipython-input-27-bbbc76687ed3>] - eps: 1000.0
[2023-08-23T16:24:40+0200.0384][INFO ][<ipython-input-27-bbbc76687ed3>] - eps: 100.0
[2023-08-23T16:27:01+0200.0125][INFO ][<ipython-input-27-bbbc76687ed3>] - eps: 10.0
[2023-08-23T16:29:33+0200.0881][INFO ][<ipython-input-27-bbbc76687ed3>] - eps: 1.0
[2023-08-23T16:35:00+0200.0383][INFO ][<ipython-input-27-bbbc76687ed3>] - eps: 0.1
[2023-08-23T16:40:42+0200.0156][INFO ][<ipython-input-27-bbbc76687ed3>] - eps: 0.01
[2023-08-23T16:43:25+0200.0921][INFO ][<ipython-input-27-bbbc76687ed3>] - eps: 0.001
[2023-08-23T16:45:34+0200.0651][INFO ][<ipython-input-27-bbbc76687ed3>] - eps: 0.0001
[2023-08-23T16:47:15+0200.0863][INFO ][<ipython-input-31-598ac6f1f495>] - Trajectory Optimisation Completed
[2023-08-23T16:47:15+0200.0863][INFO ][<ipython-input-31-598ac6f1f495>] - Distance travelled: 1.06511838580336 m
[2023-08-23T16:47:15+0200.0863][INFO ][<ipython-input-31-598ac6f1f495>] - Gait Duration: 9.513827382195235 s
[2023-08-23T16:47:15+0200.0863][INFO ][<ipython-input-31-598ac6f1f495>] - velocity (dist/time): 0.05
[2023-08-23T16:47:15+0200.0863][INFO ][<ipython-input-31-598ac6f1f495>] - Final velocity: -0.17894707036307267
[2023-08-23T16:47:15+0200.0879][INFO ][<ipython-input-31-598ac6f1f495>] - average x velocity: 0.07095747749955036
[2023-08-23T16:47:15+0200.0879][INFO ][<ipython-input-31-598ac6f1f495>] - minimum x velocity: -0.17894707036307267
[2023-08-23T16:47:15+0200.0879][INFO ][<ipython-input-31-598ac6f1f495>] - maximum x velocity: 0.689080678483965
[2023-08-23T16:47:15+0200.0879][INFO ][<ipython-input-31-598ac6f1f495>] - -------------------------------------------------------
[2023-08-23T16:51:58+0200.0764][INFO ][<ipython-input-1-21743df24c23>] - -------------------------------------------------------
[2023-08-23T16:51:58+0200.0764][INFO ][<ipython-input-1-21743df24c23>] - Gait name: TwoD_SS_65
[2023-08-23T16:51:58+0200.0764][INFO ][<ipython-input-1-21743df24c23>] - 2D SS walk - initial and final positions the same
[2023-08-23T16:51:58+0200.0764][INFO ][<ipython-input-1-21743df24c23>] - No contact order enforced, No body configuration enforced
[2023-08-23T16:51:58+0200.0764][INFO ][<ipython-input-1-21743df24c23>] - Slip and friction implemented as slack variables
[2023-08-23T16:51:58+0200.0780][INFO ][<ipython-input-1-21743df24c23>] - Cost func = return sum(((m.tau_h1[n]**2+m.tau_k1[n]**2+m.tau_h2[n]**2+m.tau_k2[n]**2+m.tau_h3[n]**2+m.tau_k3[n]**2+m.tau_h4[n]**2+m.tau_k4[n]**2)*m.h[n]) for n in range(1,N+1))/m.q0[N,'x']
[2023-08-23T16:51:58+0200.0780][INFO ][<ipython-input-1-21743df24c23>] - Final eps value = 0.0001
[2023-08-23T16:51:58+0200.0780][INFO ][<ipython-input-1-21743df24c23>] - m.vel = 0.1 m/s, m.distance = 0.05 m
[2023-08-23T16:51:58+0200.0780][INFO ][<ipython-input-1-21743df24c23>] - Nodes = 40, time variable 0.3-0.01
[2023-08-23T16:51:58+0200.0780][INFO ][<ipython-input-1-21743df24c23>] - >< leg configuration, minimum bend in legs
[2023-08-23T16:51:58+0200.0780][INFO ][<ipython-input-1-21743df24c23>] - Added max body constraint = 0.95
[2023-08-23T16:51:58+0200.0780][INFO ][<ipython-input-1-21743df24c23>] - -------------------------------------------------------
[2023-08-23T16:53:34+0200.0404][INFO ][<ipython-input-27-bbbc76687ed3>] - eps: 1000.0
[2023-08-23T16:56:12+0200.0605][INFO ][<ipython-input-27-bbbc76687ed3>] - eps: 100.0
[2023-08-23T16:57:49+0200.0873][INFO ][<ipython-input-27-bbbc76687ed3>] - eps: 10.0
[2023-08-23T16:58:38+0200.0375][INFO ][<ipython-input-27-bbbc76687ed3>] - eps: 1.0
[2023-08-23T16:59:53+0200.0248][INFO ][<ipython-input-27-bbbc76687ed3>] - eps: 0.1
[2023-08-23T17:02:30+0200.0688][INFO ][<ipython-input-27-bbbc76687ed3>] - eps: 0.01
[2023-08-23T17:06:07+0200.0815][INFO ][<ipython-input-27-bbbc76687ed3>] - eps: 0.001
[2023-08-23T17:10:03+0200.0992][INFO ][<ipython-input-27-bbbc76687ed3>] - eps: 0.0001
[2023-08-23T17:14:16+0200.0694][INFO ][<ipython-input-31-598ac6f1f495>] - Trajectory Optimisation Completed
[2023-08-23T17:14:16+0200.0694][INFO ][<ipython-input-31-598ac6f1f495>] - Distance travelled: 0.46340990712872104 m
[2023-08-23T17:14:16+0200.0694][INFO ][<ipython-input-31-598ac6f1f495>] - Gait Duration: 2.3413843637034657 s
[2023-08-23T17:14:16+0200.0694][INFO ][<ipython-input-31-598ac6f1f495>] - velocity (dist/time): 0.09999999999999999
[2023-08-23T17:14:16+0200.0710][INFO ][<ipython-input-31-598ac6f1f495>] - Final velocity: 0.1618854102543831
[2023-08-23T17:14:16+0200.0710][INFO ][<ipython-input-31-598ac6f1f495>] - average x velocity: 0.15535010766064983
[2023-08-23T17:14:16+0200.0710][INFO ][<ipython-input-31-598ac6f1f495>] - minimum x velocity: 0.02356709309593451
[2023-08-23T17:14:16+0200.0710][INFO ][<ipython-input-31-598ac6f1f495>] - maximum x velocity: 0.4373694201167931
[2023-08-23T17:14:16+0200.0710][INFO ][<ipython-input-31-598ac6f1f495>] - -------------------------------------------------------
[2023-08-23T21:25:40+0200.0012][INFO ][<ipython-input-1-30528a67c718>] - -------------------------------------------------------
[2023-08-23T21:25:40+0200.0012][INFO ][<ipython-input-1-30528a67c718>] - Gait name: TwoD_SS_66
[2023-08-23T21:25:40+0200.0012][INFO ][<ipython-input-1-30528a67c718>] - 2D SS walk - initial and final positions the same
[2023-08-23T21:25:40+0200.0026][INFO ][<ipython-input-1-30528a67c718>] - No contact order enforced, No body configuration enforced
[2023-08-23T21:25:40+0200.0028][INFO ][<ipython-input-1-30528a67c718>] - Slip and friction implemented as slack variables
[2023-08-23T21:25:40+0200.0030][INFO ][<ipython-input-1-30528a67c718>] - Cost func = return sum(((m.tau_h1[n]**2+m.tau_k1[n]**2+m.tau_h2[n]**2+m.tau_k2[n]**2+m.tau_h3[n]**2+m.tau_k3[n]**2+m.tau_h4[n]**2+m.tau_k4[n]**2)*m.h[n]) for n in range(1,N+1))/m.q0[N,'x']
[2023-08-23T21:25:40+0200.0032][INFO ][<ipython-input-1-30528a67c718>] - Final eps value = 0.0001
[2023-08-23T21:25:40+0200.0034][INFO ][<ipython-input-1-30528a67c718>] -  m.distance = 0.05 m
[2023-08-23T21:25:40+0200.0035][INFO ][<ipython-input-1-30528a67c718>] - Nodes = 40, time variable 0.3-0.01
[2023-08-23T21:25:40+0200.0037][INFO ][<ipython-input-1-30528a67c718>] - >< leg configuration, minimum bend in legs
[2023-08-23T21:25:40+0200.0039][INFO ][<ipython-input-1-30528a67c718>] - Added max body constraint = 0.95
[2023-08-23T21:25:40+0200.0041][INFO ][<ipython-input-1-30528a67c718>] - -------------------------------------------------------
[2023-08-23T21:27:50+0200.0903][INFO ][<ipython-input-27-bbbc76687ed3>] - eps: 1000.0
[2023-08-23T21:29:21+0200.0027][INFO ][<ipython-input-27-bbbc76687ed3>] - eps: 100.0
[2023-08-23T21:33:32+0200.0532][INFO ][<ipython-input-27-bbbc76687ed3>] - eps: 10.0
[2023-08-23T21:41:25+0200.0150][INFO ][<ipython-input-27-bbbc76687ed3>] - eps: 1.0
[2023-08-23T21:45:09+0200.0245][INFO ][<ipython-input-27-bbbc76687ed3>] - eps: 0.1
[2023-08-23T21:51:53+0200.0229][INFO ][<ipython-input-27-bbbc76687ed3>] - eps: 0.01
[2023-08-23T21:58:48+0200.0623][INFO ][<ipython-input-27-bbbc76687ed3>] - eps: 0.001
[2023-08-23T22:02:12+0200.0934][INFO ][<ipython-input-27-bbbc76687ed3>] - eps: 0.0001
[2023-08-23T22:05:17+0200.0490][INFO ][<ipython-input-31-598ac6f1f495>] - Trajectory Optimisation Completed
[2023-08-23T22:05:17+0200.0490][INFO ][<ipython-input-31-598ac6f1f495>] - Distance travelled: 1.0381257566797664 m
[2023-08-23T22:05:17+0200.0490][INFO ][<ipython-input-31-598ac6f1f495>] - Gait Duration: 3.606530948701677 s
[2023-08-23T22:05:17+0200.0490][INFO ][<ipython-input-31-598ac6f1f495>] - velocity (dist/time): 0.26566623767372016
[2023-08-23T22:05:17+0200.0490][INFO ][<ipython-input-31-598ac6f1f495>] - Final velocity: 0.15684282374094413
[2023-08-23T22:05:17+0200.0506][INFO ][<ipython-input-31-598ac6f1f495>] - average x velocity: 0.2989457847577183
[2023-08-23T22:05:17+0200.0506][INFO ][<ipython-input-31-598ac6f1f495>] - minimum x velocity: -0.0020942771932756952
[2023-08-23T22:05:17+0200.0506][INFO ][<ipython-input-31-598ac6f1f495>] - maximum x velocity: 0.8214124403529456
[2023-08-23T22:05:17+0200.0515][INFO ][<ipython-input-31-598ac6f1f495>] - -------------------------------------------------------
[2023-08-23T22:09:30+0200.0918][INFO ][<ipython-input-1-8276f762ed5b>] - -------------------------------------------------------
[2023-08-23T22:09:30+0200.0924][INFO ][<ipython-input-1-8276f762ed5b>] - Gait name: TwoD_SS_67
[2023-08-23T22:09:30+0200.0926][INFO ][<ipython-input-1-8276f762ed5b>] - 2D SS walk - initial and final positions the same
[2023-08-23T22:09:30+0200.0928][INFO ][<ipython-input-1-8276f762ed5b>] - No contact order enforced, No body configuration enforced
[2023-08-23T22:09:30+0200.0931][INFO ][<ipython-input-1-8276f762ed5b>] - Slip and friction implemented as slack variables
[2023-08-23T22:09:30+0200.0934][INFO ][<ipython-input-1-8276f762ed5b>] - Cost func = return sum(((m.tau_h1[n]**2+m.tau_k1[n]**2+m.tau_h2[n]**2+m.tau_k2[n]**2+m.tau_h3[n]**2+m.tau_k3[n]**2+m.tau_h4[n]**2+m.tau_k4[n]**2)*m.h[n]) for n in range(1,N+1))/m.q0[N,'x']
[2023-08-23T22:09:30+0200.0935][INFO ][<ipython-input-1-8276f762ed5b>] - Final eps value = 0.0001
[2023-08-23T22:09:30+0200.0935][INFO ][<ipython-input-1-8276f762ed5b>] -  m.distance = 0.05 m
[2023-08-23T22:09:30+0200.0935][INFO ][<ipython-input-1-8276f762ed5b>] - Nodes = 40, time variable 0.3-0.01
[2023-08-23T22:09:30+0200.0935][INFO ][<ipython-input-1-8276f762ed5b>] - no leg configuration
[2023-08-23T22:09:30+0200.0935][INFO ][<ipython-input-1-8276f762ed5b>] - Added max body constraint = 0.95
[2023-08-23T22:09:30+0200.0935][INFO ][<ipython-input-1-8276f762ed5b>] - -------------------------------------------------------
[2023-08-23T22:10:30+0200.0134][INFO ][<ipython-input-27-bbbc76687ed3>] - eps: 1000.0
[2023-08-23T22:12:21+0200.0788][INFO ][<ipython-input-27-bbbc76687ed3>] - eps: 100.0
[2023-08-23T22:13:48+0200.0743][INFO ][<ipython-input-27-bbbc76687ed3>] - eps: 10.0
[2023-08-23T22:15:04+0200.0660][INFO ][<ipython-input-27-bbbc76687ed3>] - eps: 1.0
[2023-08-23T22:15:30+0200.0234][INFO ][<ipython-input-27-bbbc76687ed3>] - eps: 0.1
[2023-08-23T22:17:51+0200.0701][INFO ][<ipython-input-27-bbbc76687ed3>] - eps: 0.01
[2023-08-23T22:21:55+0200.0726][INFO ][<ipython-input-27-bbbc76687ed3>] - eps: 0.001
[2023-08-23T22:34:37+0200.0926][INFO ][<ipython-input-27-bbbc76687ed3>] - eps: 0.0001
[2023-08-23T22:56:25+0200.0840][INFO ][<ipython-input-31-598ac6f1f495>] - Trajectory Optimisation Completed
[2023-08-23T22:56:25+0200.0840][INFO ][<ipython-input-31-598ac6f1f495>] - Distance travelled: 0.0879595287516186 m
[2023-08-23T22:56:25+0200.0840][INFO ][<ipython-input-31-598ac6f1f495>] - Gait Duration: 4.834213593485438 s
[2023-08-23T22:56:25+0200.0856][INFO ][<ipython-input-31-598ac6f1f495>] - velocity (dist/time): 0.06828113886273089
[2023-08-23T22:56:25+0200.0856][INFO ][<ipython-input-31-598ac6f1f495>] - Final velocity: -0.012238013392636304
[2023-08-23T22:56:25+0200.0856][INFO ][<ipython-input-31-598ac6f1f495>] - average x velocity: 0.08381659310707334
[2023-08-23T22:56:25+0200.0856][INFO ][<ipython-input-31-598ac6f1f495>] - minimum x velocity: -0.08541949487007267
[2023-08-23T22:56:25+0200.0856][INFO ][<ipython-input-31-598ac6f1f495>] - maximum x velocity: 0.8675843409007971
[2023-08-23T22:56:25+0200.0856][INFO ][<ipython-input-31-598ac6f1f495>] - -------------------------------------------------------
[2023-08-23T23:00:51+0200.0309][INFO ][<ipython-input-1-9973a2505d8a>] - -------------------------------------------------------
[2023-08-23T23:00:51+0200.0309][INFO ][<ipython-input-1-9973a2505d8a>] - Gait name: TwoD_SS_68
[2023-08-23T23:00:51+0200.0309][INFO ][<ipython-input-1-9973a2505d8a>] - 2D SS walk - initial and final positions the same
[2023-08-23T23:00:51+0200.0324][INFO ][<ipython-input-1-9973a2505d8a>] - No contact order enforced, No body configuration enforced
[2023-08-23T23:00:51+0200.0324][INFO ][<ipython-input-1-9973a2505d8a>] - Slip and friction implemented as slack variables
[2023-08-23T23:00:51+0200.0324][INFO ][<ipython-input-1-9973a2505d8a>] - Cost func = return sum(((m.tau_h1[n]**2+m.tau_k1[n]**2+m.tau_h2[n]**2+m.tau_k2[n]**2+m.tau_h3[n]**2+m.tau_k3[n]**2+m.tau_h4[n]**2+m.tau_k4[n]**2)*m.h[n]) for n in range(1,N+1))/m.q0[N,'x']
[2023-08-23T23:00:51+0200.0331][INFO ][<ipython-input-1-9973a2505d8a>] - Final eps value = 0.0001
[2023-08-23T23:00:51+0200.0331][INFO ][<ipython-input-1-9973a2505d8a>] -  m.distance = 0.05 m
[2023-08-23T23:00:51+0200.0331][INFO ][<ipython-input-1-9973a2505d8a>] - Nodes = 20, time variable 0.3-0.01
[2023-08-23T23:00:51+0200.0331][INFO ][<ipython-input-1-9973a2505d8a>] - no leg configuration
[2023-08-23T23:00:51+0200.0331][INFO ][<ipython-input-1-9973a2505d8a>] - Added max body constraint = 0.95
[2023-08-23T23:00:51+0200.0331][INFO ][<ipython-input-1-9973a2505d8a>] - -------------------------------------------------------
[2023-08-23T23:02:19+0200.0631][INFO ][<ipython-input-27-bbbc76687ed3>] - eps: 1000.0
[2023-08-23T23:04:37+0200.0172][INFO ][<ipython-input-27-bbbc76687ed3>] - eps: 100.0
[2023-08-23T23:08:38+0200.0420][INFO ][<ipython-input-27-bbbc76687ed3>] - eps: 10.0
[2023-08-23T23:13:34+0200.0269][INFO ][<ipython-input-27-bbbc76687ed3>] - eps: 1.0
[2023-08-23T23:16:08+0200.0266][INFO ][<ipython-input-27-bbbc76687ed3>] - eps: 0.1
[2023-08-23T23:19:39+0200.0315][INFO ][<ipython-input-27-bbbc76687ed3>] - eps: 0.01
[2023-08-23T23:25:19+0200.0296][INFO ][<ipython-input-27-bbbc76687ed3>] - eps: 0.001
[2023-08-23T23:29:14+0200.0913][INFO ][<ipython-input-27-bbbc76687ed3>] - eps: 0.0001
[2023-08-23T23:33:17+0200.0367][INFO ][<ipython-input-31-598ac6f1f495>] - Trajectory Optimisation Completed
[2023-08-23T23:33:17+0200.0367][INFO ][<ipython-input-31-598ac6f1f495>] - Distance travelled: 0.1962438867933174 m
[2023-08-23T23:33:17+0200.0388][INFO ][<ipython-input-31-598ac6f1f495>] - Gait Duration: 3.388719814809787 s
[2023-08-23T23:33:17+0200.0389][INFO ][<ipython-input-31-598ac6f1f495>] - velocity (dist/time): 0.11246609705651993
[2023-08-23T23:33:17+0200.0389][INFO ][<ipython-input-31-598ac6f1f495>] - Final velocity: -0.11342261345366013
[2023-08-23T23:33:17+0200.0389][INFO ][<ipython-input-31-598ac6f1f495>] - average x velocity: 0.16931822659342524
[2023-08-23T23:33:17+0200.0389][INFO ][<ipython-input-31-598ac6f1f495>] - minimum x velocity: -0.11342261345366013
[2023-08-23T23:33:17+0200.0389][INFO ][<ipython-input-31-598ac6f1f495>] - maximum x velocity: 0.6588620797141098
[2023-08-23T23:33:17+0200.0403][INFO ][<ipython-input-31-598ac6f1f495>] - -------------------------------------------------------
