[2023-08-20T08:09:43+0200.0680][INFO ][<ipython-input-1-4fdc230a69ca>] - -------------------------------------------------------
[2023-08-20T08:09:43+0200.0680][INFO ][<ipython-input-1-4fdc230a69ca>] - Gait name: TwoD_SS_24
[2023-08-20T08:09:43+0200.0680][INFO ][<ipython-input-1-4fdc230a69ca>] - 2D SS walk - initial and final positions the same
[2023-08-20T08:09:43+0200.0690][INFO ][<ipython-input-1-4fdc230a69ca>] - No contact order enforced, No body configuration enforced
[2023-08-20T08:09:43+0200.0692][INFO ][<ipython-input-1-4fdc230a69ca>] - Slip and friction implemented as slack variables
[2023-08-20T08:09:43+0200.0693][INFO ][<ipython-input-1-4fdc230a69ca>] - Cost func = return sum(((m.tau_h1[n]**2+m.tau_k1[n]**2+m.tau_h2[n]**2+m.tau_k2[n]**2+m.tau_h3[n]**2+m.tau_k3[n]**2+m.tau_h4[n]**2+m.tau_k4[n]**2)*m.h[n]) for n in range(1,N+1))/m.q0[N,'x']
[2023-08-20T08:09:43+0200.0694][INFO ][<ipython-input-1-4fdc230a69ca>] - Final eps value = 0.0001
[2023-08-20T08:09:43+0200.0696][INFO ][<ipython-input-1-4fdc230a69ca>] - m.vel = 0.05 m/s, m.distance = 0.05 m
[2023-08-20T08:09:43+0200.0698][INFO ][<ipython-input-1-4fdc230a69ca>] - Nodes = 10
[2023-08-20T08:09:43+0200.0700][INFO ][<ipython-input-1-4fdc230a69ca>] - Contact order enforced and >< leg configuration
[2023-08-20T08:09:43+0200.0702][INFO ][<ipython-input-1-4fdc230a69ca>] - Fixed knee constraints and added hip constraints
[2023-08-20T08:09:43+0200.0703][INFO ][<ipython-input-1-4fdc230a69ca>] - -------------------------------------------------------
[2023-08-20T08:10:23+0200.0187][INFO ][<ipython-input-27-bbbc76687ed3>] - eps: 1000.0
[2023-08-20T08:10:34+0200.0446][INFO ][<ipython-input-27-bbbc76687ed3>] - eps: 100.0
[2023-08-20T08:10:44+0200.0033][INFO ][<ipython-input-27-bbbc76687ed3>] - eps: 10.0
[2023-08-20T08:10:53+0200.0267][INFO ][<ipython-input-27-bbbc76687ed3>] - eps: 1.0
[2023-08-20T08:11:02+0200.0212][INFO ][<ipython-input-27-bbbc76687ed3>] - eps: 0.1
[2023-08-20T08:11:20+0200.0217][INFO ][<ipython-input-27-bbbc76687ed3>] - eps: 0.01
[2023-08-20T08:11:36+0200.0836][INFO ][<ipython-input-27-bbbc76687ed3>] - eps: 0.001
[2023-08-20T08:11:47+0200.0172][INFO ][<ipython-input-27-bbbc76687ed3>] - eps: 0.0001
[2023-08-20T08:12:05+0200.0905][INFO ][<ipython-input-31-598ac6f1f495>] - Trajectory Optimisation Completed
[2023-08-20T08:12:05+0200.0907][INFO ][<ipython-input-31-598ac6f1f495>] - Distance travelled: 0.03373228272767263 m
[2023-08-20T08:12:05+0200.0909][INFO ][<ipython-input-31-598ac6f1f495>] - Gait Duration: 1.0000000096668096 s
[2023-08-20T08:12:05+0200.0911][INFO ][<ipython-input-31-598ac6f1f495>] - velocity (dist/time): 0.050000000000000024
[2023-08-20T08:12:05+0200.0913][INFO ][<ipython-input-31-598ac6f1f495>] - Final velocity: -0.03171636865163575
[2023-08-20T08:12:05+0200.0915][INFO ][<ipython-input-31-598ac6f1f495>] - average x velocity: 0.07015702262453757
[2023-08-20T08:12:05+0200.0917][INFO ][<ipython-input-31-598ac6f1f495>] - minimum x velocity: -0.03171636865163575
[2023-08-20T08:12:05+0200.0918][INFO ][<ipython-input-31-598ac6f1f495>] - maximum x velocity: 0.2627806487844466
[2023-08-20T08:12:05+0200.0920][INFO ][<ipython-input-31-598ac6f1f495>] - -------------------------------------------------------
[2023-08-20T08:18:15+0200.0259][INFO ][<ipython-input-1-785d8c61ae60>] - -------------------------------------------------------
[2023-08-20T08:18:15+0200.0264][INFO ][<ipython-input-1-785d8c61ae60>] - Gait name: TwoD_SS_25
[2023-08-20T08:18:15+0200.0266][INFO ][<ipython-input-1-785d8c61ae60>] - 2D SS walk - initial and final positions the same
[2023-08-20T08:18:15+0200.0268][INFO ][<ipython-input-1-785d8c61ae60>] - No contact order enforced, No body configuration enforced
[2023-08-20T08:18:15+0200.0270][INFO ][<ipython-input-1-785d8c61ae60>] - Slip and friction implemented as slack variables
[2023-08-20T08:18:15+0200.0272][INFO ][<ipython-input-1-785d8c61ae60>] - Cost func = return sum(((m.tau_h1[n]**2+m.tau_k1[n]**2+m.tau_h2[n]**2+m.tau_k2[n]**2+m.tau_h3[n]**2+m.tau_k3[n]**2+m.tau_h4[n]**2+m.tau_k4[n]**2)*m.h[n]) for n in range(1,N+1))/m.q0[N,'x']
[2023-08-20T08:18:15+0200.0275][INFO ][<ipython-input-1-785d8c61ae60>] - Final eps value = 0.0001
[2023-08-20T08:18:15+0200.0277][INFO ][<ipython-input-1-785d8c61ae60>] - m.vel = 0.05 m/s, m.distance = 0.05 m
[2023-08-20T08:18:15+0200.0280][INFO ][<ipython-input-1-785d8c61ae60>] - Nodes = 10
[2023-08-20T08:18:15+0200.0282][INFO ][<ipython-input-1-785d8c61ae60>] - Fixed knee constraints and added hip constraints
[2023-08-20T08:18:15+0200.0286][INFO ][<ipython-input-1-785d8c61ae60>] - -------------------------------------------------------
[2023-08-20T08:18:57+0200.0472][INFO ][<ipython-input-27-bbbc76687ed3>] - eps: 1000.0
[2023-08-20T08:19:05+0200.0345][INFO ][<ipython-input-27-bbbc76687ed3>] - eps: 100.0
[2023-08-20T08:19:10+0200.0404][INFO ][<ipython-input-27-bbbc76687ed3>] - eps: 10.0
[2023-08-20T08:19:22+0200.0645][INFO ][<ipython-input-27-bbbc76687ed3>] - eps: 1.0
[2023-08-20T08:19:58+0200.0062][INFO ][<ipython-input-27-bbbc76687ed3>] - eps: 0.1
[2023-08-20T08:20:13+0200.0692][INFO ][<ipython-input-27-bbbc76687ed3>] - eps: 0.01
[2023-08-20T08:20:22+0200.0313][INFO ][<ipython-input-27-bbbc76687ed3>] - eps: 0.001
[2023-08-20T08:20:36+0200.0053][INFO ][<ipython-input-27-bbbc76687ed3>] - eps: 0.0001
[2023-08-20T08:20:56+0200.0351][INFO ][<ipython-input-31-598ac6f1f495>] - Trajectory Optimisation Completed
[2023-08-20T08:20:56+0200.0354][INFO ][<ipython-input-31-598ac6f1f495>] - Distance travelled: 0.052911106623703665 m
[2023-08-20T08:20:56+0200.0356][INFO ][<ipython-input-31-598ac6f1f495>] - Gait Duration: 1.000442999609886 s
[2023-08-20T08:20:56+0200.0358][INFO ][<ipython-input-31-598ac6f1f495>] - velocity (dist/time): 0.05000000000000003
[2023-08-20T08:20:56+0200.0360][INFO ][<ipython-input-31-598ac6f1f495>] - Final velocity: 0.1011858991869281
[2023-08-20T08:20:56+0200.0362][INFO ][<ipython-input-31-598ac6f1f495>] - average x velocity: 0.046758030736079204
[2023-08-20T08:20:56+0200.0364][INFO ][<ipython-input-31-598ac6f1f495>] - minimum x velocity: 0.013115392325375206
[2023-08-20T08:20:56+0200.0366][INFO ][<ipython-input-31-598ac6f1f495>] - maximum x velocity: 0.10540587798148714
[2023-08-20T08:20:56+0200.0367][INFO ][<ipython-input-31-598ac6f1f495>] - -------------------------------------------------------
[2023-08-20T08:27:39+0200.0528][INFO ][<ipython-input-1-943ffbc27ff5>] - -------------------------------------------------------
[2023-08-20T08:27:39+0200.0528][INFO ][<ipython-input-1-943ffbc27ff5>] - Gait name: TwoD_SS_27
[2023-08-20T08:27:39+0200.0544][INFO ][<ipython-input-1-943ffbc27ff5>] - 2D SS walk - initial and final positions the same
[2023-08-20T08:27:39+0200.0546][INFO ][<ipython-input-1-943ffbc27ff5>] - No contact order enforced, No body configuration enforced
[2023-08-20T08:27:39+0200.0548][INFO ][<ipython-input-1-943ffbc27ff5>] - Slip and friction implemented as slack variables
[2023-08-20T08:27:39+0200.0551][INFO ][<ipython-input-1-943ffbc27ff5>] - Cost func = return sum(((m.tau_h1[n]**2+m.tau_k1[n]**2+m.tau_h2[n]**2+m.tau_k2[n]**2+m.tau_h3[n]**2+m.tau_k3[n]**2+m.tau_h4[n]**2+m.tau_k4[n]**2)*m.h[n]) for n in range(1,N+1))/m.q0[N,'x']
[2023-08-20T08:27:39+0200.0553][INFO ][<ipython-input-1-943ffbc27ff5>] - Final eps value = 0.0001
[2023-08-20T08:27:39+0200.0555][INFO ][<ipython-input-1-943ffbc27ff5>] - m.vel = 0.05 m/s, m.distance = 0.05 m
[2023-08-20T08:27:39+0200.0557][INFO ][<ipython-input-1-943ffbc27ff5>] - Nodes = 20
[2023-08-20T08:27:39+0200.0559][INFO ][<ipython-input-1-943ffbc27ff5>] - Fixed knee constraints and added hip constraints
[2023-08-20T08:27:39+0200.0561][INFO ][<ipython-input-1-943ffbc27ff5>] - -------------------------------------------------------
[2023-08-20T08:29:06+0200.0818][INFO ][<ipython-input-27-bbbc76687ed3>] - eps: 1000.0
[2023-08-20T08:29:15+0200.0075][INFO ][<ipython-input-27-bbbc76687ed3>] - eps: 100.0
[2023-08-20T08:30:23+0200.0060][INFO ][<ipython-input-27-bbbc76687ed3>] - eps: 10.0
[2023-08-20T08:31:30+0200.0309][INFO ][<ipython-input-27-bbbc76687ed3>] - eps: 1.0
[2023-08-20T08:31:47+0200.0076][INFO ][<ipython-input-27-bbbc76687ed3>] - eps: 0.1
[2023-08-20T08:33:00+0200.0907][INFO ][<ipython-input-27-bbbc76687ed3>] - eps: 0.01
[2023-08-20T08:33:16+0200.0783][INFO ][<ipython-input-27-bbbc76687ed3>] - eps: 0.001
[2023-08-20T08:33:49+0200.0646][INFO ][<ipython-input-27-bbbc76687ed3>] - eps: 0.0001
[2023-08-20T08:34:31+0200.0367][INFO ][<ipython-input-31-598ac6f1f495>] - Trajectory Optimisation Completed
[2023-08-20T08:34:31+0200.0367][INFO ][<ipython-input-31-598ac6f1f495>] - Distance travelled: 0.09615462226066786 m
[2023-08-20T08:34:31+0200.0367][INFO ][<ipython-input-31-598ac6f1f495>] - Gait Duration: 1.9188220207319042 s
[2023-08-20T08:34:31+0200.0367][INFO ][<ipython-input-31-598ac6f1f495>] - velocity (dist/time): 0.049999999999999975
[2023-08-20T08:34:31+0200.0367][INFO ][<ipython-input-31-598ac6f1f495>] - Final velocity: 0.00014076420024204523
[2023-08-20T08:34:31+0200.0383][INFO ][<ipython-input-31-598ac6f1f495>] - average x velocity: 0.045568329067256816
[2023-08-20T08:34:31+0200.0383][INFO ][<ipython-input-31-598ac6f1f495>] - minimum x velocity: -0.012398011689938595
[2023-08-20T08:34:31+0200.0383][INFO ][<ipython-input-31-598ac6f1f495>] - maximum x velocity: 0.22451911385691414
[2023-08-20T08:34:31+0200.0389][INFO ][<ipython-input-31-598ac6f1f495>] - -------------------------------------------------------
[2023-08-20T12:28:12+0200.0466][INFO ][<ipython-input-1-96ac54376fdd>] - -------------------------------------------------------
[2023-08-20T12:28:12+0200.0466][INFO ][<ipython-input-1-96ac54376fdd>] - Gait name: TwoD_SS_28
[2023-08-20T12:28:12+0200.0466][INFO ][<ipython-input-1-96ac54376fdd>] - 2D SS walk - initial and final positions the same
[2023-08-20T12:28:12+0200.0476][INFO ][<ipython-input-1-96ac54376fdd>] - No contact order enforced, No body configuration enforced
[2023-08-20T12:28:12+0200.0476][INFO ][<ipython-input-1-96ac54376fdd>] - Slip and friction implemented as slack variables
[2023-08-20T12:28:12+0200.0476][INFO ][<ipython-input-1-96ac54376fdd>] - Cost func = return sum(((m.tau_h1[n]**2+m.tau_k1[n]**2+m.tau_h2[n]**2+m.tau_k2[n]**2+m.tau_h3[n]**2+m.tau_k3[n]**2+m.tau_h4[n]**2+m.tau_k4[n]**2)*m.h[n]) for n in range(1,N+1))/m.q0[N,'x']
[2023-08-20T12:28:12+0200.0476][INFO ][<ipython-input-1-96ac54376fdd>] - Final eps value = 0.0001
[2023-08-20T12:28:12+0200.0484][INFO ][<ipython-input-1-96ac54376fdd>] - m.vel = 0.05 m/s, m.distance = 0.05 m
[2023-08-20T12:28:12+0200.0484][INFO ][<ipython-input-1-96ac54376fdd>] - Nodes = 30
[2023-08-20T12:28:12+0200.0484][INFO ][<ipython-input-1-96ac54376fdd>] - Fixed knee constraints and added hip constraints
[2023-08-20T12:28:12+0200.0484][INFO ][<ipython-input-1-96ac54376fdd>] - -------------------------------------------------------
[2023-08-20T12:29:12+0200.0734][INFO ][<ipython-input-27-bbbc76687ed3>] - eps: 1000.0
[2023-08-20T12:29:21+0200.0436][INFO ][<ipython-input-27-bbbc76687ed3>] - eps: 100.0
[2023-08-20T12:29:59+0200.0972][INFO ][<ipython-input-27-bbbc76687ed3>] - eps: 10.0
[2023-08-20T12:30:57+0200.0734][INFO ][<ipython-input-27-bbbc76687ed3>] - eps: 1.0
[2023-08-20T12:34:52+0200.0227][INFO ][<ipython-input-27-bbbc76687ed3>] - eps: 0.1
[2023-08-20T12:35:43+0200.0584][INFO ][<ipython-input-27-bbbc76687ed3>] - eps: 0.01
[2023-08-20T12:36:11+0200.0303][INFO ][<ipython-input-27-bbbc76687ed3>] - eps: 0.001
[2023-08-20T12:37:05+0200.0243][INFO ][<ipython-input-27-bbbc76687ed3>] - eps: 0.0001
[2023-08-20T12:42:53+0200.0073][INFO ][<ipython-input-31-598ac6f1f495>] - Trajectory Optimisation Completed
[2023-08-20T12:42:53+0200.0073][INFO ][<ipython-input-31-598ac6f1f495>] - Distance travelled: 0.08136066483890433 m
[2023-08-20T12:42:53+0200.0073][INFO ][<ipython-input-31-598ac6f1f495>] - Gait Duration: 1.3220634222133887 s
[2023-08-20T12:42:53+0200.0089][INFO ][<ipython-input-31-598ac6f1f495>] - velocity (dist/time): 0.04999999999999997
[2023-08-20T12:42:53+0200.0089][INFO ][<ipython-input-31-598ac6f1f495>] - Final velocity: 0.12591721741986137
[2023-08-20T12:42:53+0200.0089][INFO ][<ipython-input-31-598ac6f1f495>] - average x velocity: 0.04160633679147672
[2023-08-20T12:42:53+0200.0089][INFO ][<ipython-input-31-598ac6f1f495>] - minimum x velocity: 0.011192976605826965
[2023-08-20T12:42:53+0200.0089][INFO ][<ipython-input-31-598ac6f1f495>] - maximum x velocity: 0.13538013680898983
[2023-08-20T12:42:53+0200.0089][INFO ][<ipython-input-31-598ac6f1f495>] - -------------------------------------------------------
[2023-08-20T20:10:58+0200.0077][INFO ][<ipython-input-1-e26b5097f435>] - -------------------------------------------------------
[2023-08-20T20:10:58+0200.0077][INFO ][<ipython-input-1-e26b5097f435>] - Gait name: TwoD_SS_29
[2023-08-20T20:10:58+0200.0077][INFO ][<ipython-input-1-e26b5097f435>] - 2D SS walk - initial and final positions the same
[2023-08-20T20:10:58+0200.0092][INFO ][<ipython-input-1-e26b5097f435>] - No contact order enforced, No body configuration enforced
[2023-08-20T20:10:58+0200.0092][INFO ][<ipython-input-1-e26b5097f435>] - Slip and friction implemented as slack variables
[2023-08-20T20:10:58+0200.0092][INFO ][<ipython-input-1-e26b5097f435>] - Cost func = return sum(((m.tau_h1[n]**2+m.tau_k1[n]**2+m.tau_h2[n]**2+m.tau_k2[n]**2+m.tau_h3[n]**2+m.tau_k3[n]**2+m.tau_h4[n]**2+m.tau_k4[n]**2)*m.h[n]) for n in range(1,N+1))/m.q0[N,'x']
[2023-08-20T20:10:58+0200.0092][INFO ][<ipython-input-1-e26b5097f435>] - Final eps value = 0.0001
[2023-08-20T20:10:58+0200.0092][INFO ][<ipython-input-1-e26b5097f435>] - m.vel = 0.05 m/s, m.distance = 0.05 m
[2023-08-20T20:10:58+0200.0092][INFO ][<ipython-input-1-e26b5097f435>] - Nodes = 5
[2023-08-20T20:10:58+0200.0092][INFO ][<ipython-input-1-e26b5097f435>] - Fixed knee constraints and added hip constraints
[2023-08-20T20:10:58+0200.0092][INFO ][<ipython-input-1-e26b5097f435>] - -------------------------------------------------------
[2023-08-20T20:11:17+0200.0327][INFO ][<ipython-input-27-bbbc76687ed3>] - eps: 1000.0
[2023-08-20T20:11:19+0200.0956][INFO ][<ipython-input-27-bbbc76687ed3>] - eps: 100.0
[2023-08-20T20:11:23+0200.0193][INFO ][<ipython-input-27-bbbc76687ed3>] - eps: 10.0
[2023-08-20T20:11:25+0200.0291][INFO ][<ipython-input-27-bbbc76687ed3>] - eps: 1.0
[2023-08-20T20:11:28+0200.0857][INFO ][<ipython-input-27-bbbc76687ed3>] - eps: 0.1
[2023-08-20T20:11:37+0200.0123][INFO ][<ipython-input-27-bbbc76687ed3>] - eps: 0.01
[2023-08-20T20:11:43+0200.0887][INFO ][<ipython-input-27-bbbc76687ed3>] - eps: 0.001
[2023-08-20T20:11:47+0200.0211][INFO ][<ipython-input-27-bbbc76687ed3>] - eps: 0.0001
[2023-08-20T20:11:54+0200.0542][INFO ][<ipython-input-31-598ac6f1f495>] - Trajectory Optimisation Completed
[2023-08-20T20:11:54+0200.0552][INFO ][<ipython-input-31-598ac6f1f495>] - Distance travelled: 0.05624464415167046 m
[2023-08-20T20:11:54+0200.0552][INFO ][<ipython-input-31-598ac6f1f495>] - Gait Duration: 1.0000000170974586 s
[2023-08-20T20:11:54+0200.0552][INFO ][<ipython-input-31-598ac6f1f495>] - velocity (dist/time): 0.04999999999999995
[2023-08-20T20:11:54+0200.0562][INFO ][<ipython-input-31-598ac6f1f495>] - Final velocity: 0.13332649360990814
[2023-08-20T20:11:54+0200.0562][INFO ][<ipython-input-31-598ac6f1f495>] - average x velocity: 0.10508773863270697
[2023-08-20T20:11:54+0200.0573][INFO ][<ipython-input-31-598ac6f1f495>] - minimum x velocity: 0.02245361874330446
[2023-08-20T20:11:54+0200.0573][INFO ][<ipython-input-31-598ac6f1f495>] - maximum x velocity: 0.16729518632728607
[2023-08-20T20:11:54+0200.0573][INFO ][<ipython-input-31-598ac6f1f495>] - -------------------------------------------------------
[2023-08-20T20:19:38+0200.0025][INFO ][<ipython-input-1-f0d27b4bc2d1>] - -------------------------------------------------------
[2023-08-20T20:19:38+0200.0025][INFO ][<ipython-input-1-f0d27b4bc2d1>] - Gait name: TwoD_SS_30
[2023-08-20T20:19:38+0200.0025][INFO ][<ipython-input-1-f0d27b4bc2d1>] - 2D SS walk - initial and final positions the same
[2023-08-20T20:19:38+0200.0031][INFO ][<ipython-input-1-f0d27b4bc2d1>] - No contact order enforced, No body configuration enforced
[2023-08-20T20:19:38+0200.0034][INFO ][<ipython-input-1-f0d27b4bc2d1>] - Slip and friction implemented as slack variables
[2023-08-20T20:19:38+0200.0036][INFO ][<ipython-input-1-f0d27b4bc2d1>] - Cost func = return sum(((m.tau_h1[n]**2+m.tau_k1[n]**2+m.tau_h2[n]**2+m.tau_k2[n]**2+m.tau_h3[n]**2+m.tau_k3[n]**2+m.tau_h4[n]**2+m.tau_k4[n]**2)*m.h[n]) for n in range(1,N+1))/m.q0[N,'x']
[2023-08-20T20:19:38+0200.0037][INFO ][<ipython-input-1-f0d27b4bc2d1>] - Final eps value = 0.0001
[2023-08-20T20:19:38+0200.0038][INFO ][<ipython-input-1-f0d27b4bc2d1>] - m.vel = 0.05 m/s, m.distance = 0.05 m
[2023-08-20T20:19:38+0200.0041][INFO ][<ipython-input-1-f0d27b4bc2d1>] - Nodes = 40
[2023-08-20T20:19:38+0200.0042][INFO ][<ipython-input-1-f0d27b4bc2d1>] - Fixed knee constraints and added hip constraints
[2023-08-20T20:19:38+0200.0044][INFO ][<ipython-input-1-f0d27b4bc2d1>] - -------------------------------------------------------
[2023-08-20T20:22:11+0200.0224][INFO ][<ipython-input-27-bbbc76687ed3>] - eps: 1000.0
[2023-08-20T20:22:35+0200.0126][INFO ][<ipython-input-27-bbbc76687ed3>] - eps: 100.0
[2023-08-20T20:31:06+0200.0372][INFO ][<ipython-input-27-bbbc76687ed3>] - eps: 10.0
[2023-08-20T20:31:54+0200.0304][INFO ][<ipython-input-27-bbbc76687ed3>] - eps: 1.0
[2023-08-20T20:32:50+0200.0961][INFO ][<ipython-input-27-bbbc76687ed3>] - eps: 0.1
[2023-08-20T20:37:57+0200.0003][INFO ][<ipython-input-27-bbbc76687ed3>] - eps: 0.01
[2023-08-20T20:38:45+0200.0496][INFO ][<ipython-input-27-bbbc76687ed3>] - eps: 0.001
[2023-08-20T20:40:30+0200.0886][INFO ][<ipython-input-27-bbbc76687ed3>] - eps: 0.0001
[2023-08-20T20:42:39+0200.0301][INFO ][<ipython-input-31-598ac6f1f495>] - Trajectory Optimisation Completed
[2023-08-20T20:42:39+0200.0301][INFO ][<ipython-input-31-598ac6f1f495>] - Distance travelled: 0.07495438949420959 m
[2023-08-20T20:42:39+0200.0301][INFO ][<ipython-input-31-598ac6f1f495>] - Gait Duration: 1.424036327146231 s
[2023-08-20T20:42:39+0200.0301][INFO ][<ipython-input-31-598ac6f1f495>] - velocity (dist/time): 0.04999999999999999
[2023-08-20T20:42:39+0200.0316][INFO ][<ipython-input-31-598ac6f1f495>] - Final velocity: 0.01193903117825235
[2023-08-20T20:42:39+0200.0316][INFO ][<ipython-input-31-598ac6f1f495>] - average x velocity: 0.025266826230040628
[2023-08-20T20:42:39+0200.0316][INFO ][<ipython-input-31-598ac6f1f495>] - minimum x velocity: 0.0053597507592357645
[2023-08-20T20:42:39+0200.0316][INFO ][<ipython-input-31-598ac6f1f495>] - maximum x velocity: 0.13785979915036609
[2023-08-20T20:42:39+0200.0316][INFO ][<ipython-input-31-598ac6f1f495>] - -------------------------------------------------------
[2023-08-20T22:16:40+0200.0441][INFO ][<ipython-input-1-e6ea9a3c2b87>] - -------------------------------------------------------
[2023-08-20T22:16:40+0200.0441][INFO ][<ipython-input-1-e6ea9a3c2b87>] - Gait name: TwoD_SS_31
[2023-08-20T22:16:40+0200.0441][INFO ][<ipython-input-1-e6ea9a3c2b87>] - 2D SS walk - initial and final positions the same
[2023-08-20T22:16:40+0200.0458][INFO ][<ipython-input-1-e6ea9a3c2b87>] - No contact order enforced, No body configuration enforced
[2023-08-20T22:16:40+0200.0460][INFO ][<ipython-input-1-e6ea9a3c2b87>] - Slip and friction implemented as slack variables
[2023-08-20T22:16:40+0200.0461][INFO ][<ipython-input-1-e6ea9a3c2b87>] - Cost func = return sum(((m.tau_h1[n]**2+m.tau_k1[n]**2+m.tau_h2[n]**2+m.tau_k2[n]**2+m.tau_h3[n]**2+m.tau_k3[n]**2+m.tau_h4[n]**2+m.tau_k4[n]**2)*m.h[n]) for n in range(1,N+1))/m.q0[N,'x']
[2023-08-20T22:16:40+0200.0463][INFO ][<ipython-input-1-e6ea9a3c2b87>] - Final eps value = 0.0001
[2023-08-20T22:16:40+0200.0465][INFO ][<ipython-input-1-e6ea9a3c2b87>] - m.vel = 0.05 m/s, m.distance = 0.05 m
[2023-08-20T22:16:40+0200.0467][INFO ][<ipython-input-1-e6ea9a3c2b87>] - Nodes = 20
[2023-08-20T22:16:40+0200.0469][INFO ][<ipython-input-1-e6ea9a3c2b87>] - >< leg configuration
[2023-08-20T22:16:40+0200.0470][INFO ][<ipython-input-1-e6ea9a3c2b87>] - Fixed knee constraints and added hip constraints
[2023-08-20T22:16:40+0200.0472][INFO ][<ipython-input-1-e6ea9a3c2b87>] - -------------------------------------------------------
[2023-08-20T22:17:22+0200.0447][INFO ][<ipython-input-27-bbbc76687ed3>] - eps: 1000.0
[2023-08-20T22:17:30+0200.0650][INFO ][<ipython-input-27-bbbc76687ed3>] - eps: 100.0
[2023-08-20T22:17:42+0200.0533][INFO ][<ipython-input-27-bbbc76687ed3>] - eps: 10.0
[2023-08-20T22:17:51+0200.0134][INFO ][<ipython-input-27-bbbc76687ed3>] - eps: 1.0
[2023-08-20T22:18:19+0200.0732][INFO ][<ipython-input-27-bbbc76687ed3>] - eps: 0.1
[2023-08-20T22:18:43+0200.0863][INFO ][<ipython-input-27-bbbc76687ed3>] - eps: 0.01
[2023-08-20T22:19:04+0200.0384][INFO ][<ipython-input-27-bbbc76687ed3>] - eps: 0.001
[2023-08-20T22:19:58+0200.0786][INFO ][<ipython-input-27-bbbc76687ed3>] - eps: 0.0001
[2023-08-20T22:24:00+0200.0555][INFO ][<ipython-input-31-598ac6f1f495>] - Trajectory Optimisation Completed
[2023-08-20T22:24:00+0200.0555][INFO ][<ipython-input-31-598ac6f1f495>] - Distance travelled: 0.05064826978062555 m
[2023-08-20T22:24:00+0200.0555][INFO ][<ipython-input-31-598ac6f1f495>] - Gait Duration: 1.0000446284505013 s
[2023-08-20T22:24:00+0200.0568][INFO ][<ipython-input-31-598ac6f1f495>] - velocity (dist/time): 0.05000000000000003
[2023-08-20T22:24:00+0200.0570][INFO ][<ipython-input-31-598ac6f1f495>] - Final velocity: 0.02185004237981458
[2023-08-20T22:24:00+0200.0572][INFO ][<ipython-input-31-598ac6f1f495>] - average x velocity: 0.02939962097407805
[2023-08-20T22:24:00+0200.0573][INFO ][<ipython-input-31-598ac6f1f495>] - minimum x velocity: 0.018482119175409397
[2023-08-20T22:24:00+0200.0575][INFO ][<ipython-input-31-598ac6f1f495>] - maximum x velocity: 0.10985210305019576
[2023-08-20T22:24:00+0200.0576][INFO ][<ipython-input-31-598ac6f1f495>] - -------------------------------------------------------
[2023-08-20T22:26:53+0200.0726][INFO ][<ipython-input-1-682cdf48adcb>] - -------------------------------------------------------
[2023-08-20T22:26:53+0200.0726][INFO ][<ipython-input-1-682cdf48adcb>] - Gait name: TwoD_SS_32
[2023-08-20T22:26:53+0200.0726][INFO ][<ipython-input-1-682cdf48adcb>] - 2D SS walk - initial and final positions the same
[2023-08-20T22:26:53+0200.0737][INFO ][<ipython-input-1-682cdf48adcb>] - No contact order enforced, No body configuration enforced
[2023-08-20T22:26:53+0200.0740][INFO ][<ipython-input-1-682cdf48adcb>] - Slip and friction implemented as slack variables
[2023-08-20T22:26:53+0200.0741][INFO ][<ipython-input-1-682cdf48adcb>] - Cost func = return sum(((m.tau_h1[n]**2+m.tau_k1[n]**2+m.tau_h2[n]**2+m.tau_k2[n]**2+m.tau_h3[n]**2+m.tau_k3[n]**2+m.tau_h4[n]**2+m.tau_k4[n]**2)*m.h[n]) for n in range(1,N+1))/m.q0[N,'x']
[2023-08-20T22:26:53+0200.0743][INFO ][<ipython-input-1-682cdf48adcb>] - Final eps value = 0.0001
[2023-08-20T22:26:53+0200.0744][INFO ][<ipython-input-1-682cdf48adcb>] - m.vel = 0.05 m/s, m.distance = 0.05 m
[2023-08-20T22:26:53+0200.0746][INFO ][<ipython-input-1-682cdf48adcb>] - Nodes = 20
[2023-08-20T22:26:53+0200.0747][INFO ][<ipython-input-1-682cdf48adcb>] - >< leg configuration, minimum bend in legs
[2023-08-20T22:26:53+0200.0749][INFO ][<ipython-input-1-682cdf48adcb>] - Fixed knee constraints and added hip constraints
[2023-08-20T22:26:53+0200.0751][INFO ][<ipython-input-1-682cdf48adcb>] - -------------------------------------------------------
[2023-08-20T22:27:39+0200.0570][INFO ][<ipython-input-27-bbbc76687ed3>] - eps: 1000.0
[2023-08-20T22:27:52+0200.0076][INFO ][<ipython-input-27-bbbc76687ed3>] - eps: 100.0
[2023-08-20T22:28:03+0200.0437][INFO ][<ipython-input-27-bbbc76687ed3>] - eps: 10.0
[2023-08-20T22:28:19+0200.0105][INFO ][<ipython-input-27-bbbc76687ed3>] - eps: 1.0
[2023-08-20T22:28:28+0200.0203][INFO ][<ipython-input-27-bbbc76687ed3>] - eps: 0.1
[2023-08-20T22:29:19+0200.0251][INFO ][<ipython-input-27-bbbc76687ed3>] - eps: 0.01
[2023-08-20T22:29:43+0200.0083][INFO ][<ipython-input-27-bbbc76687ed3>] - eps: 0.001
[2023-08-20T22:31:43+0200.0479][INFO ][<ipython-input-27-bbbc76687ed3>] - eps: 0.0001
[2023-08-20T22:33:58+0200.0145][INFO ][<ipython-input-31-598ac6f1f495>] - Trajectory Optimisation Completed
[2023-08-20T22:33:58+0200.0145][INFO ][<ipython-input-31-598ac6f1f495>] - Distance travelled: 0.057445537856230945 m
[2023-08-20T22:33:58+0200.0145][INFO ][<ipython-input-31-598ac6f1f495>] - Gait Duration: 1.1153208133013424 s
[2023-08-20T22:33:58+0200.0145][INFO ][<ipython-input-31-598ac6f1f495>] - velocity (dist/time): 0.050000000000000044
[2023-08-20T22:33:58+0200.0145][INFO ][<ipython-input-31-598ac6f1f495>] - Final velocity: 0.13583964325451656
[2023-08-20T22:33:58+0200.0161][INFO ][<ipython-input-31-598ac6f1f495>] - average x velocity: 0.07232332573188666
[2023-08-20T22:33:58+0200.0161][INFO ][<ipython-input-31-598ac6f1f495>] - minimum x velocity: 0.021159966241630815
[2023-08-20T22:33:58+0200.0161][INFO ][<ipython-input-31-598ac6f1f495>] - maximum x velocity: 0.13583964325451656
[2023-08-20T22:33:58+0200.0161][INFO ][<ipython-input-31-598ac6f1f495>] - -------------------------------------------------------
[2023-08-20T23:24:00+0200.0150][INFO ][<ipython-input-1-dd4144f9cfb0>] - -------------------------------------------------------
[2023-08-20T23:24:00+0200.0154][INFO ][<ipython-input-1-dd4144f9cfb0>] - Gait name: TwoD_SS_32
[2023-08-20T23:24:00+0200.0156][INFO ][<ipython-input-1-dd4144f9cfb0>] - 2D SS walk - initial and final positions the same
[2023-08-20T23:24:00+0200.0158][INFO ][<ipython-input-1-dd4144f9cfb0>] - No contact order enforced, No body configuration enforced
[2023-08-20T23:24:00+0200.0160][INFO ][<ipython-input-1-dd4144f9cfb0>] - Slip and friction implemented as slack variables
[2023-08-20T23:24:00+0200.0161][INFO ][<ipython-input-1-dd4144f9cfb0>] - Cost func = return sum(((m.tau_h1[n]**2+m.tau_k1[n]**2+m.tau_h2[n]**2+m.tau_k2[n]**2+m.tau_h3[n]**2+m.tau_k3[n]**2+m.tau_h4[n]**2+m.tau_k4[n]**2)*m.h[n]) for n in range(1,N+1))/m.q0[N,'x']
[2023-08-20T23:24:00+0200.0163][INFO ][<ipython-input-1-dd4144f9cfb0>] - Final eps value = 0.0001
[2023-08-20T23:24:00+0200.0165][INFO ][<ipython-input-1-dd4144f9cfb0>] - m.vel = 0.05 m/s, m.distance = 0.03 m
[2023-08-20T23:24:00+0200.0166][INFO ][<ipython-input-1-dd4144f9cfb0>] - Nodes = 20
[2023-08-20T23:24:00+0200.0168][INFO ][<ipython-input-1-dd4144f9cfb0>] - Fixed knee constraints and added hip constraints
[2023-08-20T23:24:00+0200.0170][INFO ][<ipython-input-1-dd4144f9cfb0>] - -------------------------------------------------------
[2023-08-20T23:24:59+0200.0635][INFO ][<ipython-input-27-bbbc76687ed3>] - eps: 1000.0
[2023-08-20T23:25:05+0200.0284][INFO ][<ipython-input-27-bbbc76687ed3>] - eps: 100.0
[2023-08-20T23:25:31+0200.0143][INFO ][<ipython-input-27-bbbc76687ed3>] - eps: 10.0
[2023-08-20T23:26:36+0200.0825][INFO ][<ipython-input-27-bbbc76687ed3>] - eps: 1.0
[2023-08-20T23:26:51+0200.0763][INFO ][<ipython-input-27-bbbc76687ed3>] - eps: 0.1
[2023-08-20T23:28:44+0200.0221][INFO ][<ipython-input-27-bbbc76687ed3>] - eps: 0.01
[2023-08-20T23:30:44+0200.0159][INFO ][<ipython-input-27-bbbc76687ed3>] - eps: 0.001
[2023-08-20T23:31:20+0200.0351][INFO ][<ipython-input-27-bbbc76687ed3>] - eps: 0.0001
[2023-08-20T23:33:54+0200.0790][INFO ][<ipython-input-31-598ac6f1f495>] - Trajectory Optimisation Completed
[2023-08-20T23:33:54+0200.0794][INFO ][<ipython-input-31-598ac6f1f495>] - Distance travelled: 0.04713291882090172 m
[2023-08-20T23:33:54+0200.0796][INFO ][<ipython-input-31-598ac6f1f495>] - Gait Duration: 0.9278676958863539 s
[2023-08-20T23:33:54+0200.0799][INFO ][<ipython-input-31-598ac6f1f495>] - velocity (dist/time): 0.050000000000000024
[2023-08-20T23:33:54+0200.0800][INFO ][<ipython-input-31-598ac6f1f495>] - Final velocity: 0.033624791796164316
[2023-08-20T23:33:54+0200.0802][INFO ][<ipython-input-31-598ac6f1f495>] - average x velocity: 0.0472150176679159
[2023-08-20T23:33:54+0200.0803][INFO ][<ipython-input-31-598ac6f1f495>] - minimum x velocity: 0.015011223464927588
[2023-08-20T23:33:54+0200.0804][INFO ][<ipython-input-31-598ac6f1f495>] - maximum x velocity: 0.10791731705040071
[2023-08-20T23:33:54+0200.0806][INFO ][<ipython-input-31-598ac6f1f495>] - -------------------------------------------------------
