[2023-08-18T13:52:50+0200.0457][INFO ][<ipython-input-1-b977cc1485fa>] - -------------------------------------------------------
[2023-08-18T13:52:50+0200.0473][INFO ][<ipython-input-1-b977cc1485fa>] - Gait name: TwoD_SS_23
[2023-08-18T13:52:50+0200.0473][INFO ][<ipython-input-1-b977cc1485fa>] - 2D SS walk - initial and final positions the same
[2023-08-18T13:52:50+0200.0479][INFO ][<ipython-input-1-b977cc1485fa>] - No contact order enforced, No body configuration enforced
[2023-08-18T13:52:50+0200.0481][INFO ][<ipython-input-1-b977cc1485fa>] - Slip and friction implemented as slack variables
[2023-08-18T13:52:50+0200.0483][INFO ][<ipython-input-1-b977cc1485fa>] - Cost func = return sum(((m.tau_h1[n]**2+m.tau_k1[n]**2+m.tau_h2[n]**2+m.tau_k2[n]**2+m.tau_h3[n]**2+m.tau_k3[n]**2+m.tau_h4[n]**2+m.tau_k4[n]**2)*m.h[n]) for n in range(1,N+1))/m.q0[N,'x']
[2023-08-18T13:52:50+0200.0484][INFO ][<ipython-input-1-b977cc1485fa>] - Final eps value = 0.001
[2023-08-18T13:52:50+0200.0486][INFO ][<ipython-input-1-b977cc1485fa>] - m.vel = 0.05 m/s, m.distance = 0.05 m
[2023-08-18T13:52:50+0200.0488][INFO ][<ipython-input-1-b977cc1485fa>] - Nodes = 20
[2023-08-18T13:52:50+0200.0489][INFO ][<ipython-input-1-b977cc1485fa>] - Contact order enforced and >< leg configuration
[2023-08-18T13:52:50+0200.0491][INFO ][<ipython-input-1-b977cc1485fa>] - Fixed knee constraints and added hip constraints
[2023-08-18T13:52:50+0200.0492][INFO ][<ipython-input-1-b977cc1485fa>] - -------------------------------------------------------
[2023-08-18T13:56:10+0200.0110][INFO ][<ipython-input-27-bcd832af87ea>] - eps: 1000.0
[2023-08-18T13:59:06+0200.0958][INFO ][<ipython-input-27-bcd832af87ea>] - eps: 100.0
[2023-08-18T14:00:22+0200.0721][INFO ][<ipython-input-27-bcd832af87ea>] - eps: 10.0
[2023-08-18T14:01:59+0200.0788][INFO ][<ipython-input-27-bcd832af87ea>] - eps: 1.0
[2023-08-18T14:12:53+0200.0187][INFO ][<ipython-input-27-bcd832af87ea>] - eps: 0.1
[2023-08-18T14:25:49+0200.0348][INFO ][<ipython-input-27-bcd832af87ea>] - eps: 0.01
[2023-08-18T14:32:24+0200.0038][INFO ][<ipython-input-27-bcd832af87ea>] - eps: 0.001
[2023-08-18T14:36:47+0200.0630][INFO ][<ipython-input-31-598ac6f1f495>] - Trajectory Optimisation Completed
[2023-08-18T14:36:47+0200.0630][INFO ][<ipython-input-31-598ac6f1f495>] - Distance travelled: 0.2410613445632996 m
[2023-08-18T14:36:47+0200.0630][INFO ][<ipython-input-31-598ac6f1f495>] - Gait Duration: 6.090040501444628 s
[2023-08-18T14:36:47+0200.0630][INFO ][<ipython-input-31-598ac6f1f495>] - velocity (dist/time): 0.049999999999999996
[2023-08-18T14:36:47+0200.0646][INFO ][<ipython-input-31-598ac6f1f495>] - Final velocity: 0.05752507247324588
[2023-08-18T14:36:47+0200.0646][INFO ][<ipython-input-31-598ac6f1f495>] - average x velocity: 0.09880834027144858
[2023-08-18T14:36:47+0200.0646][INFO ][<ipython-input-31-598ac6f1f495>] - minimum x velocity: -0.2188098309737479
[2023-08-18T14:36:47+0200.0646][INFO ][<ipython-input-31-598ac6f1f495>] - maximum x velocity: 0.49167584436086836
[2023-08-18T14:36:47+0200.0652][INFO ][<ipython-input-31-598ac6f1f495>] - -------------------------------------------------------
[2023-08-18T15:21:14+0200.0558][INFO ][<ipython-input-1-b977cc1485fa>] - -------------------------------------------------------
[2023-08-18T15:21:14+0200.0558][INFO ][<ipython-input-1-b977cc1485fa>] - Gait name: TwoD_SS_23
[2023-08-18T15:21:14+0200.0558][INFO ][<ipython-input-1-b977cc1485fa>] - 2D SS walk - initial and final positions the same
[2023-08-18T15:21:14+0200.0563][INFO ][<ipython-input-1-b977cc1485fa>] - No contact order enforced, No body configuration enforced
[2023-08-18T15:21:14+0200.0566][INFO ][<ipython-input-1-b977cc1485fa>] - Slip and friction implemented as slack variables
[2023-08-18T15:21:14+0200.0567][INFO ][<ipython-input-1-b977cc1485fa>] - Cost func = return sum(((m.tau_h1[n]**2+m.tau_k1[n]**2+m.tau_h2[n]**2+m.tau_k2[n]**2+m.tau_h3[n]**2+m.tau_k3[n]**2+m.tau_h4[n]**2+m.tau_k4[n]**2)*m.h[n]) for n in range(1,N+1))/m.q0[N,'x']
[2023-08-18T15:21:14+0200.0570][INFO ][<ipython-input-1-b977cc1485fa>] - Final eps value = 0.001
[2023-08-18T15:21:14+0200.0572][INFO ][<ipython-input-1-b977cc1485fa>] - m.vel = 0.05 m/s, m.distance = 0.05 m
[2023-08-18T15:21:14+0200.0573][INFO ][<ipython-input-1-b977cc1485fa>] - Nodes = 20
[2023-08-18T15:21:14+0200.0575][INFO ][<ipython-input-1-b977cc1485fa>] - Contact order enforced and >< leg configuration
[2023-08-18T15:21:14+0200.0577][INFO ][<ipython-input-1-b977cc1485fa>] - Fixed knee constraints and added hip constraints
[2023-08-18T15:21:14+0200.0579][INFO ][<ipython-input-1-b977cc1485fa>] - -------------------------------------------------------
[2023-08-18T15:22:40+0200.0067][INFO ][<ipython-input-27-bcd832af87ea>] - eps: 1000.0
[2023-08-18T15:26:37+0200.0495][INFO ][<ipython-input-27-bcd832af87ea>] - eps: 100.0
[2023-08-18T15:27:23+0200.0351][INFO ][<ipython-input-27-bcd832af87ea>] - eps: 10.0
[2023-08-18T15:27:56+0200.0274][INFO ][<ipython-input-27-bcd832af87ea>] - eps: 1.0
[2023-08-18T15:28:51+0200.0268][INFO ][<ipython-input-27-bcd832af87ea>] - eps: 0.1
[2023-08-18T15:30:19+0200.0651][INFO ][<ipython-input-27-bcd832af87ea>] - eps: 0.01
[2023-08-18T15:37:41+0200.0127][INFO ][<ipython-input-27-bcd832af87ea>] - eps: 0.001
[2023-08-18T15:38:52+0200.0912][INFO ][<ipython-input-31-598ac6f1f495>] - Trajectory Optimisation Completed
[2023-08-18T15:38:52+0200.0916][INFO ][<ipython-input-31-598ac6f1f495>] - Distance travelled: 0.05062739134623461 m
[2023-08-18T15:38:52+0200.0919][INFO ][<ipython-input-31-598ac6f1f495>] - Gait Duration: 1.0016944954644265 s
[2023-08-18T15:38:52+0200.0921][INFO ][<ipython-input-31-598ac6f1f495>] - velocity (dist/time): 0.05000000000000247
[2023-08-18T15:38:52+0200.0925][INFO ][<ipython-input-31-598ac6f1f495>] - Final velocity: 0.05631397482866893
[2023-08-18T15:38:52+0200.0927][INFO ][<ipython-input-31-598ac6f1f495>] - average x velocity: 0.06295342195867959
[2023-08-18T15:38:52+0200.0930][INFO ][<ipython-input-31-598ac6f1f495>] - minimum x velocity: 0.02078245593279819
[2023-08-18T15:38:52+0200.0932][INFO ][<ipython-input-31-598ac6f1f495>] - maximum x velocity: 0.08131317830131418
[2023-08-18T15:38:52+0200.0935][INFO ][<ipython-input-31-598ac6f1f495>] - -------------------------------------------------------
