[2023-08-21T06:53:24+0200.0879][INFO ][<ipython-input-1-00c6652c0ee9>] - -------------------------------------------------------
[2023-08-21T06:53:24+0200.0895][INFO ][<ipython-input-1-00c6652c0ee9>] - Gait name: TwoD_SS_33
[2023-08-21T06:53:24+0200.0897][INFO ][<ipython-input-1-00c6652c0ee9>] - 2D SS walk - initial and final positions the same
[2023-08-21T06:53:24+0200.0899][INFO ][<ipython-input-1-00c6652c0ee9>] - No contact order enforced, No body configuration enforced
[2023-08-21T06:53:24+0200.0902][INFO ][<ipython-input-1-00c6652c0ee9>] - Slip and friction implemented as slack variables
[2023-08-21T06:53:24+0200.0904][INFO ][<ipython-input-1-00c6652c0ee9>] - Cost func = return sum(((m.tau_h1[n]**2+m.tau_k1[n]**2+m.tau_h2[n]**2+m.tau_k2[n]**2+m.tau_h3[n]**2+m.tau_k3[n]**2+m.tau_h4[n]**2+m.tau_k4[n]**2)*m.h[n]) for n in range(1,N+1))/m.q0[N,'x']
[2023-08-21T06:53:24+0200.0906][INFO ][<ipython-input-1-00c6652c0ee9>] - Final eps value = 0.0001
[2023-08-21T06:53:24+0200.0908][INFO ][<ipython-input-1-00c6652c0ee9>] - m.vel = 0.05 m/s, m.distance = 0.07 m
[2023-08-21T06:53:24+0200.0910][INFO ][<ipython-input-1-00c6652c0ee9>] - Nodes = 20
[2023-08-21T06:53:24+0200.0911][INFO ][<ipython-input-1-00c6652c0ee9>] - Fixed knee constraints and added hip constraints
[2023-08-21T06:53:24+0200.0913][INFO ][<ipython-input-1-00c6652c0ee9>] - -------------------------------------------------------
[2023-08-21T06:55:16+0200.0988][INFO ][<ipython-input-27-bbbc76687ed3>] - eps: 1000.0
[2023-08-21T06:55:24+0200.0117][INFO ][<ipython-input-27-bbbc76687ed3>] - eps: 100.0
[2023-08-21T06:56:09+0200.0718][INFO ][<ipython-input-27-bbbc76687ed3>] - eps: 10.0
[2023-08-21T06:56:33+0200.0670][INFO ][<ipython-input-27-bbbc76687ed3>] - eps: 1.0
[2023-08-21T06:57:11+0200.0766][INFO ][<ipython-input-27-bbbc76687ed3>] - eps: 0.1
[2023-08-21T06:57:55+0200.0581][INFO ][<ipython-input-27-bbbc76687ed3>] - eps: 0.01
[2023-08-21T06:58:37+0200.0602][INFO ][<ipython-input-27-bbbc76687ed3>] - eps: 0.001
[2023-08-21T06:59:16+0200.0110][INFO ][<ipython-input-27-bbbc76687ed3>] - eps: 0.0001
[2023-08-21T07:00:06+0200.0501][INFO ][<ipython-input-31-598ac6f1f495>] - Trajectory Optimisation Completed
[2023-08-21T07:00:06+0200.0503][INFO ][<ipython-input-31-598ac6f1f495>] - Distance travelled: 0.07274757025605987 m
[2023-08-21T07:00:06+0200.0509][INFO ][<ipython-input-31-598ac6f1f495>] - Gait Duration: 1.4001331286534588 s
[2023-08-21T07:00:06+0200.0511][INFO ][<ipython-input-31-598ac6f1f495>] - velocity (dist/time): 0.05000000000000004
[2023-08-21T07:00:06+0200.0513][INFO ][<ipython-input-31-598ac6f1f495>] - Final velocity: 0.017347354904366313
[2023-08-21T07:00:06+0200.0515][INFO ][<ipython-input-31-598ac6f1f495>] - average x velocity: 0.04649443037628988
[2023-08-21T07:00:06+0200.0517][INFO ][<ipython-input-31-598ac6f1f495>] - minimum x velocity: 0.017347354904366313
[2023-08-21T07:00:06+0200.0520][INFO ][<ipython-input-31-598ac6f1f495>] - maximum x velocity: 0.11505317343652115
[2023-08-21T07:00:06+0200.0521][INFO ][<ipython-input-31-598ac6f1f495>] - -------------------------------------------------------
[2023-08-21T07:14:39+0200.0680][INFO ][<ipython-input-1-0ddec75f12c8>] - -------------------------------------------------------
[2023-08-21T07:14:39+0200.0696][INFO ][<ipython-input-1-0ddec75f12c8>] - Gait name: TwoD_SS_34
[2023-08-21T07:14:39+0200.0696][INFO ][<ipython-input-1-0ddec75f12c8>] - 2D SS walk - initial and final positions the same
[2023-08-21T07:14:39+0200.0702][INFO ][<ipython-input-1-0ddec75f12c8>] - No contact order enforced, No body configuration enforced
[2023-08-21T07:14:39+0200.0704][INFO ][<ipython-input-1-0ddec75f12c8>] - Slip and friction implemented as slack variables
[2023-08-21T07:14:39+0200.0706][INFO ][<ipython-input-1-0ddec75f12c8>] - Cost func = return sum(((m.tau_h1[n]**2+m.tau_k1[n]**2+m.tau_h2[n]**2+m.tau_k2[n]**2+m.tau_h3[n]**2+m.tau_k3[n]**2+m.tau_h4[n]**2+m.tau_k4[n]**2)*m.h[n]) for n in range(1,N+1))/m.q0[N,'x']
[2023-08-21T07:14:39+0200.0708][INFO ][<ipython-input-1-0ddec75f12c8>] - Final eps value = 0.0001
[2023-08-21T07:14:39+0200.0709][INFO ][<ipython-input-1-0ddec75f12c8>] - m.vel = 0.05 m/s, m.distance = 0.1 m
[2023-08-21T07:14:39+0200.0711][INFO ][<ipython-input-1-0ddec75f12c8>] - Nodes = 20
[2023-08-21T07:14:39+0200.0713][INFO ][<ipython-input-1-0ddec75f12c8>] - Fixed knee constraints and added hip constraints
[2023-08-21T07:14:39+0200.0714][INFO ][<ipython-input-1-0ddec75f12c8>] - -------------------------------------------------------
[2023-08-21T07:15:26+0200.0828][INFO ][<ipython-input-27-bbbc76687ed3>] - eps: 1000.0
[2023-08-21T07:15:35+0200.0234][INFO ][<ipython-input-31-598ac6f1f495>] - Trajectory Optimisation Completed
[2023-08-21T07:15:35+0200.0236][INFO ][<ipython-input-31-598ac6f1f495>] - Distance travelled: 0.11913177566288594 m
[2023-08-21T07:15:35+0200.0238][INFO ][<ipython-input-31-598ac6f1f495>] - Gait Duration: 1.8999997163903712 s
[2023-08-21T07:15:35+0200.0239][INFO ][<ipython-input-31-598ac6f1f495>] - velocity (dist/time): 0.051335451215220713
[2023-08-21T07:15:35+0200.0241][INFO ][<ipython-input-31-598ac6f1f495>] - Final velocity: 0.051436359776908
[2023-08-21T07:15:35+0200.0242][INFO ][<ipython-input-31-598ac6f1f495>] - average x velocity: 0.0467079080717605
[2023-08-21T07:15:35+0200.0244][INFO ][<ipython-input-31-598ac6f1f495>] - minimum x velocity: 0.03179201962059716
[2023-08-21T07:15:35+0200.0245][INFO ][<ipython-input-31-598ac6f1f495>] - maximum x velocity: 0.07497854674725019
[2023-08-21T07:15:35+0200.0248][INFO ][<ipython-input-31-598ac6f1f495>] - -------------------------------------------------------
[2023-08-21T07:19:31+0200.0944][INFO ][<ipython-input-1-d1b782b026d0>] - -------------------------------------------------------
[2023-08-21T07:19:31+0200.0944][INFO ][<ipython-input-1-d1b782b026d0>] - Gait name: TwoD_SS_35
[2023-08-21T07:19:31+0200.0944][INFO ][<ipython-input-1-d1b782b026d0>] - 2D SS walk - initial and final positions the same
[2023-08-21T07:19:31+0200.0956][INFO ][<ipython-input-1-d1b782b026d0>] - No contact order enforced, No body configuration enforced
[2023-08-21T07:19:31+0200.0958][INFO ][<ipython-input-1-d1b782b026d0>] - Slip and friction implemented as slack variables
[2023-08-21T07:19:31+0200.0960][INFO ][<ipython-input-1-d1b782b026d0>] - Cost func = return sum(((m.tau_h1[n]**2+m.tau_k1[n]**2+m.tau_h2[n]**2+m.tau_k2[n]**2+m.tau_h3[n]**2+m.tau_k3[n]**2+m.tau_h4[n]**2+m.tau_k4[n]**2)*m.h[n]) for n in range(1,N+1))/m.q0[N,'x']
[2023-08-21T07:19:31+0200.0961][INFO ][<ipython-input-1-d1b782b026d0>] - Final eps value = 0.0001
[2023-08-21T07:19:31+0200.0962][INFO ][<ipython-input-1-d1b782b026d0>] - m.vel = 0.05 m/s, m.distance = 0.09 m
[2023-08-21T07:19:31+0200.0964][INFO ][<ipython-input-1-d1b782b026d0>] - Nodes = 20
[2023-08-21T07:19:31+0200.0965][INFO ][<ipython-input-1-d1b782b026d0>] - Fixed knee constraints and added hip constraints
[2023-08-21T07:19:31+0200.0966][INFO ][<ipython-input-1-d1b782b026d0>] - -------------------------------------------------------
[2023-08-21T07:21:11+0200.0815][INFO ][<ipython-input-27-bbbc76687ed3>] - eps: 1000.0
[2023-08-21T07:21:14+0200.0911][INFO ][<ipython-input-27-bbbc76687ed3>] - eps: 100.0
[2023-08-21T07:21:56+0200.0030][INFO ][<ipython-input-27-bbbc76687ed3>] - eps: 10.0
[2023-08-21T07:24:28+0200.0584][INFO ][<ipython-input-27-bbbc76687ed3>] - eps: 1.0
[2023-08-21T07:24:59+0200.0199][INFO ][<ipython-input-27-bbbc76687ed3>] - eps: 0.1
[2023-08-21T07:26:24+0200.0700][INFO ][<ipython-input-27-bbbc76687ed3>] - eps: 0.01
[2023-08-21T07:27:13+0200.0266][INFO ][<ipython-input-27-bbbc76687ed3>] - eps: 0.001
[2023-08-21T07:27:51+0200.0629][INFO ][<ipython-input-27-bbbc76687ed3>] - eps: 0.0001
[2023-08-21T07:28:41+0200.0712][INFO ][<ipython-input-31-598ac6f1f495>] - Trajectory Optimisation Completed
[2023-08-21T07:28:41+0200.0716][INFO ][<ipython-input-31-598ac6f1f495>] - Distance travelled: 0.09130488370187131 m
[2023-08-21T07:28:41+0200.0718][INFO ][<ipython-input-31-598ac6f1f495>] - Gait Duration: 1.8000390695925557 s
[2023-08-21T07:28:41+0200.0720][INFO ][<ipython-input-31-598ac6f1f495>] - velocity (dist/time): 0.049999999999999996
[2023-08-21T07:28:41+0200.0722][INFO ][<ipython-input-31-598ac6f1f495>] - Final velocity: -0.002263647916119302
[2023-08-21T07:28:41+0200.0728][INFO ][<ipython-input-31-598ac6f1f495>] - average x velocity: 0.050769917082757576
[2023-08-21T07:28:41+0200.0731][INFO ][<ipython-input-31-598ac6f1f495>] - minimum x velocity: -0.002263647916119302
[2023-08-21T07:28:41+0200.0733][INFO ][<ipython-input-31-598ac6f1f495>] - maximum x velocity: 0.14154491970231867
[2023-08-21T07:28:41+0200.0735][INFO ][<ipython-input-31-598ac6f1f495>] - -------------------------------------------------------
[2023-08-21T07:30:32+0200.0970][INFO ][<ipython-input-1-6278e4b8a54e>] - -------------------------------------------------------
[2023-08-21T07:30:32+0200.0970][INFO ][<ipython-input-1-6278e4b8a54e>] - Gait name: TwoD_SS_36
[2023-08-21T07:30:32+0200.0970][INFO ][<ipython-input-1-6278e4b8a54e>] - 2D SS walk - initial and final positions the same
[2023-08-21T07:30:32+0200.0979][INFO ][<ipython-input-1-6278e4b8a54e>] - No contact order enforced, No body configuration enforced
[2023-08-21T07:30:32+0200.0981][INFO ][<ipython-input-1-6278e4b8a54e>] - Slip and friction implemented as slack variables
[2023-08-21T07:30:32+0200.0983][INFO ][<ipython-input-1-6278e4b8a54e>] - Cost func = return sum(((m.tau_h1[n]**2+m.tau_k1[n]**2+m.tau_h2[n]**2+m.tau_k2[n]**2+m.tau_h3[n]**2+m.tau_k3[n]**2+m.tau_h4[n]**2+m.tau_k4[n]**2)*m.h[n]) for n in range(1,N+1))/m.q0[N,'x']
[2023-08-21T07:30:32+0200.0985][INFO ][<ipython-input-1-6278e4b8a54e>] - Final eps value = 0.0001
[2023-08-21T07:30:32+0200.0987][INFO ][<ipython-input-1-6278e4b8a54e>] - m.vel = 0.05 m/s, m.distance = 0.09 m
[2023-08-21T07:30:32+0200.0989][INFO ][<ipython-input-1-6278e4b8a54e>] - Nodes = 20, time increased from 0.1 to 0.3
[2023-08-21T07:30:32+0200.0991][INFO ][<ipython-input-1-6278e4b8a54e>] - Fixed knee constraints and added hip constraints
[2023-08-21T07:30:32+0200.0992][INFO ][<ipython-input-1-6278e4b8a54e>] - -------------------------------------------------------
[2023-08-21T07:32:25+0200.0117][INFO ][<ipython-input-27-bbbc76687ed3>] - eps: 1000.0
[2023-08-21T07:32:32+0200.0102][INFO ][<ipython-input-27-bbbc76687ed3>] - eps: 100.0
[2023-08-21T07:32:51+0200.0402][INFO ][<ipython-input-27-bbbc76687ed3>] - eps: 10.0
[2023-08-21T07:33:24+0200.0558][INFO ][<ipython-input-27-bbbc76687ed3>] - eps: 1.0
[2023-08-21T07:33:50+0200.0635][INFO ][<ipython-input-27-bbbc76687ed3>] - eps: 0.1
[2023-08-21T07:34:17+0200.0496][INFO ][<ipython-input-27-bbbc76687ed3>] - eps: 0.01
[2023-08-21T07:34:39+0200.0602][INFO ][<ipython-input-27-bbbc76687ed3>] - eps: 0.001
[2023-08-21T07:35:11+0200.0009][INFO ][<ipython-input-27-bbbc76687ed3>] - eps: 0.0001
[2023-08-21T07:37:16+0200.0337][INFO ][<ipython-input-31-598ac6f1f495>] - Trajectory Optimisation Completed
[2023-08-21T07:37:16+0200.0337][INFO ][<ipython-input-31-598ac6f1f495>] - Distance travelled: 0.09043457969913311 m
[2023-08-21T07:37:16+0200.0337][INFO ][<ipython-input-31-598ac6f1f495>] - Gait Duration: 1.8001047756411719 s
[2023-08-21T07:37:16+0200.0354][INFO ][<ipython-input-31-598ac6f1f495>] - velocity (dist/time): 0.049999999999999996
[2023-08-21T07:37:16+0200.0356][INFO ][<ipython-input-31-598ac6f1f495>] - Final velocity: 0.016210993314293553
[2023-08-21T07:37:16+0200.0359][INFO ][<ipython-input-31-598ac6f1f495>] - average x velocity: 0.05387291240777564
[2023-08-21T07:37:16+0200.0361][INFO ][<ipython-input-31-598ac6f1f495>] - minimum x velocity: -0.033050650761527085
[2023-08-21T07:37:16+0200.0362][INFO ][<ipython-input-31-598ac6f1f495>] - maximum x velocity: 0.16767335552139473
[2023-08-21T07:37:16+0200.0364][INFO ][<ipython-input-31-598ac6f1f495>] - -------------------------------------------------------
[2023-08-21T07:51:27+0200.0814][INFO ][<ipython-input-1-6c7969c528d1>] - -------------------------------------------------------
[2023-08-21T07:51:27+0200.0814][INFO ][<ipython-input-1-6c7969c528d1>] - Gait name: TwoD_SS_37
[2023-08-21T07:51:27+0200.0814][INFO ][<ipython-input-1-6c7969c528d1>] - 2D SS walk - initial and final positions the same
[2023-08-21T07:51:27+0200.0831][INFO ][<ipython-input-1-6c7969c528d1>] - No contact order enforced, No body configuration enforced
[2023-08-21T07:51:27+0200.0833][INFO ][<ipython-input-1-6c7969c528d1>] - Slip and friction implemented as slack variables
[2023-08-21T07:51:27+0200.0834][INFO ][<ipython-input-1-6c7969c528d1>] - Cost func = return sum(((m.tau_h1[n]**2+m.tau_k1[n]**2+m.tau_h2[n]**2+m.tau_k2[n]**2+m.tau_h3[n]**2+m.tau_k3[n]**2+m.tau_h4[n]**2+m.tau_k4[n]**2)*m.h[n]) for n in range(1,N+1))/m.q0[N,'x']
[2023-08-21T07:51:27+0200.0836][INFO ][<ipython-input-1-6c7969c528d1>] - Final eps value = 0.0001
[2023-08-21T07:51:27+0200.0837][INFO ][<ipython-input-1-6c7969c528d1>] - m.vel = 0.05 m/s, m.distance = 0.1 m
[2023-08-21T07:51:27+0200.0839][INFO ][<ipython-input-1-6c7969c528d1>] - Nodes = 20, time variable 0.3-0.01
[2023-08-21T07:51:27+0200.0840][INFO ][<ipython-input-1-6c7969c528d1>] - Fixed knee constraints and added hip constraints
[2023-08-21T07:51:27+0200.0842][INFO ][<ipython-input-1-6c7969c528d1>] - -------------------------------------------------------
[2023-08-21T07:52:47+0200.0508][INFO ][<ipython-input-27-bbbc76687ed3>] - eps: 1000.0
[2023-08-21T07:52:57+0200.0292][INFO ][<ipython-input-27-bbbc76687ed3>] - eps: 100.0
[2023-08-21T07:53:14+0200.0192][INFO ][<ipython-input-27-bbbc76687ed3>] - eps: 10.0
[2023-08-21T07:53:31+0200.0419][INFO ][<ipython-input-27-bbbc76687ed3>] - eps: 1.0
[2023-08-21T07:53:44+0200.0557][INFO ][<ipython-input-27-bbbc76687ed3>] - eps: 0.1
[2023-08-21T07:54:10+0200.0943][INFO ][<ipython-input-27-bbbc76687ed3>] - eps: 0.01
[2023-08-21T07:54:34+0200.0384][INFO ][<ipython-input-27-bbbc76687ed3>] - eps: 0.001
[2023-08-21T07:55:07+0200.0480][INFO ][<ipython-input-27-bbbc76687ed3>] - eps: 0.0001
[2023-08-21T07:56:05+0200.0703][INFO ][<ipython-input-31-598ac6f1f495>] - Trajectory Optimisation Completed
[2023-08-21T07:56:05+0200.0705][INFO ][<ipython-input-31-598ac6f1f495>] - Distance travelled: 0.10075151217601207 m
[2023-08-21T07:56:05+0200.0708][INFO ][<ipython-input-31-598ac6f1f495>] - Gait Duration: 2.000108145835921 s
[2023-08-21T07:56:05+0200.0710][INFO ][<ipython-input-31-598ac6f1f495>] - velocity (dist/time): 0.049999999999999975
[2023-08-21T07:56:05+0200.0712][INFO ][<ipython-input-31-598ac6f1f495>] - Final velocity: -0.02290047385834245
[2023-08-21T07:56:05+0200.0714][INFO ][<ipython-input-31-598ac6f1f495>] - average x velocity: 0.04344128131770426
[2023-08-21T07:56:05+0200.0717][INFO ][<ipython-input-31-598ac6f1f495>] - minimum x velocity: -0.02290047385834245
[2023-08-21T07:56:05+0200.0719][INFO ][<ipython-input-31-598ac6f1f495>] - maximum x velocity: 0.22618890117924006
[2023-08-21T07:56:05+0200.0721][INFO ][<ipython-input-31-598ac6f1f495>] - -------------------------------------------------------
[2023-08-21T08:45:07+0200.0343][INFO ][<ipython-input-1-39f9bbb144d2>] - -------------------------------------------------------
[2023-08-21T08:45:07+0200.0343][INFO ][<ipython-input-1-39f9bbb144d2>] - Gait name: TwoD_SS_38
[2023-08-21T08:45:07+0200.0343][INFO ][<ipython-input-1-39f9bbb144d2>] - 2D SS walk - initial and final positions the same
[2023-08-21T08:45:07+0200.0354][INFO ][<ipython-input-1-39f9bbb144d2>] - No contact order enforced, No body configuration enforced
[2023-08-21T08:45:07+0200.0356][INFO ][<ipython-input-1-39f9bbb144d2>] - Slip and friction implemented as slack variables
[2023-08-21T08:45:07+0200.0358][INFO ][<ipython-input-1-39f9bbb144d2>] - Cost func = return sum(((m.tau_h1[n]**2+m.tau_k1[n]**2+m.tau_h2[n]**2+m.tau_k2[n]**2+m.tau_h3[n]**2+m.tau_k3[n]**2+m.tau_h4[n]**2+m.tau_k4[n]**2)*m.h[n]) for n in range(1,N+1))/m.q0[N,'x']
[2023-08-21T08:45:07+0200.0360][INFO ][<ipython-input-1-39f9bbb144d2>] - Final eps value = 0.0001
[2023-08-21T08:45:07+0200.0362][INFO ][<ipython-input-1-39f9bbb144d2>] - m.vel = 0.05 m/s, m.distance = 0.12 m
[2023-08-21T08:45:07+0200.0364][INFO ][<ipython-input-1-39f9bbb144d2>] - Nodes = 20, time variable 0.3-0.01
[2023-08-21T08:45:07+0200.0366][INFO ][<ipython-input-1-39f9bbb144d2>] - Fixed knee constraints and added hip constraints
[2023-08-21T08:45:07+0200.0368][INFO ][<ipython-input-1-39f9bbb144d2>] - -------------------------------------------------------
[2023-08-21T08:46:29+0200.0242][INFO ][<ipython-input-27-bbbc76687ed3>] - eps: 1000.0
[2023-08-21T08:46:48+0200.0291][INFO ][<ipython-input-27-bbbc76687ed3>] - eps: 100.0
[2023-08-21T08:46:59+0200.0641][INFO ][<ipython-input-27-bbbc76687ed3>] - eps: 10.0
[2023-08-21T08:47:07+0200.0585][INFO ][<ipython-input-27-bbbc76687ed3>] - eps: 1.0
[2023-08-21T08:47:36+0200.0917][INFO ][<ipython-input-27-bbbc76687ed3>] - eps: 0.1
[2023-08-21T08:47:55+0200.0496][INFO ][<ipython-input-27-bbbc76687ed3>] - eps: 0.01
[2023-08-21T08:48:24+0200.0903][INFO ][<ipython-input-27-bbbc76687ed3>] - eps: 0.001
[2023-08-21T08:49:02+0200.0550][INFO ][<ipython-input-27-bbbc76687ed3>] - eps: 0.0001
[2023-08-21T08:49:58+0200.0879][INFO ][<ipython-input-31-598ac6f1f495>] - Trajectory Optimisation Completed
[2023-08-21T08:49:58+0200.0881][INFO ][<ipython-input-31-598ac6f1f495>] - Distance travelled: 0.12273104250669772 m
[2023-08-21T08:49:58+0200.0883][INFO ][<ipython-input-31-598ac6f1f495>] - Gait Duration: 2.4003158776973263 s
[2023-08-21T08:49:58+0200.0885][INFO ][<ipython-input-31-598ac6f1f495>] - velocity (dist/time): 0.049999999999999996
[2023-08-21T08:49:58+0200.0887][INFO ][<ipython-input-31-598ac6f1f495>] - Final velocity: 0.008439999206574688
[2023-08-21T08:49:58+0200.0889][INFO ][<ipython-input-31-598ac6f1f495>] - average x velocity: 0.06547052761889782
[2023-08-21T08:49:58+0200.0891][INFO ][<ipython-input-31-598ac6f1f495>] - minimum x velocity: -0.015438537661333542
[2023-08-21T08:49:58+0200.0901][INFO ][<ipython-input-31-598ac6f1f495>] - maximum x velocity: 0.19212689602386876
[2023-08-21T08:49:58+0200.0903][INFO ][<ipython-input-31-598ac6f1f495>] - -------------------------------------------------------
[2023-08-21T08:57:53+0200.0463][INFO ][<ipython-input-1-5e27991f6d2d>] - -------------------------------------------------------
[2023-08-21T08:57:53+0200.0463][INFO ][<ipython-input-1-5e27991f6d2d>] - Gait name: TwoD_SS_38
[2023-08-21T08:57:53+0200.0478][INFO ][<ipython-input-1-5e27991f6d2d>] - 2D SS walk - initial and final positions the same
[2023-08-21T08:57:53+0200.0479][INFO ][<ipython-input-1-5e27991f6d2d>] - No contact order enforced, No body configuration enforced
[2023-08-21T08:57:53+0200.0481][INFO ][<ipython-input-1-5e27991f6d2d>] - Slip and friction implemented as slack variables
[2023-08-21T08:57:53+0200.0482][INFO ][<ipython-input-1-5e27991f6d2d>] - Cost func = return sum(((m.tau_h1[n]**2+m.tau_k1[n]**2+m.tau_h2[n]**2+m.tau_k2[n]**2+m.tau_h3[n]**2+m.tau_k3[n]**2+m.tau_h4[n]**2+m.tau_k4[n]**2)*m.h[n]) for n in range(1,N+1))/m.q0[N,'x']
[2023-08-21T08:57:53+0200.0484][INFO ][<ipython-input-1-5e27991f6d2d>] - Final eps value = 0.0001
[2023-08-21T08:57:53+0200.0485][INFO ][<ipython-input-1-5e27991f6d2d>] - m.vel = 0.05 m/s, m.distance = 0.12 m
[2023-08-21T08:57:53+0200.0487][INFO ][<ipython-input-1-5e27991f6d2d>] - Nodes = 20, time variable 0.3-0.01
[2023-08-21T08:57:53+0200.0488][INFO ][<ipython-input-1-5e27991f6d2d>] - Fixed knee constraints and added hip constraints
[2023-08-21T08:57:53+0200.0490][INFO ][<ipython-input-1-5e27991f6d2d>] - -------------------------------------------------------
[2023-08-21T08:59:36+0200.0647][INFO ][<ipython-input-27-bbbc76687ed3>] - eps: 1000.0
[2023-08-21T08:59:46+0200.0320][INFO ][<ipython-input-27-bbbc76687ed3>] - eps: 100.0
[2023-08-21T09:00:20+0200.0967][INFO ][<ipython-input-27-bbbc76687ed3>] - eps: 10.0
[2023-08-21T09:01:01+0200.0218][INFO ][<ipython-input-27-bbbc76687ed3>] - eps: 1.0
[2023-08-21T09:01:26+0200.0850][INFO ][<ipython-input-27-bbbc76687ed3>] - eps: 0.1
[2023-08-21T09:01:41+0200.0131][INFO ][<ipython-input-27-bbbc76687ed3>] - eps: 0.01
[2023-08-21T09:02:02+0200.0131][INFO ][<ipython-input-27-bbbc76687ed3>] - eps: 0.001
[2023-08-21T09:02:30+0200.0413][INFO ][<ipython-input-27-bbbc76687ed3>] - eps: 0.0001
[2023-08-21T09:03:08+0200.0313][INFO ][<ipython-input-31-598ac6f1f495>] - Trajectory Optimisation Completed
[2023-08-21T09:03:08+0200.0317][INFO ][<ipython-input-31-598ac6f1f495>] - Distance travelled: 0.1307936364361326 m
[2023-08-21T09:03:08+0200.0318][INFO ][<ipython-input-31-598ac6f1f495>] - Gait Duration: 2.400137181510705 s
[2023-08-21T09:03:08+0200.0320][INFO ][<ipython-input-31-598ac6f1f495>] - velocity (dist/time): 0.049999999999999996
[2023-08-21T09:03:08+0200.0323][INFO ][<ipython-input-31-598ac6f1f495>] - Final velocity: 0.100295733133293
[2023-08-21T09:03:08+0200.0325][INFO ][<ipython-input-31-598ac6f1f495>] - average x velocity: 0.08363480413313008
[2023-08-21T09:03:08+0200.0326][INFO ][<ipython-input-31-598ac6f1f495>] - minimum x velocity: -6.57605689161493e-05
[2023-08-21T09:03:08+0200.0328][INFO ][<ipython-input-31-598ac6f1f495>] - maximum x velocity: 0.2596274848377376
[2023-08-21T09:03:08+0200.0330][INFO ][<ipython-input-31-598ac6f1f495>] - -------------------------------------------------------
[2023-08-21T09:13:10+0200.0397][INFO ][<ipython-input-1-e12905f7c3a9>] - -------------------------------------------------------
[2023-08-21T09:13:10+0200.0397][INFO ][<ipython-input-1-e12905f7c3a9>] - Gait name: TwoD_SS_39
[2023-08-21T09:13:10+0200.0397][INFO ][<ipython-input-1-e12905f7c3a9>] - 2D SS walk - initial and final positions the same
[2023-08-21T09:13:10+0200.0408][INFO ][<ipython-input-1-e12905f7c3a9>] - No contact order enforced, No body configuration enforced
[2023-08-21T09:13:10+0200.0410][INFO ][<ipython-input-1-e12905f7c3a9>] - Slip and friction implemented as slack variables
[2023-08-21T09:13:10+0200.0412][INFO ][<ipython-input-1-e12905f7c3a9>] - Cost func = return sum(((m.tau_h1[n]**2+m.tau_k1[n]**2+m.tau_h2[n]**2+m.tau_k2[n]**2+m.tau_h3[n]**2+m.tau_k3[n]**2+m.tau_h4[n]**2+m.tau_k4[n]**2)*m.h[n]) for n in range(1,N+1))/m.q0[N,'x']
[2023-08-21T09:13:10+0200.0414][INFO ][<ipython-input-1-e12905f7c3a9>] - Final eps value = 0.0001
[2023-08-21T09:13:10+0200.0417][INFO ][<ipython-input-1-e12905f7c3a9>] - m.vel = 0.05 m/s, m.distance = 0.15 m
[2023-08-21T09:13:10+0200.0418][INFO ][<ipython-input-1-e12905f7c3a9>] - Nodes = 20, time variable 0.3-0.01
[2023-08-21T09:13:10+0200.0420][INFO ][<ipython-input-1-e12905f7c3a9>] - Fixed knee constraints and added hip constraints
[2023-08-21T09:13:10+0200.0422][INFO ][<ipython-input-1-e12905f7c3a9>] - -------------------------------------------------------
[2023-08-21T09:14:34+0200.0512][INFO ][<ipython-input-27-bbbc76687ed3>] - eps: 1000.0
[2023-08-21T09:14:56+0200.0360][INFO ][<ipython-input-27-bbbc76687ed3>] - eps: 100.0
[2023-08-21T09:15:40+0200.0076][INFO ][<ipython-input-27-bbbc76687ed3>] - eps: 10.0
[2023-08-21T09:16:02+0200.0807][INFO ][<ipython-input-27-bbbc76687ed3>] - eps: 1.0
[2023-08-21T09:17:45+0200.0231][INFO ][<ipython-input-27-bbbc76687ed3>] - eps: 0.1
[2023-08-21T09:20:15+0200.0313][INFO ][<ipython-input-27-bbbc76687ed3>] - eps: 0.01
[2023-08-21T09:21:31+0200.0364][INFO ][<ipython-input-27-bbbc76687ed3>] - eps: 0.001
[2023-08-21T09:22:26+0200.0782][INFO ][<ipython-input-27-bbbc76687ed3>] - eps: 0.0001
[2023-08-21T09:23:01+0200.0390][INFO ][<ipython-input-31-598ac6f1f495>] - Trajectory Optimisation Completed
[2023-08-21T09:23:01+0200.0392][INFO ][<ipython-input-31-598ac6f1f495>] - Distance travelled: 0.2684928903241724 m
[2023-08-21T09:23:01+0200.0393][INFO ][<ipython-input-31-598ac6f1f495>] - Gait Duration: 5.350533314685208 s
[2023-08-21T09:23:01+0200.0395][INFO ][<ipython-input-31-598ac6f1f495>] - velocity (dist/time): 0.05
[2023-08-21T09:23:01+0200.0396][INFO ][<ipython-input-31-598ac6f1f495>] - Final velocity: 0.07998110561666459
[2023-08-21T09:23:01+0200.0398][INFO ][<ipython-input-31-598ac6f1f495>] - average x velocity: 0.03915542046706222
[2023-08-21T09:23:01+0200.0399][INFO ][<ipython-input-31-598ac6f1f495>] - minimum x velocity: -0.6854833191152455
[2023-08-21T09:23:01+0200.0400][INFO ][<ipython-input-31-598ac6f1f495>] - maximum x velocity: 0.5450163482766256
[2023-08-21T09:23:01+0200.0401][INFO ][<ipython-input-31-598ac6f1f495>] - -------------------------------------------------------
[2023-08-21T09:23:45+0200.0888][INFO ][<ipython-input-1-73011ecc1dc3>] - -------------------------------------------------------
[2023-08-21T09:23:45+0200.0888][INFO ][<ipython-input-1-73011ecc1dc3>] - Gait name: TwoD_SS_40
[2023-08-21T09:23:45+0200.0888][INFO ][<ipython-input-1-73011ecc1dc3>] - 2D SS walk - initial and final positions the same
[2023-08-21T09:23:45+0200.0897][INFO ][<ipython-input-1-73011ecc1dc3>] - No contact order enforced, No body configuration enforced
[2023-08-21T09:23:45+0200.0899][INFO ][<ipython-input-1-73011ecc1dc3>] - Slip and friction implemented as slack variables
[2023-08-21T09:23:45+0200.0901][INFO ][<ipython-input-1-73011ecc1dc3>] - Cost func = return sum(((m.tau_h1[n]**2+m.tau_k1[n]**2+m.tau_h2[n]**2+m.tau_k2[n]**2+m.tau_h3[n]**2+m.tau_k3[n]**2+m.tau_h4[n]**2+m.tau_k4[n]**2)*m.h[n]) for n in range(1,N+1))/m.q0[N,'x']
[2023-08-21T09:23:45+0200.0904][INFO ][<ipython-input-1-73011ecc1dc3>] - Final eps value = 0.0001
[2023-08-21T09:23:45+0200.0907][INFO ][<ipython-input-1-73011ecc1dc3>] - m.vel = 0.05 m/s, m.distance = 0.13 m
[2023-08-21T09:23:45+0200.0909][INFO ][<ipython-input-1-73011ecc1dc3>] - Nodes = 20, time variable 0.3-0.01
[2023-08-21T09:23:45+0200.0910][INFO ][<ipython-input-1-73011ecc1dc3>] - Fixed knee constraints and added hip constraints
[2023-08-21T09:23:45+0200.0912][INFO ][<ipython-input-1-73011ecc1dc3>] - -------------------------------------------------------
[2023-08-21T09:24:56+0200.0533][INFO ][<ipython-input-27-bbbc76687ed3>] - eps: 1000.0
[2023-08-21T09:25:03+0200.0073][INFO ][<ipython-input-27-bbbc76687ed3>] - eps: 100.0
[2023-08-21T09:25:25+0200.0513][INFO ][<ipython-input-27-bbbc76687ed3>] - eps: 10.0
[2023-08-21T09:25:36+0200.0800][INFO ][<ipython-input-27-bbbc76687ed3>] - eps: 1.0
[2023-08-21T09:25:47+0200.0730][INFO ][<ipython-input-27-bbbc76687ed3>] - eps: 0.1
[2023-08-21T09:27:08+0200.0794][INFO ][<ipython-input-27-bbbc76687ed3>] - eps: 0.01
[2023-08-21T09:27:47+0200.0103][INFO ][<ipython-input-27-bbbc76687ed3>] - eps: 0.001
[2023-08-21T09:28:26+0200.0991][INFO ][<ipython-input-27-bbbc76687ed3>] - eps: 0.0001
[2023-08-21T09:30:01+0200.0505][INFO ][<ipython-input-31-598ac6f1f495>] - Trajectory Optimisation Completed
[2023-08-21T09:30:01+0200.0509][INFO ][<ipython-input-31-598ac6f1f495>] - Distance travelled: 0.12986830478610742 m
[2023-08-21T09:30:01+0200.0511][INFO ][<ipython-input-31-598ac6f1f495>] - Gait Duration: 2.6000130680512905 s
[2023-08-21T09:30:01+0200.0513][INFO ][<ipython-input-31-598ac6f1f495>] - velocity (dist/time): 0.05
[2023-08-21T09:30:01+0200.0515][INFO ][<ipython-input-31-598ac6f1f495>] - Final velocity: -0.05034872842999823
[2023-08-21T09:30:01+0200.0517][INFO ][<ipython-input-31-598ac6f1f495>] - average x velocity: 0.06468305422742568
[2023-08-21T09:30:01+0200.0520][INFO ][<ipython-input-31-598ac6f1f495>] - minimum x velocity: -0.05034872842999823
[2023-08-21T09:30:01+0200.0527][INFO ][<ipython-input-31-598ac6f1f495>] - maximum x velocity: 0.24256621773940304
[2023-08-21T09:30:01+0200.0529][INFO ][<ipython-input-31-598ac6f1f495>] - -------------------------------------------------------
[2023-08-21T09:32:04+0200.0446][INFO ][<ipython-input-1-64cc022fa040>] - -------------------------------------------------------
[2023-08-21T09:32:04+0200.0446][INFO ][<ipython-input-1-64cc022fa040>] - Gait name: TwoD_SS_41
[2023-08-21T09:32:04+0200.0460][INFO ][<ipython-input-1-64cc022fa040>] - 2D SS walk - initial and final positions the same
[2023-08-21T09:32:04+0200.0462][INFO ][<ipython-input-1-64cc022fa040>] - No contact order enforced, No body configuration enforced
[2023-08-21T09:32:04+0200.0464][INFO ][<ipython-input-1-64cc022fa040>] - Slip and friction implemented as slack variables
[2023-08-21T09:32:04+0200.0466][INFO ][<ipython-input-1-64cc022fa040>] - Cost func = return sum(((m.tau_h1[n]**2+m.tau_k1[n]**2+m.tau_h2[n]**2+m.tau_k2[n]**2+m.tau_h3[n]**2+m.tau_k3[n]**2+m.tau_h4[n]**2+m.tau_k4[n]**2)*m.h[n]) for n in range(1,N+1))/m.q0[N,'x']
[2023-08-21T09:32:04+0200.0468][INFO ][<ipython-input-1-64cc022fa040>] - Final eps value = 0.0001
[2023-08-21T09:32:04+0200.0469][INFO ][<ipython-input-1-64cc022fa040>] - m.vel = 0.05 m/s, m.distance = 0.03 m
[2023-08-21T09:32:04+0200.0471][INFO ][<ipython-input-1-64cc022fa040>] - Nodes = 20, time variable 0.3-0.01
[2023-08-21T09:32:04+0200.0473][INFO ][<ipython-input-1-64cc022fa040>] - Fixed knee constraints and added hip constraints
[2023-08-21T09:32:04+0200.0475][INFO ][<ipython-input-1-64cc022fa040>] - -------------------------------------------------------
[2023-08-21T09:33:44+0200.0174][INFO ][<ipython-input-27-bbbc76687ed3>] - eps: 1000.0
[2023-08-21T09:33:49+0200.0578][INFO ][<ipython-input-27-bbbc76687ed3>] - eps: 100.0
[2023-08-21T09:34:22+0200.0983][INFO ][<ipython-input-27-bbbc76687ed3>] - eps: 10.0
[2023-08-21T09:34:34+0200.0525][INFO ][<ipython-input-27-bbbc76687ed3>] - eps: 1.0
[2023-08-21T09:34:54+0200.0498][INFO ][<ipython-input-27-bbbc76687ed3>] - eps: 0.1
[2023-08-21T09:35:03+0200.0920][INFO ][<ipython-input-27-bbbc76687ed3>] - eps: 0.01
[2023-08-21T09:35:21+0200.0171][INFO ][<ipython-input-27-bbbc76687ed3>] - eps: 0.001
[2023-08-21T09:36:02+0200.0819][INFO ][<ipython-input-27-bbbc76687ed3>] - eps: 0.0001
[2023-08-21T09:37:29+0200.0776][INFO ][<ipython-input-31-598ac6f1f495>] - Trajectory Optimisation Completed
[2023-08-21T09:37:29+0200.0782][INFO ][<ipython-input-31-598ac6f1f495>] - Distance travelled: 0.07216365075929197 m
[2023-08-21T09:37:29+0200.0784][INFO ][<ipython-input-31-598ac6f1f495>] - Gait Duration: 1.2763442948452335 s
[2023-08-21T09:37:29+0200.0788][INFO ][<ipython-input-31-598ac6f1f495>] - velocity (dist/time): 0.049999999999999975
[2023-08-21T09:37:29+0200.0790][INFO ][<ipython-input-31-598ac6f1f495>] - Final velocity: 0.032082430772825084
[2023-08-21T09:37:29+0200.0792][INFO ][<ipython-input-31-598ac6f1f495>] - average x velocity: 0.04137107874328956
[2023-08-21T09:37:29+0200.0794][INFO ][<ipython-input-31-598ac6f1f495>] - minimum x velocity: -0.0374904304983888
[2023-08-21T09:37:29+0200.0796][INFO ][<ipython-input-31-598ac6f1f495>] - maximum x velocity: 0.12967246073884775
[2023-08-21T09:37:29+0200.0799][INFO ][<ipython-input-31-598ac6f1f495>] - -------------------------------------------------------
[2023-08-21T09:43:16+0200.0783][INFO ][<ipython-input-1-d618ca368a73>] - -------------------------------------------------------
[2023-08-21T09:43:16+0200.0783][INFO ][<ipython-input-1-d618ca368a73>] - Gait name: TwoD_SS_42
[2023-08-21T09:43:16+0200.0799][INFO ][<ipython-input-1-d618ca368a73>] - 2D SS walk - initial and final positions the same
[2023-08-21T09:43:16+0200.0803][INFO ][<ipython-input-1-d618ca368a73>] - No contact order enforced, No body configuration enforced
[2023-08-21T09:43:16+0200.0805][INFO ][<ipython-input-1-d618ca368a73>] - Slip and friction implemented as slack variables
[2023-08-21T09:43:16+0200.0807][INFO ][<ipython-input-1-d618ca368a73>] - Cost func = return sum(((m.tau_h1[n]**2+m.tau_k1[n]**2+m.tau_h2[n]**2+m.tau_k2[n]**2+m.tau_h3[n]**2+m.tau_k3[n]**2+m.tau_h4[n]**2+m.tau_k4[n]**2)*m.h[n]) for n in range(1,N+1))/m.q0[N,'x']
[2023-08-21T09:43:16+0200.0809][INFO ][<ipython-input-1-d618ca368a73>] - Final eps value = 0.0001
[2023-08-21T09:43:16+0200.0811][INFO ][<ipython-input-1-d618ca368a73>] - m.vel = 0.05 m/s, m.distance = 0.08 m
[2023-08-21T09:43:16+0200.0813][INFO ][<ipython-input-1-d618ca368a73>] - Nodes = 20, time variable 0.3-0.01
[2023-08-21T09:43:16+0200.0815][INFO ][<ipython-input-1-d618ca368a73>] - Fixed knee constraints and added hip constraints
[2023-08-21T09:43:16+0200.0817][INFO ][<ipython-input-1-d618ca368a73>] - -------------------------------------------------------
[2023-08-21T09:46:02+0200.0174][INFO ][<ipython-input-27-bbbc76687ed3>] - eps: 1000.0
[2023-08-21T09:46:26+0200.0890][INFO ][<ipython-input-27-bbbc76687ed3>] - eps: 100.0
[2023-08-21T09:46:57+0200.0834][INFO ][<ipython-input-27-bbbc76687ed3>] - eps: 10.0
[2023-08-21T09:47:19+0200.0771][INFO ][<ipython-input-27-bbbc76687ed3>] - eps: 1.0
[2023-08-21T09:47:35+0200.0717][INFO ][<ipython-input-27-bbbc76687ed3>] - eps: 0.1
[2023-08-21T09:48:05+0200.0102][INFO ][<ipython-input-27-bbbc76687ed3>] - eps: 0.01
[2023-08-21T09:48:31+0200.0366][INFO ][<ipython-input-27-bbbc76687ed3>] - eps: 0.001
[2023-08-21T09:49:11+0200.0895][INFO ][<ipython-input-27-bbbc76687ed3>] - eps: 0.0001
[2023-08-21T09:49:54+0200.0429][INFO ][<ipython-input-31-598ac6f1f495>] - Trajectory Optimisation Completed
[2023-08-21T09:49:54+0200.0431][INFO ][<ipython-input-31-598ac6f1f495>] - Distance travelled: 0.08130462237181282 m
[2023-08-21T09:49:54+0200.0433][INFO ][<ipython-input-31-598ac6f1f495>] - Gait Duration: 1.6000314187782516 s
[2023-08-21T09:49:54+0200.0435][INFO ][<ipython-input-31-598ac6f1f495>] - velocity (dist/time): 0.04999999999999999
[2023-08-21T09:49:54+0200.0436][INFO ][<ipython-input-31-598ac6f1f495>] - Final velocity: 0.06452761898281528
[2023-08-21T09:49:54+0200.0438][INFO ][<ipython-input-31-598ac6f1f495>] - average x velocity: 0.042421895304671206
[2023-08-21T09:49:54+0200.0440][INFO ][<ipython-input-31-598ac6f1f495>] - minimum x velocity: -0.00026952937951584693
[2023-08-21T09:49:54+0200.0443][INFO ][<ipython-input-31-598ac6f1f495>] - maximum x velocity: 0.15066788273830448
[2023-08-21T09:49:54+0200.0447][INFO ][<ipython-input-31-598ac6f1f495>] - -------------------------------------------------------
[2023-08-21T09:51:13+0200.0965][INFO ][<ipython-input-1-143fd3574b7f>] - -------------------------------------------------------
[2023-08-21T09:51:13+0200.0965][INFO ][<ipython-input-1-143fd3574b7f>] - Gait name: TwoD_SS_43
[2023-08-21T09:51:13+0200.0976][INFO ][<ipython-input-1-143fd3574b7f>] - 2D SS walk - initial and final positions the same
[2023-08-21T09:51:13+0200.0978][INFO ][<ipython-input-1-143fd3574b7f>] - No contact order enforced, No body configuration enforced
[2023-08-21T09:51:13+0200.0981][INFO ][<ipython-input-1-143fd3574b7f>] - Slip and friction implemented as slack variables
[2023-08-21T09:51:13+0200.0982][INFO ][<ipython-input-1-143fd3574b7f>] - Cost func = return sum(((m.tau_h1[n]**2+m.tau_k1[n]**2+m.tau_h2[n]**2+m.tau_k2[n]**2+m.tau_h3[n]**2+m.tau_k3[n]**2+m.tau_h4[n]**2+m.tau_k4[n]**2)*m.h[n]) for n in range(1,N+1))/m.q0[N,'x']
[2023-08-21T09:51:13+0200.0986][INFO ][<ipython-input-1-143fd3574b7f>] - Final eps value = 0.0001
[2023-08-21T09:51:13+0200.0989][INFO ][<ipython-input-1-143fd3574b7f>] - m.vel = 0.05 m/s, m.distance = 0.06 m
[2023-08-21T09:51:13+0200.0991][INFO ][<ipython-input-1-143fd3574b7f>] - Nodes = 20, time variable 0.3-0.01
[2023-08-21T09:51:13+0200.0993][INFO ][<ipython-input-1-143fd3574b7f>] - Fixed knee constraints and added hip constraints
[2023-08-21T09:51:13+0200.0995][INFO ][<ipython-input-1-143fd3574b7f>] - -------------------------------------------------------
[2023-08-21T09:52:42+0200.0348][INFO ][<ipython-input-27-bbbc76687ed3>] - eps: 1000.0
[2023-08-21T09:52:52+0200.0353][INFO ][<ipython-input-27-bbbc76687ed3>] - eps: 100.0
[2023-08-21T09:53:06+0200.0542][INFO ][<ipython-input-27-bbbc76687ed3>] - eps: 10.0
[2023-08-21T09:53:16+0200.0648][INFO ][<ipython-input-27-bbbc76687ed3>] - eps: 1.0
[2023-08-21T09:53:27+0200.0586][INFO ][<ipython-input-27-bbbc76687ed3>] - eps: 0.1
[2023-08-21T09:54:23+0200.0391][INFO ][<ipython-input-27-bbbc76687ed3>] - eps: 0.01
[2023-08-21T09:55:02+0200.0858][INFO ][<ipython-input-27-bbbc76687ed3>] - eps: 0.001
[2023-08-21T09:55:34+0200.0030][INFO ][<ipython-input-27-bbbc76687ed3>] - eps: 0.0001
[2023-08-21T09:56:16+0200.0819][INFO ][<ipython-input-31-598ac6f1f495>] - Trajectory Optimisation Completed
[2023-08-21T09:56:16+0200.0823][INFO ][<ipython-input-31-598ac6f1f495>] - Distance travelled: 0.08592984475939316 m
[2023-08-21T09:56:16+0200.0825][INFO ][<ipython-input-31-598ac6f1f495>] - Gait Duration: 1.6077628956602608 s
[2023-08-21T09:56:16+0200.0828][INFO ][<ipython-input-31-598ac6f1f495>] - velocity (dist/time): 0.04999999999999998
[2023-08-21T09:56:16+0200.0830][INFO ][<ipython-input-31-598ac6f1f495>] - Final velocity: 0.030974326326867318
[2023-08-21T09:56:16+0200.0831][INFO ][<ipython-input-31-598ac6f1f495>] - average x velocity: 0.0629371672908429
[2023-08-21T09:56:16+0200.0834][INFO ][<ipython-input-31-598ac6f1f495>] - minimum x velocity: -0.0004212881836676303
[2023-08-21T09:56:16+0200.0834][INFO ][<ipython-input-31-598ac6f1f495>] - maximum x velocity: 0.1784006098244341
[2023-08-21T09:56:16+0200.0845][INFO ][<ipython-input-31-598ac6f1f495>] - -------------------------------------------------------
[2023-08-21T09:59:03+0200.0312][INFO ][<ipython-input-1-c7ebf03b197d>] - -------------------------------------------------------
[2023-08-21T09:59:03+0200.0312][INFO ][<ipython-input-1-c7ebf03b197d>] - Gait name: TwoD_SS_44
[2023-08-21T09:59:03+0200.0312][INFO ][<ipython-input-1-c7ebf03b197d>] - 2D SS walk - initial and final positions the same
[2023-08-21T09:59:03+0200.0323][INFO ][<ipython-input-1-c7ebf03b197d>] - No contact order enforced, No body configuration enforced
[2023-08-21T09:59:03+0200.0325][INFO ][<ipython-input-1-c7ebf03b197d>] - Slip and friction implemented as slack variables
[2023-08-21T09:59:03+0200.0327][INFO ][<ipython-input-1-c7ebf03b197d>] - Cost func = return sum(((m.tau_h1[n]**2+m.tau_k1[n]**2+m.tau_h2[n]**2+m.tau_k2[n]**2+m.tau_h3[n]**2+m.tau_k3[n]**2+m.tau_h4[n]**2+m.tau_k4[n]**2)*m.h[n]) for n in range(1,N+1))/m.q0[N,'x']
[2023-08-21T09:59:03+0200.0329][INFO ][<ipython-input-1-c7ebf03b197d>] - Final eps value = 0.0001
[2023-08-21T09:59:03+0200.0331][INFO ][<ipython-input-1-c7ebf03b197d>] - m.vel = 0.05 m/s, m.distance = 0.04 m
[2023-08-21T09:59:03+0200.0333][INFO ][<ipython-input-1-c7ebf03b197d>] - Nodes = 20, time variable 0.3-0.01
[2023-08-21T09:59:03+0200.0335][INFO ][<ipython-input-1-c7ebf03b197d>] - Fixed knee constraints and added hip constraints
[2023-08-21T09:59:03+0200.0337][INFO ][<ipython-input-1-c7ebf03b197d>] - -------------------------------------------------------
[2023-08-21T10:01:24+0200.0989][INFO ][<ipython-input-27-bbbc76687ed3>] - eps: 1000.0
[2023-08-21T10:02:55+0200.0465][INFO ][<ipython-input-27-bbbc76687ed3>] - eps: 100.0
[2023-08-21T10:03:14+0200.0774][INFO ][<ipython-input-27-bbbc76687ed3>] - eps: 10.0
[2023-08-21T10:03:28+0200.0858][INFO ][<ipython-input-27-bbbc76687ed3>] - eps: 1.0
[2023-08-21T10:04:02+0200.0939][INFO ][<ipython-input-27-bbbc76687ed3>] - eps: 0.1
[2023-08-21T10:05:09+0200.0609][INFO ][<ipython-input-27-bbbc76687ed3>] - eps: 0.01
[2023-08-21T10:05:25+0200.0068][INFO ][<ipython-input-27-bbbc76687ed3>] - eps: 0.001
[2023-08-21T10:05:59+0200.0668][INFO ][<ipython-input-27-bbbc76687ed3>] - eps: 0.0001
[2023-08-21T10:07:22+0200.0465][INFO ][<ipython-input-31-598ac6f1f495>] - Trajectory Optimisation Completed
[2023-08-21T10:07:22+0200.0468][INFO ][<ipython-input-31-598ac6f1f495>] - Distance travelled: 0.0868320496016098 m
[2023-08-21T10:07:22+0200.0470][INFO ][<ipython-input-31-598ac6f1f495>] - Gait Duration: 0.9636017139720341 s
[2023-08-21T10:07:22+0200.0479][INFO ][<ipython-input-31-598ac6f1f495>] - velocity (dist/time): 0.04999999999999998
[2023-08-21T10:07:22+0200.0485][INFO ][<ipython-input-31-598ac6f1f495>] - Final velocity: 0.023008384239216362
[2023-08-21T10:07:22+0200.0489][INFO ][<ipython-input-31-598ac6f1f495>] - average x velocity: 0.03858788479863899
[2023-08-21T10:07:22+0200.0491][INFO ][<ipython-input-31-598ac6f1f495>] - minimum x velocity: -0.022229110700332986
[2023-08-21T10:07:22+0200.0493][INFO ][<ipython-input-31-598ac6f1f495>] - maximum x velocity: 0.12326809097490701
[2023-08-21T10:07:22+0200.0494][INFO ][<ipython-input-31-598ac6f1f495>] - -------------------------------------------------------
[2023-08-21T10:13:41+0200.0502][INFO ][<ipython-input-1-7f3b6ca2898f>] - -------------------------------------------------------
[2023-08-21T10:13:41+0200.0502][INFO ][<ipython-input-1-7f3b6ca2898f>] - Gait name: TwoD_SS_45
[2023-08-21T10:13:41+0200.0502][INFO ][<ipython-input-1-7f3b6ca2898f>] - 2D SS walk - initial and final positions the same
[2023-08-21T10:13:41+0200.0511][INFO ][<ipython-input-1-7f3b6ca2898f>] - No contact order enforced, No body configuration enforced
[2023-08-21T10:13:41+0200.0514][INFO ][<ipython-input-1-7f3b6ca2898f>] - Slip and friction implemented as slack variables
[2023-08-21T10:13:41+0200.0516][INFO ][<ipython-input-1-7f3b6ca2898f>] - Cost func = return sum(((m.tau_h1[n]**2+m.tau_k1[n]**2+m.tau_h2[n]**2+m.tau_k2[n]**2+m.tau_h3[n]**2+m.tau_k3[n]**2+m.tau_h4[n]**2+m.tau_k4[n]**2)*m.h[n]) for n in range(1,N+1))/m.q0[N,'x']
[2023-08-21T10:13:41+0200.0518][INFO ][<ipython-input-1-7f3b6ca2898f>] - Final eps value = 0.0001
[2023-08-21T10:13:41+0200.0520][INFO ][<ipython-input-1-7f3b6ca2898f>] - m.vel = 0.05 m/s, m.distance = 0.07 m
[2023-08-21T10:13:41+0200.0521][INFO ][<ipython-input-1-7f3b6ca2898f>] - Nodes = 20, time variable 0.3-0.01
[2023-08-21T10:13:41+0200.0523][INFO ][<ipython-input-1-7f3b6ca2898f>] - Fixed knee constraints and added hip constraints
[2023-08-21T10:13:41+0200.0525][INFO ][<ipython-input-1-7f3b6ca2898f>] - -------------------------------------------------------
[2023-08-21T10:15:07+0200.0059][INFO ][<ipython-input-27-bbbc76687ed3>] - eps: 1000.0
[2023-08-21T10:15:28+0200.0424][INFO ][<ipython-input-27-bbbc76687ed3>] - eps: 100.0
[2023-08-21T10:16:05+0200.0222][INFO ][<ipython-input-27-bbbc76687ed3>] - eps: 10.0
[2023-08-21T10:16:29+0200.0611][INFO ][<ipython-input-27-bbbc76687ed3>] - eps: 1.0
[2023-08-21T10:17:43+0200.0030][INFO ][<ipython-input-27-bbbc76687ed3>] - eps: 0.1
[2023-08-21T10:18:25+0200.0710][INFO ][<ipython-input-27-bbbc76687ed3>] - eps: 0.01
[2023-08-21T10:19:00+0200.0030][INFO ][<ipython-input-27-bbbc76687ed3>] - eps: 0.001
[2023-08-21T10:19:50+0200.0223][INFO ][<ipython-input-27-bbbc76687ed3>] - eps: 0.0001
[2023-08-21T10:20:58+0200.0981][INFO ][<ipython-input-31-598ac6f1f495>] - Trajectory Optimisation Completed
[2023-08-21T10:20:58+0200.0982][INFO ][<ipython-input-31-598ac6f1f495>] - Distance travelled: 0.14797014671169353 m
[2023-08-21T10:20:58+0200.0982][INFO ][<ipython-input-31-598ac6f1f495>] - Gait Duration: 2.0482527043964307 s
[2023-08-21T10:20:58+0200.0993][INFO ][<ipython-input-31-598ac6f1f495>] - velocity (dist/time): 0.050000000000000024
[2023-08-21T10:20:58+0200.0995][INFO ][<ipython-input-31-598ac6f1f495>] - Final velocity: 0.02995948026667408
[2023-08-21T10:20:58+0200.0997][INFO ][<ipython-input-31-598ac6f1f495>] - average x velocity: 0.04663284720110837
[2023-08-21T10:20:58+0200.0999][INFO ][<ipython-input-31-598ac6f1f495>] - minimum x velocity: -0.0673474673615001
[2023-08-21T10:20:59+0200.0001][INFO ][<ipython-input-31-598ac6f1f495>] - maximum x velocity: 0.2108208723039976
[2023-08-21T10:20:59+0200.0003][INFO ][<ipython-input-31-598ac6f1f495>] - -------------------------------------------------------
[2023-08-21T10:37:29+0200.0703][INFO ][<ipython-input-1-f144dc3c204b>] - -------------------------------------------------------
[2023-08-21T10:37:29+0200.0703][INFO ][<ipython-input-1-f144dc3c204b>] - Gait name: TwoD_SS_46
[2023-08-21T10:37:29+0200.0703][INFO ][<ipython-input-1-f144dc3c204b>] - 2D SS walk - initial and final positions the same
[2023-08-21T10:37:29+0200.0719][INFO ][<ipython-input-1-f144dc3c204b>] - No contact order enforced, No body configuration enforced
[2023-08-21T10:37:29+0200.0720][INFO ][<ipython-input-1-f144dc3c204b>] - Slip and friction implemented as slack variables
[2023-08-21T10:37:29+0200.0722][INFO ][<ipython-input-1-f144dc3c204b>] - Cost func = return sum(((m.tau_h1[n]**2+m.tau_k1[n]**2+m.tau_h2[n]**2+m.tau_k2[n]**2+m.tau_h3[n]**2+m.tau_k3[n]**2+m.tau_h4[n]**2+m.tau_k4[n]**2)*m.h[n]) for n in range(1,N+1))/m.q0[N,'x']
[2023-08-21T10:37:29+0200.0724][INFO ][<ipython-input-1-f144dc3c204b>] - Final eps value = 0.0001
[2023-08-21T10:37:29+0200.0726][INFO ][<ipython-input-1-f144dc3c204b>] - m.vel = 0.03 m/s, m.distance = 0.05 m
[2023-08-21T10:37:29+0200.0728][INFO ][<ipython-input-1-f144dc3c204b>] - Nodes = 20, time variable 0.3-0.01
[2023-08-21T10:37:29+0200.0729][INFO ][<ipython-input-1-f144dc3c204b>] - Fixed knee constraints and added hip constraints
[2023-08-21T10:37:29+0200.0731][INFO ][<ipython-input-1-f144dc3c204b>] - -------------------------------------------------------
[2023-08-21T10:39:09+0200.0902][INFO ][<ipython-input-27-bbbc76687ed3>] - eps: 1000.0
[2023-08-21T10:39:18+0200.0417][INFO ][<ipython-input-27-bbbc76687ed3>] - eps: 100.0
[2023-08-21T10:39:57+0200.0528][INFO ][<ipython-input-27-bbbc76687ed3>] - eps: 10.0
[2023-08-21T10:40:25+0200.0604][INFO ][<ipython-input-27-bbbc76687ed3>] - eps: 1.0
[2023-08-21T10:40:54+0200.0385][INFO ][<ipython-input-27-bbbc76687ed3>] - eps: 0.1
[2023-08-21T10:41:09+0200.0121][INFO ][<ipython-input-27-bbbc76687ed3>] - eps: 0.01
[2023-08-21T10:41:23+0200.0951][INFO ][<ipython-input-27-bbbc76687ed3>] - eps: 0.001
[2023-08-21T10:41:42+0200.0515][INFO ][<ipython-input-27-bbbc76687ed3>] - eps: 0.0001
[2023-08-21T10:42:33+0200.0460][INFO ][<ipython-input-31-598ac6f1f495>] - Trajectory Optimisation Completed
[2023-08-21T10:42:33+0200.0464][INFO ][<ipython-input-31-598ac6f1f495>] - Distance travelled: 0.05203238514200915 m
[2023-08-21T10:42:33+0200.0465][INFO ][<ipython-input-31-598ac6f1f495>] - Gait Duration: 1.6717893895753475 s
[2023-08-21T10:42:33+0200.0467][INFO ][<ipython-input-31-598ac6f1f495>] - velocity (dist/time): 0.03
[2023-08-21T10:42:33+0200.0468][INFO ][<ipython-input-31-598ac6f1f495>] - Final velocity: 0.10734040468382479
[2023-08-21T10:42:33+0200.0471][INFO ][<ipython-input-31-598ac6f1f495>] - average x velocity: 0.048538512008516756
[2023-08-21T10:42:33+0200.0473][INFO ][<ipython-input-31-598ac6f1f495>] - minimum x velocity: -0.007271106837897482
[2023-08-21T10:42:33+0200.0475][INFO ][<ipython-input-31-598ac6f1f495>] - maximum x velocity: 0.11236867597468489
[2023-08-21T10:42:33+0200.0481][INFO ][<ipython-input-31-598ac6f1f495>] - -------------------------------------------------------
[2023-08-21T10:47:40+0200.0708][INFO ][<ipython-input-1-ed5ef61b3cf2>] - -------------------------------------------------------
[2023-08-21T10:47:40+0200.0708][INFO ][<ipython-input-1-ed5ef61b3cf2>] - Gait name: TwoD_SS_47
[2023-08-21T10:47:40+0200.0708][INFO ][<ipython-input-1-ed5ef61b3cf2>] - 2D SS walk - initial and final positions the same
[2023-08-21T10:47:40+0200.0718][INFO ][<ipython-input-1-ed5ef61b3cf2>] - No contact order enforced, No body configuration enforced
[2023-08-21T10:47:40+0200.0720][INFO ][<ipython-input-1-ed5ef61b3cf2>] - Slip and friction implemented as slack variables
[2023-08-21T10:47:40+0200.0722][INFO ][<ipython-input-1-ed5ef61b3cf2>] - Cost func = return sum(((m.tau_h1[n]**2+m.tau_k1[n]**2+m.tau_h2[n]**2+m.tau_k2[n]**2+m.tau_h3[n]**2+m.tau_k3[n]**2+m.tau_h4[n]**2+m.tau_k4[n]**2)*m.h[n]) for n in range(1,N+1))/m.q0[N,'x']
[2023-08-21T10:47:40+0200.0724][INFO ][<ipython-input-1-ed5ef61b3cf2>] - Final eps value = 0.0001
[2023-08-21T10:47:40+0200.0726][INFO ][<ipython-input-1-ed5ef61b3cf2>] - m.vel = 0.02 m/s, m.distance = 0.05 m
[2023-08-21T10:47:40+0200.0728][INFO ][<ipython-input-1-ed5ef61b3cf2>] - Nodes = 20, time variable 0.3-0.01
[2023-08-21T10:47:40+0200.0730][INFO ][<ipython-input-1-ed5ef61b3cf2>] - Fixed knee constraints and added hip constraints
[2023-08-21T10:47:40+0200.0731][INFO ][<ipython-input-1-ed5ef61b3cf2>] - -------------------------------------------------------
[2023-08-21T10:48:33+0200.0481][INFO ][<ipython-input-27-bbbc76687ed3>] - eps: 1000.0
[2023-08-21T10:48:40+0200.0413][INFO ][<ipython-input-27-bbbc76687ed3>] - eps: 100.0
[2023-08-21T10:49:14+0200.0105][INFO ][<ipython-input-27-bbbc76687ed3>] - eps: 10.0
[2023-08-21T10:49:54+0200.0206][INFO ][<ipython-input-27-bbbc76687ed3>] - eps: 1.0
[2023-08-21T10:50:01+0200.0540][INFO ][<ipython-input-27-bbbc76687ed3>] - eps: 0.1
[2023-08-21T10:51:09+0200.0674][INFO ][<ipython-input-27-bbbc76687ed3>] - eps: 0.01
[2023-08-21T10:51:48+0200.0340][INFO ][<ipython-input-27-bbbc76687ed3>] - eps: 0.001
[2023-08-21T10:52:25+0200.0687][INFO ][<ipython-input-27-bbbc76687ed3>] - eps: 0.0001
[2023-08-21T10:53:12+0200.0792][INFO ][<ipython-input-31-598ac6f1f495>] - Trajectory Optimisation Completed
[2023-08-21T10:53:12+0200.0796][INFO ][<ipython-input-31-598ac6f1f495>] - Distance travelled: 0.04501979895619829 m
[2023-08-21T10:53:12+0200.0802][INFO ][<ipython-input-31-598ac6f1f495>] - Gait Duration: 2.5006632028340583 s
[2023-08-21T10:53:12+0200.0806][INFO ][<ipython-input-31-598ac6f1f495>] - velocity (dist/time): 0.019999999999999997
[2023-08-21T10:53:12+0200.0808][INFO ][<ipython-input-31-598ac6f1f495>] - Final velocity: -0.0017617907901132375
[2023-08-21T10:53:12+0200.0810][INFO ][<ipython-input-31-598ac6f1f495>] - average x velocity: 0.014859012224358412
[2023-08-21T10:53:12+0200.0812][INFO ][<ipython-input-31-598ac6f1f495>] - minimum x velocity: -0.009341406802503683
[2023-08-21T10:53:12+0200.0813][INFO ][<ipython-input-31-598ac6f1f495>] - maximum x velocity: 0.12766760386207424
[2023-08-21T10:53:12+0200.0815][INFO ][<ipython-input-31-598ac6f1f495>] - -------------------------------------------------------
[2023-08-21T10:55:15+0200.0311][INFO ][<ipython-input-1-becc6a9af6fa>] - -------------------------------------------------------
[2023-08-21T10:55:15+0200.0311][INFO ][<ipython-input-1-becc6a9af6fa>] - Gait name: TwoD_SS_48
[2023-08-21T10:55:15+0200.0311][INFO ][<ipython-input-1-becc6a9af6fa>] - 2D SS walk - initial and final positions the same
[2023-08-21T10:55:15+0200.0325][INFO ][<ipython-input-1-becc6a9af6fa>] - No contact order enforced, No body configuration enforced
[2023-08-21T10:55:15+0200.0327][INFO ][<ipython-input-1-becc6a9af6fa>] - Slip and friction implemented as slack variables
[2023-08-21T10:55:15+0200.0329][INFO ][<ipython-input-1-becc6a9af6fa>] - Cost func = return sum(((m.tau_h1[n]**2+m.tau_k1[n]**2+m.tau_h2[n]**2+m.tau_k2[n]**2+m.tau_h3[n]**2+m.tau_k3[n]**2+m.tau_h4[n]**2+m.tau_k4[n]**2)*m.h[n]) for n in range(1,N+1))/m.q0[N,'x']
[2023-08-21T10:55:15+0200.0331][INFO ][<ipython-input-1-becc6a9af6fa>] - Final eps value = 0.0001
[2023-08-21T10:55:15+0200.0333][INFO ][<ipython-input-1-becc6a9af6fa>] - m.vel = 0.01 m/s, m.distance = 0.05 m
[2023-08-21T10:55:15+0200.0334][INFO ][<ipython-input-1-becc6a9af6fa>] - Nodes = 20, time variable 0.3-0.01
[2023-08-21T10:55:15+0200.0336][INFO ][<ipython-input-1-becc6a9af6fa>] - Fixed knee constraints and added hip constraints
[2023-08-21T10:55:15+0200.0338][INFO ][<ipython-input-1-becc6a9af6fa>] - -------------------------------------------------------
[2023-08-21T10:56:28+0200.0394][INFO ][<ipython-input-27-bbbc76687ed3>] - eps: 1000.0
[2023-08-21T10:56:43+0200.0300][INFO ][<ipython-input-27-bbbc76687ed3>] - eps: 100.0
[2023-08-21T10:57:14+0200.0690][INFO ][<ipython-input-27-bbbc76687ed3>] - eps: 10.0
[2023-08-21T10:57:47+0200.0158][INFO ][<ipython-input-27-bbbc76687ed3>] - eps: 1.0
[2023-08-21T10:58:02+0200.0650][INFO ][<ipython-input-27-bbbc76687ed3>] - eps: 0.1
[2023-08-21T10:58:32+0200.0154][INFO ][<ipython-input-27-bbbc76687ed3>] - eps: 0.01
[2023-08-21T10:59:16+0200.0832][INFO ][<ipython-input-27-bbbc76687ed3>] - eps: 0.001
[2023-08-21T11:01:47+0200.0968][INFO ][<ipython-input-27-bbbc76687ed3>] - eps: 0.0001
[2023-08-21T11:02:18+0200.0416][INFO ][<ipython-input-31-598ac6f1f495>] - Trajectory Optimisation Completed
[2023-08-21T11:02:18+0200.0419][INFO ][<ipython-input-31-598ac6f1f495>] - Distance travelled: 0.05108771163328958 m
[2023-08-21T11:02:18+0200.0421][INFO ][<ipython-input-31-598ac6f1f495>] - Gait Duration: 5.0004078905770175 s
[2023-08-21T11:02:18+0200.0424][INFO ][<ipython-input-31-598ac6f1f495>] - velocity (dist/time): 0.010000000000000002
[2023-08-21T11:02:18+0200.0427][INFO ][<ipython-input-31-598ac6f1f495>] - Final velocity: -0.002331078371632561
[2023-08-21T11:02:18+0200.0429][INFO ][<ipython-input-31-598ac6f1f495>] - average x velocity: 0.017430091596814096
[2023-08-21T11:02:18+0200.0430][INFO ][<ipython-input-31-598ac6f1f495>] - minimum x velocity: -0.014148515304269488
[2023-08-21T11:02:18+0200.0430][INFO ][<ipython-input-31-598ac6f1f495>] - maximum x velocity: 0.10035880420133113
[2023-08-21T11:02:18+0200.0430][INFO ][<ipython-input-31-598ac6f1f495>] - -------------------------------------------------------
[2023-08-21T11:03:37+0200.0763][INFO ][<ipython-input-1-b8492bba7e3a>] - -------------------------------------------------------
[2023-08-21T11:03:37+0200.0763][INFO ][<ipython-input-1-b8492bba7e3a>] - Gait name: TwoD_SS_49
[2023-08-21T11:03:37+0200.0763][INFO ][<ipython-input-1-b8492bba7e3a>] - 2D SS walk - initial and final positions the same
[2023-08-21T11:03:37+0200.0763][INFO ][<ipython-input-1-b8492bba7e3a>] - No contact order enforced, No body configuration enforced
[2023-08-21T11:03:37+0200.0778][INFO ][<ipython-input-1-b8492bba7e3a>] - Slip and friction implemented as slack variables
[2023-08-21T11:03:37+0200.0779][INFO ][<ipython-input-1-b8492bba7e3a>] - Cost func = return sum(((m.tau_h1[n]**2+m.tau_k1[n]**2+m.tau_h2[n]**2+m.tau_k2[n]**2+m.tau_h3[n]**2+m.tau_k3[n]**2+m.tau_h4[n]**2+m.tau_k4[n]**2)*m.h[n]) for n in range(1,N+1))/m.q0[N,'x']
[2023-08-21T11:03:37+0200.0781][INFO ][<ipython-input-1-b8492bba7e3a>] - Final eps value = 0.0001
[2023-08-21T11:03:37+0200.0783][INFO ][<ipython-input-1-b8492bba7e3a>] - m.vel = 0.008 m/s, m.distance = 0.05 m
[2023-08-21T11:03:37+0200.0784][INFO ][<ipython-input-1-b8492bba7e3a>] - Nodes = 20, time variable 0.3-0.01
[2023-08-21T11:03:37+0200.0785][INFO ][<ipython-input-1-b8492bba7e3a>] - Fixed knee constraints and added hip constraints
[2023-08-21T11:03:37+0200.0788][INFO ][<ipython-input-1-b8492bba7e3a>] - -------------------------------------------------------
[2023-08-21T11:05:07+0200.0701][INFO ][<ipython-input-27-bbbc76687ed3>] - eps: 1000.0
[2023-08-21T11:05:15+0200.0970][INFO ][<ipython-input-31-598ac6f1f495>] - Trajectory Optimisation Completed
[2023-08-21T11:05:15+0200.0973][INFO ][<ipython-input-31-598ac6f1f495>] - Distance travelled: 0.050472123558962446 m
[2023-08-21T11:05:15+0200.0985][INFO ][<ipython-input-31-598ac6f1f495>] - Gait Duration: 5.699997694945207 s
[2023-08-21T11:05:15+0200.0992][INFO ][<ipython-input-31-598ac6f1f495>] - velocity (dist/time): 0.008387590389403727
[2023-08-21T11:05:15+0200.0994][INFO ][<ipython-input-31-598ac6f1f495>] - Final velocity: 0.22833705138157195
[2023-08-21T11:05:15+0200.0996][INFO ][<ipython-input-31-598ac6f1f495>] - average x velocity: 0.06283582813462044
[2023-08-21T11:05:15+0200.0998][INFO ][<ipython-input-31-598ac6f1f495>] - minimum x velocity: -0.10443859698897293
[2023-08-21T11:05:16+0200.0001][INFO ][<ipython-input-31-598ac6f1f495>] - maximum x velocity: 0.22833705138157195
[2023-08-21T11:05:16+0200.0003][INFO ][<ipython-input-31-598ac6f1f495>] - -------------------------------------------------------
[2023-08-21T11:06:01+0200.0165][INFO ][<ipython-input-1-90785f48d531>] - -------------------------------------------------------
[2023-08-21T11:06:01+0200.0165][INFO ][<ipython-input-1-90785f48d531>] - Gait name: TwoD_SS_50
[2023-08-21T11:06:01+0200.0175][INFO ][<ipython-input-1-90785f48d531>] - 2D SS walk - initial and final positions the same
[2023-08-21T11:06:01+0200.0177][INFO ][<ipython-input-1-90785f48d531>] - No contact order enforced, No body configuration enforced
[2023-08-21T11:06:01+0200.0179][INFO ][<ipython-input-1-90785f48d531>] - Slip and friction implemented as slack variables
[2023-08-21T11:06:01+0200.0181][INFO ][<ipython-input-1-90785f48d531>] - Cost func = return sum(((m.tau_h1[n]**2+m.tau_k1[n]**2+m.tau_h2[n]**2+m.tau_k2[n]**2+m.tau_h3[n]**2+m.tau_k3[n]**2+m.tau_h4[n]**2+m.tau_k4[n]**2)*m.h[n]) for n in range(1,N+1))/m.q0[N,'x']
[2023-08-21T11:06:01+0200.0183][INFO ][<ipython-input-1-90785f48d531>] - Final eps value = 0.0001
[2023-08-21T11:06:01+0200.0185][INFO ][<ipython-input-1-90785f48d531>] - m.vel = 0.06 m/s, m.distance = 0.05 m
[2023-08-21T11:06:01+0200.0187][INFO ][<ipython-input-1-90785f48d531>] - Nodes = 20, time variable 0.3-0.01
[2023-08-21T11:06:01+0200.0188][INFO ][<ipython-input-1-90785f48d531>] - Fixed knee constraints and added hip constraints
[2023-08-21T11:06:01+0200.0190][INFO ][<ipython-input-1-90785f48d531>] - -------------------------------------------------------
[2023-08-21T11:06:40+0200.0480][INFO ][<ipython-input-27-bbbc76687ed3>] - eps: 1000.0
[2023-08-21T11:06:50+0200.0530][INFO ][<ipython-input-27-bbbc76687ed3>] - eps: 100.0
[2023-08-21T11:12:34+0200.0799][INFO ][<ipython-input-27-bbbc76687ed3>] - eps: 10.0
[2023-08-21T11:12:43+0200.0320][INFO ][<ipython-input-27-bbbc76687ed3>] - eps: 1.0
[2023-08-21T11:13:28+0200.0126][INFO ][<ipython-input-27-bbbc76687ed3>] - eps: 0.1
[2023-08-21T11:13:46+0200.0458][INFO ][<ipython-input-27-bbbc76687ed3>] - eps: 0.01
[2023-08-21T11:14:09+0200.0633][INFO ][<ipython-input-27-bbbc76687ed3>] - eps: 0.001
[2023-08-21T11:14:59+0200.0552][INFO ][<ipython-input-27-bbbc76687ed3>] - eps: 0.0001
[2023-08-21T11:16:07+0200.0488][INFO ][<ipython-input-31-598ac6f1f495>] - Trajectory Optimisation Completed
[2023-08-21T11:16:07+0200.0490][INFO ][<ipython-input-31-598ac6f1f495>] - Distance travelled: 0.05031382971668419 m
[2023-08-21T11:16:07+0200.0492][INFO ][<ipython-input-31-598ac6f1f495>] - Gait Duration: 0.8334155155555996 s
[2023-08-21T11:16:07+0200.0494][INFO ][<ipython-input-31-598ac6f1f495>] - velocity (dist/time): 0.06
[2023-08-21T11:16:07+0200.0497][INFO ][<ipython-input-31-598ac6f1f495>] - Final velocity: 0.029091325369885162
[2023-08-21T11:16:07+0200.0499][INFO ][<ipython-input-31-598ac6f1f495>] - average x velocity: 0.055740083289648426
[2023-08-21T11:16:07+0200.0501][INFO ][<ipython-input-31-598ac6f1f495>] - minimum x velocity: 0.026830169684381896
[2023-08-21T11:16:07+0200.0505][INFO ][<ipython-input-31-598ac6f1f495>] - maximum x velocity: 0.11898426586628374
[2023-08-21T11:16:07+0200.0507][INFO ][<ipython-input-31-598ac6f1f495>] - -------------------------------------------------------
[2023-08-21T11:20:25+0200.0618][INFO ][<ipython-input-1-124a25a6eece>] - -------------------------------------------------------
[2023-08-21T11:20:25+0200.0618][INFO ][<ipython-input-1-124a25a6eece>] - Gait name: TwoD_SS_51
[2023-08-21T11:20:25+0200.0626][INFO ][<ipython-input-1-124a25a6eece>] - 2D SS walk - initial and final positions the same
[2023-08-21T11:20:25+0200.0628][INFO ][<ipython-input-1-124a25a6eece>] - No contact order enforced, No body configuration enforced
[2023-08-21T11:20:25+0200.0631][INFO ][<ipython-input-1-124a25a6eece>] - Slip and friction implemented as slack variables
[2023-08-21T11:20:25+0200.0633][INFO ][<ipython-input-1-124a25a6eece>] - Cost func = return sum(((m.tau_h1[n]**2+m.tau_k1[n]**2+m.tau_h2[n]**2+m.tau_k2[n]**2+m.tau_h3[n]**2+m.tau_k3[n]**2+m.tau_h4[n]**2+m.tau_k4[n]**2)*m.h[n]) for n in range(1,N+1))/m.q0[N,'x']
[2023-08-21T11:20:25+0200.0635][INFO ][<ipython-input-1-124a25a6eece>] - Final eps value = 0.0001
[2023-08-21T11:20:25+0200.0637][INFO ][<ipython-input-1-124a25a6eece>] - m.vel = 0.07 m/s, m.distance = 0.05 m
[2023-08-21T11:20:25+0200.0639][INFO ][<ipython-input-1-124a25a6eece>] - Nodes = 20, time variable 0.3-0.01
[2023-08-21T11:20:25+0200.0642][INFO ][<ipython-input-1-124a25a6eece>] - Fixed knee constraints and added hip constraints
[2023-08-21T11:20:25+0200.0644][INFO ][<ipython-input-1-124a25a6eece>] - -------------------------------------------------------
[2023-08-21T11:21:12+0200.0753][INFO ][<ipython-input-27-bbbc76687ed3>] - eps: 1000.0
[2023-08-21T11:21:19+0200.0288][INFO ][<ipython-input-27-bbbc76687ed3>] - eps: 100.0
[2023-08-21T11:21:31+0200.0571][INFO ][<ipython-input-27-bbbc76687ed3>] - eps: 10.0
[2023-08-21T11:21:52+0200.0342][INFO ][<ipython-input-27-bbbc76687ed3>] - eps: 1.0
[2023-08-21T11:22:00+0200.0352][INFO ][<ipython-input-27-bbbc76687ed3>] - eps: 0.1
[2023-08-21T11:22:13+0200.0086][INFO ][<ipython-input-27-bbbc76687ed3>] - eps: 0.01
[2023-08-21T11:22:30+0200.0650][INFO ][<ipython-input-27-bbbc76687ed3>] - eps: 0.001
[2023-08-21T11:23:13+0200.0197][INFO ][<ipython-input-27-bbbc76687ed3>] - eps: 0.0001
[2023-08-21T11:25:02+0200.0169][INFO ][<ipython-input-31-598ac6f1f495>] - Trajectory Optimisation Completed
[2023-08-21T11:25:02+0200.0171][INFO ][<ipython-input-31-598ac6f1f495>] - Distance travelled: 0.08118225018513717 m
[2023-08-21T11:25:02+0200.0173][INFO ][<ipython-input-31-598ac6f1f495>] - Gait Duration: 1.1431194237831592 s
[2023-08-21T11:25:02+0200.0175][INFO ][<ipython-input-31-598ac6f1f495>] - velocity (dist/time): 0.07000000000000003
[2023-08-21T11:25:02+0200.0177][INFO ][<ipython-input-31-598ac6f1f495>] - Final velocity: 0.11282927553578616
[2023-08-21T11:25:02+0200.0180][INFO ][<ipython-input-31-598ac6f1f495>] - average x velocity: 0.08701785048237996
[2023-08-21T11:25:02+0200.0182][INFO ][<ipython-input-31-598ac6f1f495>] - minimum x velocity: -0.004843003421602636
[2023-08-21T11:25:02+0200.0184][INFO ][<ipython-input-31-598ac6f1f495>] - maximum x velocity: 0.1822834654707077
[2023-08-21T11:25:02+0200.0186][INFO ][<ipython-input-31-598ac6f1f495>] - -------------------------------------------------------
[2023-08-21T11:27:40+0200.0691][INFO ][<ipython-input-1-8f09b262dd7a>] - -------------------------------------------------------
[2023-08-21T11:27:40+0200.0691][INFO ][<ipython-input-1-8f09b262dd7a>] - Gait name: TwoD_SS_52
[2023-08-21T11:27:40+0200.0691][INFO ][<ipython-input-1-8f09b262dd7a>] - 2D SS walk - initial and final positions the same
[2023-08-21T11:27:40+0200.0704][INFO ][<ipython-input-1-8f09b262dd7a>] - No contact order enforced, No body configuration enforced
[2023-08-21T11:27:40+0200.0706][INFO ][<ipython-input-1-8f09b262dd7a>] - Slip and friction implemented as slack variables
[2023-08-21T11:27:40+0200.0707][INFO ][<ipython-input-1-8f09b262dd7a>] - Cost func = return sum(((m.tau_h1[n]**2+m.tau_k1[n]**2+m.tau_h2[n]**2+m.tau_k2[n]**2+m.tau_h3[n]**2+m.tau_k3[n]**2+m.tau_h4[n]**2+m.tau_k4[n]**2)*m.h[n]) for n in range(1,N+1))/m.q0[N,'x']
[2023-08-21T11:27:40+0200.0709][INFO ][<ipython-input-1-8f09b262dd7a>] - Final eps value = 0.0001
[2023-08-21T11:27:40+0200.0710][INFO ][<ipython-input-1-8f09b262dd7a>] - m.vel = 0.08 m/s, m.distance = 0.05 m
[2023-08-21T11:27:40+0200.0712][INFO ][<ipython-input-1-8f09b262dd7a>] - Nodes = 20, time variable 0.3-0.01
[2023-08-21T11:27:40+0200.0713][INFO ][<ipython-input-1-8f09b262dd7a>] - Fixed knee constraints and added hip constraints
[2023-08-21T11:27:40+0200.0714][INFO ][<ipython-input-1-8f09b262dd7a>] - -------------------------------------------------------
[2023-08-21T11:28:46+0200.0486][INFO ][<ipython-input-27-bbbc76687ed3>] - eps: 1000.0
[2023-08-21T11:29:15+0200.0351][INFO ][<ipython-input-27-bbbc76687ed3>] - eps: 100.0
[2023-08-21T11:29:35+0200.0150][INFO ][<ipython-input-27-bbbc76687ed3>] - eps: 10.0
[2023-08-21T11:29:49+0200.0839][INFO ][<ipython-input-27-bbbc76687ed3>] - eps: 1.0
[2023-08-21T11:29:57+0200.0593][INFO ][<ipython-input-27-bbbc76687ed3>] - eps: 0.1
[2023-08-21T11:30:39+0200.0354][INFO ][<ipython-input-27-bbbc76687ed3>] - eps: 0.01
[2023-08-21T11:30:56+0200.0279][INFO ][<ipython-input-27-bbbc76687ed3>] - eps: 0.001
[2023-08-21T11:31:20+0200.0795][INFO ][<ipython-input-27-bbbc76687ed3>] - eps: 0.0001
[2023-08-21T11:33:54+0200.0135][INFO ][<ipython-input-31-598ac6f1f495>] - Trajectory Optimisation Completed
[2023-08-21T11:33:54+0200.0138][INFO ][<ipython-input-31-598ac6f1f495>] - Distance travelled: 0.16259212559212755 m
[2023-08-21T11:33:54+0200.0138][INFO ][<ipython-input-31-598ac6f1f495>] - Gait Duration: 2.023237259494432 s
[2023-08-21T11:33:54+0200.0138][INFO ][<ipython-input-31-598ac6f1f495>] - velocity (dist/time): 0.08000000000000003
[2023-08-21T11:33:54+0200.0156][INFO ][<ipython-input-31-598ac6f1f495>] - Final velocity: 0.006355434180709285
[2023-08-21T11:33:54+0200.0158][INFO ][<ipython-input-31-598ac6f1f495>] - average x velocity: 0.08942760996891458
[2023-08-21T11:33:54+0200.0161][INFO ][<ipython-input-31-598ac6f1f495>] - minimum x velocity: -0.006092337986860209
[2023-08-21T11:33:54+0200.0163][INFO ][<ipython-input-31-598ac6f1f495>] - maximum x velocity: 0.2512780177964651
[2023-08-21T11:33:54+0200.0165][INFO ][<ipython-input-31-598ac6f1f495>] - -------------------------------------------------------
[2023-08-21T11:40:08+0200.0780][INFO ][<ipython-input-1-6f2b3d610ee5>] - -------------------------------------------------------
[2023-08-21T11:40:08+0200.0796][INFO ][<ipython-input-1-6f2b3d610ee5>] - Gait name: TwoD_SS_53
[2023-08-21T11:40:08+0200.0796][INFO ][<ipython-input-1-6f2b3d610ee5>] - 2D SS walk - initial and final positions the same
[2023-08-21T11:40:08+0200.0796][INFO ][<ipython-input-1-6f2b3d610ee5>] - No contact order enforced, No body configuration enforced
[2023-08-21T11:40:08+0200.0804][INFO ][<ipython-input-1-6f2b3d610ee5>] - Slip and friction implemented as slack variables
[2023-08-21T11:40:08+0200.0806][INFO ][<ipython-input-1-6f2b3d610ee5>] - Cost func = return sum(((m.tau_h1[n]**2+m.tau_k1[n]**2+m.tau_h2[n]**2+m.tau_k2[n]**2+m.tau_h3[n]**2+m.tau_k3[n]**2+m.tau_h4[n]**2+m.tau_k4[n]**2)*m.h[n]) for n in range(1,N+1))/m.q0[N,'x']
[2023-08-21T11:40:08+0200.0808][INFO ][<ipython-input-1-6f2b3d610ee5>] - Final eps value = 0.0001
[2023-08-21T11:40:08+0200.0810][INFO ][<ipython-input-1-6f2b3d610ee5>] - m.vel = 0.09 m/s, m.distance = 0.05 m
[2023-08-21T11:40:08+0200.0812][INFO ][<ipython-input-1-6f2b3d610ee5>] - Nodes = 20, time variable 0.3-0.01
[2023-08-21T11:40:08+0200.0814][INFO ][<ipython-input-1-6f2b3d610ee5>] - Fixed knee constraints and added hip constraints
[2023-08-21T11:40:08+0200.0816][INFO ][<ipython-input-1-6f2b3d610ee5>] - -------------------------------------------------------
[2023-08-21T11:42:11+0200.0749][INFO ][<ipython-input-27-bbbc76687ed3>] - eps: 1000.0
[2023-08-21T11:42:18+0200.0632][INFO ][<ipython-input-27-bbbc76687ed3>] - eps: 100.0
[2023-08-21T11:42:41+0200.0931][INFO ][<ipython-input-27-bbbc76687ed3>] - eps: 10.0
[2023-08-21T11:53:12+0200.0982][INFO ][<ipython-input-27-bbbc76687ed3>] - eps: 1.0
[2023-08-21T11:53:23+0200.0913][INFO ][<ipython-input-27-bbbc76687ed3>] - eps: 0.1
[2023-08-21T11:55:42+0200.0309][INFO ][<ipython-input-27-bbbc76687ed3>] - eps: 0.01
[2023-08-21T11:56:10+0200.0911][INFO ][<ipython-input-27-bbbc76687ed3>] - eps: 0.001
[2023-08-21T11:56:50+0200.0067][INFO ][<ipython-input-27-bbbc76687ed3>] - eps: 0.0001
[2023-08-21T11:57:58+0200.0337][INFO ][<ipython-input-31-598ac6f1f495>] - Trajectory Optimisation Completed
[2023-08-21T11:57:58+0200.0339][INFO ][<ipython-input-31-598ac6f1f495>] - Distance travelled: 0.06738806938116755 m
[2023-08-21T11:57:58+0200.0342][INFO ][<ipython-input-31-598ac6f1f495>] - Gait Duration: 0.7433834800968251 s
[2023-08-21T11:57:58+0200.0344][INFO ][<ipython-input-31-598ac6f1f495>] - velocity (dist/time): 0.08999999999999989
[2023-08-21T11:57:58+0200.0347][INFO ][<ipython-input-31-598ac6f1f495>] - Final velocity: 0.03675414456065425
[2023-08-21T11:57:58+0200.0350][INFO ][<ipython-input-31-598ac6f1f495>] - average x velocity: 0.09014780983618714
[2023-08-21T11:57:58+0200.0353][INFO ][<ipython-input-31-598ac6f1f495>] - minimum x velocity: 0.03675414456065425
[2023-08-21T11:57:58+0200.0356][INFO ][<ipython-input-31-598ac6f1f495>] - maximum x velocity: 0.17687637015509067
[2023-08-21T11:57:58+0200.0358][INFO ][<ipython-input-31-598ac6f1f495>] - -------------------------------------------------------
[2023-08-21T12:03:44+0200.0103][INFO ][<ipython-input-1-6deeddd314c5>] - -------------------------------------------------------
[2023-08-21T12:03:44+0200.0103][INFO ][<ipython-input-1-6deeddd314c5>] - Gait name: TwoD_SS_54
[2023-08-21T12:03:44+0200.0116][INFO ][<ipython-input-1-6deeddd314c5>] - 2D SS walk - initial and final positions the same
[2023-08-21T12:03:44+0200.0118][INFO ][<ipython-input-1-6deeddd314c5>] - No contact order enforced, No body configuration enforced
[2023-08-21T12:03:44+0200.0120][INFO ][<ipython-input-1-6deeddd314c5>] - Slip and friction implemented as slack variables
[2023-08-21T12:03:44+0200.0122][INFO ][<ipython-input-1-6deeddd314c5>] - Cost func = return sum(((m.tau_h1[n]**2+m.tau_k1[n]**2+m.tau_h2[n]**2+m.tau_k2[n]**2+m.tau_h3[n]**2+m.tau_k3[n]**2+m.tau_h4[n]**2+m.tau_k4[n]**2)*m.h[n]) for n in range(1,N+1))/m.q0[N,'x']
[2023-08-21T12:03:44+0200.0124][INFO ][<ipython-input-1-6deeddd314c5>] - Final eps value = 0.0001
[2023-08-21T12:03:44+0200.0126][INFO ][<ipython-input-1-6deeddd314c5>] - m.vel = 0.1 m/s, m.distance = 0.05 m
[2023-08-21T12:03:44+0200.0128][INFO ][<ipython-input-1-6deeddd314c5>] - Nodes = 20, time variable 0.3-0.01
[2023-08-21T12:03:44+0200.0129][INFO ][<ipython-input-1-6deeddd314c5>] - Fixed knee constraints and added hip constraints
[2023-08-21T12:03:44+0200.0131][INFO ][<ipython-input-1-6deeddd314c5>] - -------------------------------------------------------
[2023-08-21T12:05:24+0200.0182][INFO ][<ipython-input-27-bbbc76687ed3>] - eps: 1000.0
[2023-08-21T12:05:36+0200.0813][INFO ][<ipython-input-27-bbbc76687ed3>] - eps: 100.0
[2023-08-21T12:05:50+0200.0239][INFO ][<ipython-input-27-bbbc76687ed3>] - eps: 10.0
[2023-08-21T12:06:12+0200.0846][INFO ][<ipython-input-27-bbbc76687ed3>] - eps: 1.0
[2023-08-21T12:06:24+0200.0863][INFO ][<ipython-input-27-bbbc76687ed3>] - eps: 0.1
[2023-08-21T12:07:58+0200.0800][INFO ][<ipython-input-27-bbbc76687ed3>] - eps: 0.01
[2023-08-21T12:08:16+0200.0223][INFO ][<ipython-input-27-bbbc76687ed3>] - eps: 0.001
[2023-08-21T12:10:34+0200.0146][INFO ][<ipython-input-27-bbbc76687ed3>] - eps: 0.0001
[2023-08-21T12:16:01+0200.0597][INFO ][<ipython-input-31-598ac6f1f495>] - Trajectory Optimisation Completed
[2023-08-21T12:16:01+0200.0600][INFO ][<ipython-input-31-598ac6f1f495>] - Distance travelled: 0.08674352782465591 m
[2023-08-21T12:16:01+0200.0603][INFO ][<ipython-input-31-598ac6f1f495>] - Gait Duration: 0.7887676467917011 s
[2023-08-21T12:16:01+0200.0605][INFO ][<ipython-input-31-598ac6f1f495>] - velocity (dist/time): 0.09999999999999983
[2023-08-21T12:16:01+0200.0606][INFO ][<ipython-input-31-598ac6f1f495>] - Final velocity: 0.14126005419459514
[2023-08-21T12:16:01+0200.0609][INFO ][<ipython-input-31-598ac6f1f495>] - average x velocity: 0.1283523922206866
[2023-08-21T12:16:01+0200.0614][INFO ][<ipython-input-31-598ac6f1f495>] - minimum x velocity: 0.07961681227143576
[2023-08-21T12:16:01+0200.0620][INFO ][<ipython-input-31-598ac6f1f495>] - maximum x velocity: 0.15847741188534523
[2023-08-21T12:16:01+0200.0622][INFO ][<ipython-input-31-598ac6f1f495>] - -------------------------------------------------------
[2023-08-21T12:22:28+0200.0586][INFO ][<ipython-input-1-311cd283c627>] - -------------------------------------------------------
[2023-08-21T12:22:28+0200.0586][INFO ][<ipython-input-1-311cd283c627>] - Gait name: TwoD_SS_55
[2023-08-21T12:22:28+0200.0596][INFO ][<ipython-input-1-311cd283c627>] - 2D SS walk - initial and final positions the same
[2023-08-21T12:22:28+0200.0598][INFO ][<ipython-input-1-311cd283c627>] - No contact order enforced, No body configuration enforced
[2023-08-21T12:22:28+0200.0600][INFO ][<ipython-input-1-311cd283c627>] - Slip and friction implemented as slack variables
[2023-08-21T12:22:28+0200.0603][INFO ][<ipython-input-1-311cd283c627>] - Cost func = return sum(((m.tau_h1[n]**2+m.tau_k1[n]**2+m.tau_h2[n]**2+m.tau_k2[n]**2+m.tau_h3[n]**2+m.tau_k3[n]**2+m.tau_h4[n]**2+m.tau_k4[n]**2)*m.h[n]) for n in range(1,N+1))/m.q0[N,'x']
[2023-08-21T12:22:28+0200.0605][INFO ][<ipython-input-1-311cd283c627>] - Final eps value = 0.0001
[2023-08-21T12:22:28+0200.0607][INFO ][<ipython-input-1-311cd283c627>] - m.vel = 0.11 m/s, m.distance = 0.05 m
[2023-08-21T12:22:28+0200.0608][INFO ][<ipython-input-1-311cd283c627>] - Nodes = 20, time variable 0.3-0.01
[2023-08-21T12:22:28+0200.0610][INFO ][<ipython-input-1-311cd283c627>] - Fixed knee constraints and added hip constraints
[2023-08-21T12:22:28+0200.0612][INFO ][<ipython-input-1-311cd283c627>] - -------------------------------------------------------
[2023-08-21T12:25:27+0200.0331][INFO ][<ipython-input-27-bbbc76687ed3>] - eps: 1000.0
[2023-08-21T12:25:49+0200.0091][INFO ][<ipython-input-27-bbbc76687ed3>] - eps: 100.0
[2023-08-21T12:26:09+0200.0062][INFO ][<ipython-input-27-bbbc76687ed3>] - eps: 10.0
[2023-08-21T12:28:57+0200.0253][INFO ][<ipython-input-27-bbbc76687ed3>] - eps: 1.0
[2023-08-21T12:29:42+0200.0077][INFO ][<ipython-input-27-bbbc76687ed3>] - eps: 0.1
[2023-08-21T12:30:44+0200.0775][INFO ][<ipython-input-27-bbbc76687ed3>] - eps: 0.01
[2023-08-21T12:33:00+0200.0387][INFO ][<ipython-input-27-bbbc76687ed3>] - eps: 0.001
[2023-08-21T12:36:16+0200.0595][INFO ][<ipython-input-27-bbbc76687ed3>] - eps: 0.0001
[2023-08-21T12:37:28+0200.0458][INFO ][<ipython-input-31-598ac6f1f495>] - Trajectory Optimisation Completed
[2023-08-21T12:37:28+0200.0461][INFO ][<ipython-input-31-598ac6f1f495>] - Distance travelled: 0.21261925958278788 m
[2023-08-21T12:37:28+0200.0463][INFO ][<ipython-input-31-598ac6f1f495>] - Gait Duration: 1.8790746023296707 s
[2023-08-21T12:37:28+0200.0465][INFO ][<ipython-input-31-598ac6f1f495>] - velocity (dist/time): 0.10999999999999997
[2023-08-21T12:37:28+0200.0467][INFO ][<ipython-input-31-598ac6f1f495>] - Final velocity: 0.06902505826882406
[2023-08-21T12:37:28+0200.0469][INFO ][<ipython-input-31-598ac6f1f495>] - average x velocity: 0.13135008212891586
[2023-08-21T12:37:28+0200.0471][INFO ][<ipython-input-31-598ac6f1f495>] - minimum x velocity: 0.04686107235623279
[2023-08-21T12:37:28+0200.0472][INFO ][<ipython-input-31-598ac6f1f495>] - maximum x velocity: 0.41350004743755825
[2023-08-21T12:37:28+0200.0474][INFO ][<ipython-input-31-598ac6f1f495>] - -------------------------------------------------------
[2023-08-21T12:48:46+0200.0259][INFO ][<ipython-input-1-00e2f401b4cd>] - -------------------------------------------------------
[2023-08-21T12:48:46+0200.0259][INFO ][<ipython-input-1-00e2f401b4cd>] - Gait name: TwoD_SS_56
[2023-08-21T12:48:46+0200.0259][INFO ][<ipython-input-1-00e2f401b4cd>] - 2D SS walk - initial and final positions the same
[2023-08-21T12:48:46+0200.0270][INFO ][<ipython-input-1-00e2f401b4cd>] - No contact order enforced, No body configuration enforced
[2023-08-21T12:48:46+0200.0272][INFO ][<ipython-input-1-00e2f401b4cd>] - Slip and friction implemented as slack variables
[2023-08-21T12:48:46+0200.0274][INFO ][<ipython-input-1-00e2f401b4cd>] - Cost func = return sum(((m.tau_h1[n]**2+m.tau_k1[n]**2+m.tau_h2[n]**2+m.tau_k2[n]**2+m.tau_h3[n]**2+m.tau_k3[n]**2+m.tau_h4[n]**2+m.tau_k4[n]**2)*m.h[n]) for n in range(1,N+1))/m.q0[N,'x']
[2023-08-21T12:48:46+0200.0276][INFO ][<ipython-input-1-00e2f401b4cd>] - Final eps value = 0.0001
[2023-08-21T12:48:46+0200.0278][INFO ][<ipython-input-1-00e2f401b4cd>] - m.vel = 0.12 m/s, m.distance = 0.05 m
[2023-08-21T12:48:46+0200.0280][INFO ][<ipython-input-1-00e2f401b4cd>] - Nodes = 20, time variable 0.3-0.01
[2023-08-21T12:48:46+0200.0281][INFO ][<ipython-input-1-00e2f401b4cd>] - Fixed knee constraints and added hip constraints
[2023-08-21T12:48:46+0200.0283][INFO ][<ipython-input-1-00e2f401b4cd>] - -------------------------------------------------------
[2023-08-21T12:50:21+0200.0058][INFO ][<ipython-input-27-bbbc76687ed3>] - eps: 1000.0
[2023-08-21T12:50:52+0200.0669][INFO ][<ipython-input-27-bbbc76687ed3>] - eps: 100.0
[2023-08-21T12:51:18+0200.0625][INFO ][<ipython-input-27-bbbc76687ed3>] - eps: 10.0
[2023-08-21T12:52:17+0200.0187][INFO ][<ipython-input-27-bbbc76687ed3>] - eps: 1.0
[2023-08-21T12:53:06+0200.0231][INFO ][<ipython-input-27-bbbc76687ed3>] - eps: 0.1
[2023-08-21T12:53:37+0200.0744][INFO ][<ipython-input-27-bbbc76687ed3>] - eps: 0.01
[2023-08-21T12:54:23+0200.0126][INFO ][<ipython-input-27-bbbc76687ed3>] - eps: 0.001
[2023-08-21T12:55:19+0200.0895][INFO ][<ipython-input-27-bbbc76687ed3>] - eps: 0.0001
[2023-08-21T12:56:09+0200.0410][INFO ][<ipython-input-31-598ac6f1f495>] - Trajectory Optimisation Completed
[2023-08-21T12:56:09+0200.0413][INFO ][<ipython-input-31-598ac6f1f495>] - Distance travelled: 0.15602372856657792 m
[2023-08-21T12:56:09+0200.0415][INFO ][<ipython-input-31-598ac6f1f495>] - Gait Duration: 1.1738859095653646 s
[2023-08-21T12:56:09+0200.0418][INFO ][<ipython-input-31-598ac6f1f495>] - velocity (dist/time): 0.11999999999999993
[2023-08-21T12:56:09+0200.0420][INFO ][<ipython-input-31-598ac6f1f495>] - Final velocity: 0.1628771048215614
[2023-08-21T12:56:09+0200.0422][INFO ][<ipython-input-31-598ac6f1f495>] - average x velocity: 0.12836665055821456
[2023-08-21T12:56:09+0200.0423][INFO ][<ipython-input-31-598ac6f1f495>] - minimum x velocity: 0.0916559410563995
[2023-08-21T12:56:09+0200.0426][INFO ][<ipython-input-31-598ac6f1f495>] - maximum x velocity: 0.24594931066115971
[2023-08-21T12:56:09+0200.0431][INFO ][<ipython-input-31-598ac6f1f495>] - -------------------------------------------------------
[2023-08-21T12:57:56+0200.0291][INFO ][<ipython-input-1-82c9802ffe52>] - -------------------------------------------------------
[2023-08-21T12:57:56+0200.0300][INFO ][<ipython-input-1-82c9802ffe52>] - Gait name: TwoD_SS_57
[2023-08-21T12:57:56+0200.0300][INFO ][<ipython-input-1-82c9802ffe52>] - 2D SS walk - initial and final positions the same
[2023-08-21T12:57:56+0200.0304][INFO ][<ipython-input-1-82c9802ffe52>] - No contact order enforced, No body configuration enforced
[2023-08-21T12:57:56+0200.0306][INFO ][<ipython-input-1-82c9802ffe52>] - Slip and friction implemented as slack variables
[2023-08-21T12:57:56+0200.0307][INFO ][<ipython-input-1-82c9802ffe52>] - Cost func = return sum(((m.tau_h1[n]**2+m.tau_k1[n]**2+m.tau_h2[n]**2+m.tau_k2[n]**2+m.tau_h3[n]**2+m.tau_k3[n]**2+m.tau_h4[n]**2+m.tau_k4[n]**2)*m.h[n]) for n in range(1,N+1))/m.q0[N,'x']
[2023-08-21T12:57:56+0200.0309][INFO ][<ipython-input-1-82c9802ffe52>] - Final eps value = 0.0001
[2023-08-21T12:57:56+0200.0311][INFO ][<ipython-input-1-82c9802ffe52>] - m.vel = 0.12 m/s, m.distance = 0.05 m
[2023-08-21T12:57:56+0200.0312][INFO ][<ipython-input-1-82c9802ffe52>] - Nodes = 40, time variable 0.3-0.01
[2023-08-21T12:57:56+0200.0314][INFO ][<ipython-input-1-82c9802ffe52>] - Fixed knee constraints and added hip constraints
[2023-08-21T12:57:56+0200.0317][INFO ][<ipython-input-1-82c9802ffe52>] - -------------------------------------------------------
[2023-08-21T13:00:32+0200.0338][INFO ][<ipython-input-27-bbbc76687ed3>] - eps: 1000.0
[2023-08-21T13:01:01+0200.0137][INFO ][<ipython-input-27-bbbc76687ed3>] - eps: 100.0
[2023-08-21T13:02:08+0200.0086][INFO ][<ipython-input-27-bbbc76687ed3>] - eps: 10.0
[2023-08-21T13:02:47+0200.0033][INFO ][<ipython-input-27-bbbc76687ed3>] - eps: 1.0
[2023-08-21T13:03:34+0200.0662][INFO ][<ipython-input-27-bbbc76687ed3>] - eps: 0.1
[2023-08-21T13:07:44+0200.0578][INFO ][<ipython-input-27-bbbc76687ed3>] - eps: 0.01
[2023-08-21T13:09:14+0200.0593][INFO ][<ipython-input-27-bbbc76687ed3>] - eps: 0.001
[2023-08-21T13:12:28+0200.0756][INFO ][<ipython-input-27-bbbc76687ed3>] - eps: 0.0001
[2023-08-21T13:15:20+0200.0975][INFO ][<ipython-input-31-598ac6f1f495>] - Trajectory Optimisation Completed
[2023-08-21T13:15:20+0200.0977][INFO ][<ipython-input-31-598ac6f1f495>] - Distance travelled: 0.1486667562104289 m
[2023-08-21T13:15:20+0200.0979][INFO ][<ipython-input-31-598ac6f1f495>] - Gait Duration: 1.181758490167649 s
[2023-08-21T13:15:20+0200.0981][INFO ][<ipython-input-31-598ac6f1f495>] - velocity (dist/time): 0.12000000000000004
[2023-08-21T13:15:20+0200.0983][INFO ][<ipython-input-31-598ac6f1f495>] - Final velocity: 0.15290314732677923
[2023-08-21T13:15:20+0200.0986][INFO ][<ipython-input-31-598ac6f1f495>] - average x velocity: 0.12821715469855066
[2023-08-21T13:15:20+0200.0988][INFO ][<ipython-input-31-598ac6f1f495>] - minimum x velocity: 0.0443735610274389
[2023-08-21T13:15:20+0200.0990][INFO ][<ipython-input-31-598ac6f1f495>] - maximum x velocity: 0.2470107491685983
[2023-08-21T13:15:20+0200.0991][INFO ][<ipython-input-31-598ac6f1f495>] - -------------------------------------------------------
[2023-08-21T13:17:11+0200.0445][INFO ][<ipython-input-1-85acd2953812>] - -------------------------------------------------------
[2023-08-21T13:17:11+0200.0445][INFO ][<ipython-input-1-85acd2953812>] - Gait name: TwoD_SS_58
[2023-08-21T13:17:11+0200.0445][INFO ][<ipython-input-1-85acd2953812>] - 2D SS walk - initial and final positions the same
[2023-08-21T13:17:11+0200.0462][INFO ][<ipython-input-1-85acd2953812>] - No contact order enforced, No body configuration enforced
[2023-08-21T13:17:11+0200.0464][INFO ][<ipython-input-1-85acd2953812>] - Slip and friction implemented as slack variables
[2023-08-21T13:17:11+0200.0466][INFO ][<ipython-input-1-85acd2953812>] - Cost func = return sum(((m.tau_h1[n]**2+m.tau_k1[n]**2+m.tau_h2[n]**2+m.tau_k2[n]**2+m.tau_h3[n]**2+m.tau_k3[n]**2+m.tau_h4[n]**2+m.tau_k4[n]**2)*m.h[n]) for n in range(1,N+1))/m.q0[N,'x']
[2023-08-21T13:17:11+0200.0468][INFO ][<ipython-input-1-85acd2953812>] - Final eps value = 0.0001
[2023-08-21T13:17:11+0200.0470][INFO ][<ipython-input-1-85acd2953812>] - m.vel = 0.15 m/s, m.distance = 0.05 m
[2023-08-21T13:17:11+0200.0472][INFO ][<ipython-input-1-85acd2953812>] - Nodes = 40, time variable 0.3-0.01
[2023-08-21T13:17:11+0200.0473][INFO ][<ipython-input-1-85acd2953812>] - Fixed knee constraints and added hip constraints
[2023-08-21T13:17:11+0200.0475][INFO ][<ipython-input-1-85acd2953812>] - -------------------------------------------------------
[2023-08-21T13:24:29+0200.0129][INFO ][<ipython-input-27-bbbc76687ed3>] - eps: 1000.0
[2023-08-21T13:26:23+0200.0799][INFO ][<ipython-input-27-bbbc76687ed3>] - eps: 100.0
[2023-08-21T13:27:38+0200.0888][INFO ][<ipython-input-27-bbbc76687ed3>] - eps: 10.0
[2023-08-21T13:28:21+0200.0179][INFO ][<ipython-input-27-bbbc76687ed3>] - eps: 1.0
[2023-08-21T13:30:07+0200.0741][INFO ][<ipython-input-27-bbbc76687ed3>] - eps: 0.1
[2023-08-21T13:31:23+0200.0070][INFO ][<ipython-input-27-bbbc76687ed3>] - eps: 0.01
[2023-08-21T13:36:32+0200.0241][INFO ][<ipython-input-27-bbbc76687ed3>] - eps: 0.001
[2023-08-21T13:41:32+0200.0791][INFO ][<ipython-input-27-bbbc76687ed3>] - eps: 0.0001
[2023-08-21T13:50:08+0200.0664][INFO ][<ipython-input-31-598ac6f1f495>] - Trajectory Optimisation Completed
[2023-08-21T13:50:08+0200.0667][INFO ][<ipython-input-31-598ac6f1f495>] - Distance travelled: 0.24404217899633643 m
[2023-08-21T13:50:08+0200.0670][INFO ][<ipython-input-31-598ac6f1f495>] - Gait Duration: 2.522180068138438 s
[2023-08-21T13:50:08+0200.0672][INFO ][<ipython-input-31-598ac6f1f495>] - velocity (dist/time): 0.15
[2023-08-21T13:50:08+0200.0674][INFO ][<ipython-input-31-598ac6f1f495>] - Final velocity: 0.22829911235069808
[2023-08-21T13:50:08+0200.0676][INFO ][<ipython-input-31-598ac6f1f495>] - average x velocity: 0.18251703744314554
[2023-08-21T13:50:08+0200.0677][INFO ][<ipython-input-31-598ac6f1f495>] - minimum x velocity: 0.04171038756011315
[2023-08-21T13:50:08+0200.0679][INFO ][<ipython-input-31-598ac6f1f495>] - maximum x velocity: 0.3877647513720779
[2023-08-21T13:50:08+0200.0681][INFO ][<ipython-input-31-598ac6f1f495>] - -------------------------------------------------------
[2023-08-21T13:51:07+0200.0072][INFO ][<ipython-input-1-2d3f7d2ec623>] - -------------------------------------------------------
[2023-08-21T13:51:07+0200.0072][INFO ][<ipython-input-1-2d3f7d2ec623>] - Gait name: TwoD_SS_59
[2023-08-21T13:51:07+0200.0072][INFO ][<ipython-input-1-2d3f7d2ec623>] - 2D SS walk - initial and final positions the same
[2023-08-21T13:51:07+0200.0086][INFO ][<ipython-input-1-2d3f7d2ec623>] - No contact order enforced, No body configuration enforced
[2023-08-21T13:51:07+0200.0087][INFO ][<ipython-input-1-2d3f7d2ec623>] - Slip and friction implemented as slack variables
[2023-08-21T13:51:07+0200.0089][INFO ][<ipython-input-1-2d3f7d2ec623>] - Cost func = return sum(((m.tau_h1[n]**2+m.tau_k1[n]**2+m.tau_h2[n]**2+m.tau_k2[n]**2+m.tau_h3[n]**2+m.tau_k3[n]**2+m.tau_h4[n]**2+m.tau_k4[n]**2)*m.h[n]) for n in range(1,N+1))/m.q0[N,'x']
[2023-08-21T13:51:07+0200.0091][INFO ][<ipython-input-1-2d3f7d2ec623>] - Final eps value = 0.0001
[2023-08-21T13:51:07+0200.0092][INFO ][<ipython-input-1-2d3f7d2ec623>] - m.vel = 0.14 m/s, m.distance = 0.05 m
[2023-08-21T13:51:07+0200.0093][INFO ][<ipython-input-1-2d3f7d2ec623>] - Nodes = 40, time variable 0.3-0.01
[2023-08-21T13:51:07+0200.0095][INFO ][<ipython-input-1-2d3f7d2ec623>] - Fixed knee constraints and added hip constraints
[2023-08-21T13:51:07+0200.0096][INFO ][<ipython-input-1-2d3f7d2ec623>] - -------------------------------------------------------
[2023-08-21T13:54:38+0200.0448][INFO ][<ipython-input-27-bbbc76687ed3>] - eps: 1000.0
[2023-08-21T13:55:12+0200.0741][INFO ][<ipython-input-27-bbbc76687ed3>] - eps: 100.0
[2023-08-21T13:55:57+0200.0192][INFO ][<ipython-input-27-bbbc76687ed3>] - eps: 10.0
[2023-08-21T13:56:50+0200.0198][INFO ][<ipython-input-27-bbbc76687ed3>] - eps: 1.0
[2023-08-21T13:57:22+0200.0235][INFO ][<ipython-input-27-bbbc76687ed3>] - eps: 0.1
[2023-08-21T13:58:16+0200.0097][INFO ][<ipython-input-27-bbbc76687ed3>] - eps: 0.01
[2023-08-21T14:00:01+0200.0436][INFO ][<ipython-input-27-bbbc76687ed3>] - eps: 0.001
[2023-08-21T14:11:05+0200.0766][INFO ][<ipython-input-27-bbbc76687ed3>] - eps: 0.0001
[2023-08-21T14:16:16+0200.0779][INFO ][<ipython-input-31-598ac6f1f495>] - Trajectory Optimisation Completed
[2023-08-21T14:16:16+0200.0782][INFO ][<ipython-input-31-598ac6f1f495>] - Distance travelled: 0.16536184223517209 m
[2023-08-21T14:16:16+0200.0784][INFO ][<ipython-input-31-598ac6f1f495>] - Gait Duration: 1.1534119152506426 s
[2023-08-21T14:16:16+0200.0786][INFO ][<ipython-input-31-598ac6f1f495>] - velocity (dist/time): 0.14000000000000004
[2023-08-21T14:16:16+0200.0788][INFO ][<ipython-input-31-598ac6f1f495>] - Final velocity: 0.2972410820832216
[2023-08-21T14:16:16+0200.0790][INFO ][<ipython-input-31-598ac6f1f495>] - average x velocity: 0.12257448275435982
[2023-08-21T14:16:16+0200.0792][INFO ][<ipython-input-31-598ac6f1f495>] - minimum x velocity: -0.000696668182912396
[2023-08-21T14:16:16+0200.0794][INFO ][<ipython-input-31-598ac6f1f495>] - maximum x velocity: 0.3158168451737683
[2023-08-21T14:16:16+0200.0797][INFO ][<ipython-input-31-598ac6f1f495>] - -------------------------------------------------------
[2023-08-21T14:19:55+0200.0584][INFO ][<ipython-input-1-333934011d2a>] - -------------------------------------------------------
[2023-08-21T14:19:55+0200.0591][INFO ][<ipython-input-1-333934011d2a>] - Gait name: TwoD_SS_60
[2023-08-21T14:19:55+0200.0591][INFO ][<ipython-input-1-333934011d2a>] - 2D SS walk - initial and final positions the same
[2023-08-21T14:19:55+0200.0594][INFO ][<ipython-input-1-333934011d2a>] - No contact order enforced, No body configuration enforced
[2023-08-21T14:19:55+0200.0596][INFO ][<ipython-input-1-333934011d2a>] - Slip and friction implemented as slack variables
[2023-08-21T14:19:55+0200.0598][INFO ][<ipython-input-1-333934011d2a>] - Cost func = return sum(((m.tau_h1[n]**2+m.tau_k1[n]**2+m.tau_h2[n]**2+m.tau_k2[n]**2+m.tau_h3[n]**2+m.tau_k3[n]**2+m.tau_h4[n]**2+m.tau_k4[n]**2)*m.h[n]) for n in range(1,N+1))/m.q0[N,'x']
[2023-08-21T14:19:55+0200.0600][INFO ][<ipython-input-1-333934011d2a>] - Final eps value = 0.0001
[2023-08-21T14:19:55+0200.0603][INFO ][<ipython-input-1-333934011d2a>] - m.vel = 0.13 m/s, m.distance = 0.05 m
[2023-08-21T14:19:55+0200.0604][INFO ][<ipython-input-1-333934011d2a>] - Nodes = 40, time variable 0.3-0.01
[2023-08-21T14:19:55+0200.0606][INFO ][<ipython-input-1-333934011d2a>] - Fixed knee constraints and added hip constraints
[2023-08-21T14:19:55+0200.0608][INFO ][<ipython-input-1-333934011d2a>] - -------------------------------------------------------
[2023-08-21T14:25:11+0200.0924][INFO ][<ipython-input-27-bbbc76687ed3>] - eps: 1000.0
[2023-08-21T14:27:09+0200.0346][INFO ][<ipython-input-27-bbbc76687ed3>] - eps: 100.0
[2023-08-21T14:27:46+0200.0486][INFO ][<ipython-input-27-bbbc76687ed3>] - eps: 10.0
[2023-08-21T14:28:49+0200.0029][INFO ][<ipython-input-27-bbbc76687ed3>] - eps: 1.0
[2023-08-21T14:29:16+0200.0338][INFO ][<ipython-input-27-bbbc76687ed3>] - eps: 0.1
[2023-08-21T14:30:15+0200.0413][INFO ][<ipython-input-27-bbbc76687ed3>] - eps: 0.01
[2023-08-21T14:32:00+0200.0971][INFO ][<ipython-input-27-bbbc76687ed3>] - eps: 0.001
[2023-08-21T14:35:23+0200.0405][INFO ][<ipython-input-27-bbbc76687ed3>] - eps: 0.0001
[2023-08-21T14:39:00+0200.0724][INFO ][<ipython-input-31-598ac6f1f495>] - Trajectory Optimisation Completed
[2023-08-21T14:39:00+0200.0726][INFO ][<ipython-input-31-598ac6f1f495>] - Distance travelled: 0.27425485148443474 m
[2023-08-21T14:39:00+0200.0728][INFO ][<ipython-input-31-598ac6f1f495>] - Gait Duration: 1.8150005065396861 s
[2023-08-21T14:39:00+0200.0730][INFO ][<ipython-input-31-598ac6f1f495>] - velocity (dist/time): 0.12999999999999995
[2023-08-21T14:39:00+0200.0732][INFO ][<ipython-input-31-598ac6f1f495>] - Final velocity: 0.028352395158033266
[2023-08-21T14:39:00+0200.0734][INFO ][<ipython-input-31-598ac6f1f495>] - average x velocity: 0.11619834749503093
[2023-08-21T14:39:00+0200.0736][INFO ][<ipython-input-31-598ac6f1f495>] - minimum x velocity: 0.008500898705135982
[2023-08-21T14:39:00+0200.0738][INFO ][<ipython-input-31-598ac6f1f495>] - maximum x velocity: 0.3349478577550354
[2023-08-21T14:39:00+0200.0740][INFO ][<ipython-input-31-598ac6f1f495>] - -------------------------------------------------------
[2023-08-21T14:40:50+0200.0473][INFO ][<ipython-input-1-756913fb91a7>] - -------------------------------------------------------
[2023-08-21T14:40:50+0200.0473][INFO ][<ipython-input-1-756913fb91a7>] - Gait name: TwoD_SS_61
[2023-08-21T14:40:50+0200.0480][INFO ][<ipython-input-1-756913fb91a7>] - 2D SS walk - initial and final positions the same
[2023-08-21T14:40:50+0200.0482][INFO ][<ipython-input-1-756913fb91a7>] - No contact order enforced, No body configuration enforced
[2023-08-21T14:40:50+0200.0484][INFO ][<ipython-input-1-756913fb91a7>] - Slip and friction implemented as slack variables
[2023-08-21T14:40:50+0200.0487][INFO ][<ipython-input-1-756913fb91a7>] - Cost func = return sum(((m.tau_h1[n]**2+m.tau_k1[n]**2+m.tau_h2[n]**2+m.tau_k2[n]**2+m.tau_h3[n]**2+m.tau_k3[n]**2+m.tau_h4[n]**2+m.tau_k4[n]**2)*m.h[n]) for n in range(1,N+1))/m.q0[N,'x']
[2023-08-21T14:40:50+0200.0489][INFO ][<ipython-input-1-756913fb91a7>] - Final eps value = 0.0001
[2023-08-21T14:40:50+0200.0491][INFO ][<ipython-input-1-756913fb91a7>] - m.vel = 0.12 m/s, m.distance = 0.05 m
[2023-08-21T14:40:50+0200.0493][INFO ][<ipython-input-1-756913fb91a7>] - Nodes = 40, time variable 0.3-0.01
[2023-08-21T14:40:50+0200.0495][INFO ][<ipython-input-1-756913fb91a7>] - Fixed knee constraints and added hip constraints
[2023-08-21T14:40:50+0200.0497][INFO ][<ipython-input-1-756913fb91a7>] - -------------------------------------------------------
[2023-08-21T14:44:47+0200.0114][INFO ][<ipython-input-27-bbbc76687ed3>] - eps: 1000.0
[2023-08-21T14:45:16+0200.0350][INFO ][<ipython-input-27-bbbc76687ed3>] - eps: 100.0
[2023-08-21T15:23:00+0200.0000][INFO ][<ipython-input-27-bbbc76687ed3>] - eps: 10.0
[2023-08-21T15:25:22+0200.0282][INFO ][<ipython-input-27-bbbc76687ed3>] - eps: 1.0
[2023-08-21T15:34:43+0200.0313][INFO ][<ipython-input-27-bbbc76687ed3>] - eps: 0.1
[2023-08-21T15:38:37+0200.0418][INFO ][<ipython-input-27-bbbc76687ed3>] - eps: 0.01
[2023-08-21T15:42:37+0200.0709][INFO ][<ipython-input-27-bbbc76687ed3>] - eps: 0.001
[2023-08-21T15:57:09+0200.0741][INFO ][<ipython-input-27-bbbc76687ed3>] - eps: 0.0001
[2023-08-21T16:06:24+0200.0630][INFO ][<ipython-input-31-598ac6f1f495>] - Trajectory Optimisation Completed
[2023-08-21T16:06:24+0200.0632][INFO ][<ipython-input-31-598ac6f1f495>] - Distance travelled: 0.3837803159671698 m
[2023-08-21T16:06:24+0200.0634][INFO ][<ipython-input-31-598ac6f1f495>] - Gait Duration: 3.151155083363161 s
[2023-08-21T16:06:24+0200.0637][INFO ][<ipython-input-31-598ac6f1f495>] - velocity (dist/time): 0.11999999999999995
[2023-08-21T16:06:24+0200.0639][INFO ][<ipython-input-31-598ac6f1f495>] - Final velocity: 0.0612116485968707
[2023-08-21T16:06:24+0200.0640][INFO ][<ipython-input-31-598ac6f1f495>] - average x velocity: 0.15841680950645565
[2023-08-21T16:06:24+0200.0642][INFO ][<ipython-input-31-598ac6f1f495>] - minimum x velocity: -0.03623645383885695
[2023-08-21T16:06:24+0200.0644][INFO ][<ipython-input-31-598ac6f1f495>] - maximum x velocity: 0.5754427570615508
[2023-08-21T16:06:24+0200.0645][INFO ][<ipython-input-31-598ac6f1f495>] - -------------------------------------------------------
